#
# A fatal error has been detected by the Java Runtime Environment:
#
#  SIGSEGV (0xb) at pc=0x00007fbc54017868, pid=7556, tid=7591
#
# JRE version: OpenJDK Runtime Environment (17.0.9+9) (build 17.0.9+9-Ubuntu-122.04)
# Java VM: OpenJDK 64-Bit Server VM (17.0.9+9-Ubuntu-122.04, mixed mode, sharing, tiered, compressed oops, compressed class ptrs, g1 gc, linux-amd64)
# Problematic frame:
# C  [temp-FlipLib7351920056663460172+0x7868]  std::vector<Pixel, std::allocator<Pixel> >::operator[](unsigned long)+0x14
#
# No core dump will be written. Core dumps have been disabled. To enable core dumping, try "ulimit -c unlimited" before starting Java again
#
# If you would like to submit a bug report, please visit:
#   Unknown
# The crash happened outside the Java Virtual Machine in native code.
# See problematic frame for where to report the bug.
#

---------------  S U M M A R Y ------------

Command Line: target/imageEffectApplication-0.0.1-SNAPSHOT.jar

Host: Intel(R) Core(TM) i5-8265U CPU @ 1.60GHz, 8 cores, 3G, Ubuntu 22.04.3 LTS
Time: Fri Dec  8 10:07:00 2023 IST elapsed time: 22.029101 seconds (0d 0h 0m 22s)

---------------  T H R E A D  ---------------

Current thread (0x00007fbc708d0730):  JavaThread "http-nio-8000-exec-2" daemon [_thread_in_native, id=7591, stack(0x00007fbc461f1000,0x00007fbc462f1000)]

Stack: [0x00007fbc461f1000,0x00007fbc462f1000],  sp=0x00007fbc462ed850,  free space=1010k
Native frames: (J=compiled Java code, j=interpreted, Vv=VM code, C=native code)
C  [temp-FlipLib7351920056663460172+0x7868]  std::vector<Pixel, std::allocator<Pixel> >::operator[](unsigned long)+0x14
C  [temp-FlipLib7351920056663460172+0x7716]  applyFlip(std::vector<std::vector<Pixel, std::allocator<Pixel> >, std::allocator<std::vector<Pixel, std::allocator<Pixel> > > >&, int, int)+0xbd
C  [temp-FlipLib7351920056663460172+0x7bcb]  Java_com_iiitb_imageEffectApplication_libraryInterfaces_FlipInterface_applyFlip+0x2e8
j  com.iiitb.imageEffectApplication.libraryInterfaces.FlipInterface.applyFlip([[Lcom/iiitb/imageEffectApplication/libraryInterfaces/Pixel;II)[[Lcom/iiitb/imageEffectApplication/libraryInterfaces/Pixel;+0
j  com.iiitb.imageEffectApplication.service.PhotoEffectService.applyFlipEffect(Lorg/springframework/web/multipart/MultipartFile;II)Lorg/springframework/http/ResponseEntity;+36
j  com.iiitb.imageEffectApplication.controller.PhotoController.applyFlipEffect(IILorg/springframework/web/multipart/MultipartFile;)Lorg/springframework/http/ResponseEntity;+7
v  ~StubRoutines::call_stub
V  [libjvm.so+0x838e25]  JavaCalls::call_helper(JavaValue*, methodHandle const&, JavaCallArguments*, JavaThread*)+0x325
V  [libjvm.so+0xcc7dde]  invoke(InstanceKlass*, methodHandle const&, Handle, bool, objArrayHandle, BasicType, objArrayHandle, bool, JavaThread*) [clone .constprop.0]+0x56e
V  [libjvm.so+0xcc8d8b]  Reflection::invoke_method(oopDesc*, Handle, objArrayHandle, JavaThread*)+0x15b
V  [libjvm.so+0x910adb]  JVM_InvokeMethod+0x14b
j  jdk.internal.reflect.NativeMethodAccessorImpl.invoke0(Ljava/lang/reflect/Method;Ljava/lang/Object;[Ljava/lang/Object;)Ljava/lang/Object;+0 java.base@17.0.9
j  jdk.internal.reflect.NativeMethodAccessorImpl.invoke(Ljava/lang/Object;[Ljava/lang/Object;)Ljava/lang/Object;+133 java.base@17.0.9
j  jdk.internal.reflect.DelegatingMethodAccessorImpl.invoke(Ljava/lang/Object;[Ljava/lang/Object;)Ljava/lang/Object;+6 java.base@17.0.9
j  java.lang.reflect.Method.invoke(Ljava/lang/Object;[Ljava/lang/Object;)Ljava/lang/Object;+59 java.base@17.0.9
j  org.springframework.web.method.support.InvocableHandlerMethod.doInvoke([Ljava/lang/Object;)Ljava/lang/Object;+29
j  org.springframework.web.method.support.InvocableHandlerMethod.invokeForRequest(Lorg/springframework/web/context/request/NativeWebRequest;Lorg/springframework/web/method/support/ModelAndViewContainer;[Ljava/lang/Object;)Ljava/lang/Object;+41
j  org.springframework.web.servlet.mvc.method.annotation.ServletInvocableHandlerMethod.invokeAndHandle(Lorg/springframework/web/context/request/ServletWebRequest;Lorg/springframework/web/method/support/ModelAndViewContainer;[Ljava/lang/Object;)V+4
j  org.springframework.web.servlet.mvc.method.annotation.RequestMappingHandlerAdapter.invokeHandlerMethod(Ljakarta/servlet/http/HttpServletRequest;Ljakarta/servlet/http/HttpServletResponse;Lorg/springframework/web/method/HandlerMethod;)Lorg/springframework/web/servlet/ModelAndView;+244
j  org.springframework.web.servlet.mvc.method.annotation.RequestMappingHandlerAdapter.handleInternal(Ljakarta/servlet/http/HttpServletRequest;Ljakarta/servlet/http/HttpServletResponse;Lorg/springframework/web/method/HandlerMethod;)Lorg/springframework/web/servlet/ModelAndView;+81
j  org.springframework.web.servlet.mvc.method.AbstractHandlerMethodAdapter.handle(Ljakarta/servlet/http/HttpServletRequest;Ljakarta/servlet/http/HttpServletResponse;Ljava/lang/Object;)Lorg/springframework/web/servlet/ModelAndView;+7
j  org.springframework.web.servlet.DispatcherServlet.doDispatch(Ljakarta/servlet/http/HttpServletRequest;Ljakarta/servlet/http/HttpServletResponse;)V+259
j  org.springframework.web.servlet.DispatcherServlet.doService(Ljakarta/servlet/http/HttpServletRequest;Ljakarta/servlet/http/HttpServletResponse;)V+242
j  org.springframework.web.servlet.FrameworkServlet.processRequest(Ljakarta/servlet/http/HttpServletRequest;Ljakarta/servlet/http/HttpServletResponse;)V+70
j  org.springframework.web.servlet.FrameworkServlet.doPost(Ljakarta/servlet/http/HttpServletRequest;Ljakarta/servlet/http/HttpServletResponse;)V+3
j  jakarta.servlet.http.HttpServlet.service(Ljakarta/servlet/http/HttpServletRequest;Ljakarta/servlet/http/HttpServletResponse;)V+149
j  org.springframework.web.servlet.FrameworkServlet.service(Ljakarta/servlet/http/HttpServletRequest;Ljakarta/servlet/http/HttpServletResponse;)V+20
j  jakarta.servlet.http.HttpServlet.service(Ljakarta/servlet/ServletRequest;Ljakarta/servlet/ServletResponse;)V+36
j  org.apache.catalina.core.ApplicationFilterChain.internalDoFilter(Ljakarta/servlet/ServletRequest;Ljakarta/servlet/ServletResponse;)V+305
j  org.apache.catalina.core.ApplicationFilterChain.doFilter(Ljakarta/servlet/ServletRequest;Ljakarta/servlet/ServletResponse;)V+99
j  org.apache.tomcat.websocket.server.WsFilter.doFilter(Ljakarta/servlet/ServletRequest;Ljakarta/servlet/ServletResponse;Ljakarta/servlet/FilterChain;)V+21
j  org.apache.catalina.core.ApplicationFilterChain.internalDoFilter(Ljakarta/servlet/ServletRequest;Ljakarta/servlet/ServletResponse;)V+135
j  org.apache.catalina.core.ApplicationFilterChain.doFilter(Ljakarta/servlet/ServletRequest;Ljakarta/servlet/ServletResponse;)V+99
j  org.springframework.web.filter.CharacterEncodingFilter.doFilterInternal(Ljakarta/servlet/http/HttpServletRequest;Ljakarta/servlet/http/HttpServletResponse;Ljakarta/servlet/FilterChain;)V+53
j  org.springframework.web.filter.OncePerRequestFilter.doFilter(Ljakarta/servlet/ServletRequest;Ljakarta/servlet/ServletResponse;Ljakarta/servlet/FilterChain;)V+150
j  org.apache.catalina.core.ApplicationFilterChain.internalDoFilter(Ljakarta/servlet/ServletRequest;Ljakarta/servlet/ServletResponse;)V+135
j  org.apache.catalina.core.ApplicationFilterChain.doFilter(Ljakarta/servlet/ServletRequest;Ljakarta/servlet/ServletResponse;)V+99
j  org.apache.catalina.core.StandardWrapperValve.invoke(Lorg/apache/catalina/connector/Request;Lorg/apache/catalina/connector/Response;)V+514
j  org.apache.catalina.core.StandardContextValve.invoke(Lorg/apache/catalina/connector/Request;Lorg/apache/catalina/connector/Response;)V+169
j  org.apache.catalina.authenticator.AuthenticatorBase.invoke(Lorg/apache/catalina/connector/Request;Lorg/apache/catalina/connector/Response;)V+218
j  org.apache.catalina.core.StandardHostValve.invoke(Lorg/apache/catalina/connector/Request;Lorg/apache/catalina/connector/Response;)V+131
j  org.apache.catalina.valves.ErrorReportValve.invoke(Lorg/apache/catalina/connector/Request;Lorg/apache/catalina/connector/Response;)V+6
j  org.apache.catalina.core.StandardEngineValve.invoke(Lorg/apache/catalina/connector/Request;Lorg/apache/catalina/connector/Response;)V+59
j  org.apache.catalina.connector.CoyoteAdapter.service(Lorg/apache/coyote/Request;Lorg/apache/coyote/Response;)V+187
j  org.apache.coyote.http11.Http11Processor.service(Lorg/apache/tomcat/util/net/SocketWrapperBase;)Lorg/apache/tomcat/util/net/AbstractEndpoint$Handler$SocketState;+785
j  org.apache.coyote.AbstractProcessorLight.process(Lorg/apache/tomcat/util/net/SocketWrapperBase;Lorg/apache/tomcat/util/net/SocketEvent;)Lorg/apache/tomcat/util/net/AbstractEndpoint$Handler$SocketState;+152
j  org.apache.coyote.AbstractProtocol$ConnectionHandler.process(Lorg/apache/tomcat/util/net/SocketWrapperBase;Lorg/apache/tomcat/util/net/SocketEvent;)Lorg/apache/tomcat/util/net/AbstractEndpoint$Handler$SocketState;+482
j  org.apache.tomcat.util.net.NioEndpoint$SocketProcessor.doRun()V+249
j  org.apache.tomcat.util.net.SocketProcessorBase.run()V+32
j  org.apache.tomcat.util.threads.ThreadPoolExecutor.runWorker(Lorg/apache/tomcat/util/threads/ThreadPoolExecutor$Worker;)V+92
j  org.apache.tomcat.util.threads.ThreadPoolExecutor$Worker.run()V+5
j  org.apache.tomcat.util.threads.TaskThread$WrappingRunnable.run()V+4
j  java.lang.Thread.run()V+11 java.base@17.0.9
v  ~StubRoutines::call_stub
V  [libjvm.so+0x838e25]  JavaCalls::call_helper(JavaValue*, methodHandle const&, JavaCallArguments*, JavaThread*)+0x325
V  [libjvm.so+0x83a492]  JavaCalls::call_virtual(JavaValue*, Handle, Klass*, Symbol*, Symbol*, JavaThread*)+0x1b2
V  [libjvm.so+0x905217]  thread_entry(JavaThread*, JavaThread*)+0xa7
V  [libjvm.so+0xeadb33]  JavaThread::thread_main_inner()+0xe3
V  [libjvm.so+0xeb1504]  Thread::call_run()+0xc4
V  [libjvm.so+0xc3c6c9]  thread_native_entry(Thread*)+0xe9

Java frames: (J=compiled Java code, j=interpreted, Vv=VM code)
j  com.iiitb.imageEffectApplication.libraryInterfaces.FlipInterface.applyFlip([[Lcom/iiitb/imageEffectApplication/libraryInterfaces/Pixel;II)[[Lcom/iiitb/imageEffectApplication/libraryInterfaces/Pixel;+0
j  com.iiitb.imageEffectApplication.service.PhotoEffectService.applyFlipEffect(Lorg/springframework/web/multipart/MultipartFile;II)Lorg/springframework/http/ResponseEntity;+36
j  com.iiitb.imageEffectApplication.controller.PhotoController.applyFlipEffect(IILorg/springframework/web/multipart/MultipartFile;)Lorg/springframework/http/ResponseEntity;+7
v  ~StubRoutines::call_stub
j  jdk.internal.reflect.NativeMethodAccessorImpl.invoke0(Ljava/lang/reflect/Method;Ljava/lang/Object;[Ljava/lang/Object;)Ljava/lang/Object;+0 java.base@17.0.9
j  jdk.internal.reflect.NativeMethodAccessorImpl.invoke(Ljava/lang/Object;[Ljava/lang/Object;)Ljava/lang/Object;+133 java.base@17.0.9
j  jdk.internal.reflect.DelegatingMethodAccessorImpl.invoke(Ljava/lang/Object;[Ljava/lang/Object;)Ljava/lang/Object;+6 java.base@17.0.9
j  java.lang.reflect.Method.invoke(Ljava/lang/Object;[Ljava/lang/Object;)Ljava/lang/Object;+59 java.base@17.0.9
j  org.springframework.web.method.support.InvocableHandlerMethod.doInvoke([Ljava/lang/Object;)Ljava/lang/Object;+29
j  org.springframework.web.method.support.InvocableHandlerMethod.invokeForRequest(Lorg/springframework/web/context/request/NativeWebRequest;Lorg/springframework/web/method/support/ModelAndViewContainer;[Ljava/lang/Object;)Ljava/lang/Object;+41
j  org.springframework.web.servlet.mvc.method.annotation.ServletInvocableHandlerMethod.invokeAndHandle(Lorg/springframework/web/context/request/ServletWebRequest;Lorg/springframework/web/method/support/ModelAndViewContainer;[Ljava/lang/Object;)V+4
j  org.springframework.web.servlet.mvc.method.annotation.RequestMappingHandlerAdapter.invokeHandlerMethod(Ljakarta/servlet/http/HttpServletRequest;Ljakarta/servlet/http/HttpServletResponse;Lorg/springframework/web/method/HandlerMethod;)Lorg/springframework/web/servlet/ModelAndView;+244
j  org.springframework.web.servlet.mvc.method.annotation.RequestMappingHandlerAdapter.handleInternal(Ljakarta/servlet/http/HttpServletRequest;Ljakarta/servlet/http/HttpServletResponse;Lorg/springframework/web/method/HandlerMethod;)Lorg/springframework/web/servlet/ModelAndView;+81
j  org.springframework.web.servlet.mvc.method.AbstractHandlerMethodAdapter.handle(Ljakarta/servlet/http/HttpServletRequest;Ljakarta/servlet/http/HttpServletResponse;Ljava/lang/Object;)Lorg/springframework/web/servlet/ModelAndView;+7
j  org.springframework.web.servlet.DispatcherServlet.doDispatch(Ljakarta/servlet/http/HttpServletRequest;Ljakarta/servlet/http/HttpServletResponse;)V+259
j  org.springframework.web.servlet.DispatcherServlet.doService(Ljakarta/servlet/http/HttpServletRequest;Ljakarta/servlet/http/HttpServletResponse;)V+242
j  org.springframework.web.servlet.FrameworkServlet.processRequest(Ljakarta/servlet/http/HttpServletRequest;Ljakarta/servlet/http/HttpServletResponse;)V+70
j  org.springframework.web.servlet.FrameworkServlet.doPost(Ljakarta/servlet/http/HttpServletRequest;Ljakarta/servlet/http/HttpServletResponse;)V+3
j  jakarta.servlet.http.HttpServlet.service(Ljakarta/servlet/http/HttpServletRequest;Ljakarta/servlet/http/HttpServletResponse;)V+149
j  org.springframework.web.servlet.FrameworkServlet.service(Ljakarta/servlet/http/HttpServletRequest;Ljakarta/servlet/http/HttpServletResponse;)V+20
j  jakarta.servlet.http.HttpServlet.service(Ljakarta/servlet/ServletRequest;Ljakarta/servlet/ServletResponse;)V+36
j  org.apache.catalina.core.ApplicationFilterChain.internalDoFilter(Ljakarta/servlet/ServletRequest;Ljakarta/servlet/ServletResponse;)V+305
j  org.apache.catalina.core.ApplicationFilterChain.doFilter(Ljakarta/servlet/ServletRequest;Ljakarta/servlet/ServletResponse;)V+99
j  org.apache.tomcat.websocket.server.WsFilter.doFilter(Ljakarta/servlet/ServletRequest;Ljakarta/servlet/ServletResponse;Ljakarta/servlet/FilterChain;)V+21
j  org.apache.catalina.core.ApplicationFilterChain.internalDoFilter(Ljakarta/servlet/ServletRequest;Ljakarta/servlet/ServletResponse;)V+135
j  org.apache.catalina.core.ApplicationFilterChain.doFilter(Ljakarta/servlet/ServletRequest;Ljakarta/servlet/ServletResponse;)V+99
j  org.springframework.web.filter.CharacterEncodingFilter.doFilterInternal(Ljakarta/servlet/http/HttpServletRequest;Ljakarta/servlet/http/HttpServletResponse;Ljakarta/servlet/FilterChain;)V+53
j  org.springframework.web.filter.OncePerRequestFilter.doFilter(Ljakarta/servlet/ServletRequest;Ljakarta/servlet/ServletResponse;Ljakarta/servlet/FilterChain;)V+150
j  org.apache.catalina.core.ApplicationFilterChain.internalDoFilter(Ljakarta/servlet/ServletRequest;Ljakarta/servlet/ServletResponse;)V+135
j  org.apache.catalina.core.ApplicationFilterChain.doFilter(Ljakarta/servlet/ServletRequest;Ljakarta/servlet/ServletResponse;)V+99
j  org.apache.catalina.core.StandardWrapperValve.invoke(Lorg/apache/catalina/connector/Request;Lorg/apache/catalina/connector/Response;)V+514
j  org.apache.catalina.core.StandardContextValve.invoke(Lorg/apache/catalina/connector/Request;Lorg/apache/catalina/connector/Response;)V+169
j  org.apache.catalina.authenticator.AuthenticatorBase.invoke(Lorg/apache/catalina/connector/Request;Lorg/apache/catalina/connector/Response;)V+218
j  org.apache.catalina.core.StandardHostValve.invoke(Lorg/apache/catalina/connector/Request;Lorg/apache/catalina/connector/Response;)V+131
j  org.apache.catalina.valves.ErrorReportValve.invoke(Lorg/apache/catalina/connector/Request;Lorg/apache/catalina/connector/Response;)V+6
j  org.apache.catalina.core.StandardEngineValve.invoke(Lorg/apache/catalina/connector/Request;Lorg/apache/catalina/connector/Response;)V+59
j  org.apache.catalina.connector.CoyoteAdapter.service(Lorg/apache/coyote/Request;Lorg/apache/coyote/Response;)V+187
j  org.apache.coyote.http11.Http11Processor.service(Lorg/apache/tomcat/util/net/SocketWrapperBase;)Lorg/apache/tomcat/util/net/AbstractEndpoint$Handler$SocketState;+785
j  org.apache.coyote.AbstractProcessorLight.process(Lorg/apache/tomcat/util/net/SocketWrapperBase;Lorg/apache/tomcat/util/net/SocketEvent;)Lorg/apache/tomcat/util/net/AbstractEndpoint$Handler$SocketState;+152
j  org.apache.coyote.AbstractProtocol$ConnectionHandler.process(Lorg/apache/tomcat/util/net/SocketWrapperBase;Lorg/apache/tomcat/util/net/SocketEvent;)Lorg/apache/tomcat/util/net/AbstractEndpoint$Handler$SocketState;+482
j  org.apache.tomcat.util.net.NioEndpoint$SocketProcessor.doRun()V+249
j  org.apache.tomcat.util.net.SocketProcessorBase.run()V+32
j  org.apache.tomcat.util.threads.ThreadPoolExecutor.runWorker(Lorg/apache/tomcat/util/threads/ThreadPoolExecutor$Worker;)V+92
j  org.apache.tomcat.util.threads.ThreadPoolExecutor$Worker.run()V+5
j  org.apache.tomcat.util.threads.TaskThread$WrappingRunnable.run()V+4
j  java.lang.Thread.run()V+11 java.base@17.0.9
v  ~StubRoutines::call_stub

siginfo: si_signo: 11 (SIGSEGV), si_code: 1 (SEGV_MAPERR), si_addr: 0x0000000000000000

Registers:
RAX=0x0000000000000000, RBX=0x00007fbb8c00948c, RCX=0x0000000000000000, RDX=0x0000000000000000
RSP=0x00007fbc462ed850, RBP=0x00007fbc462ed850, RSI=0x0000000000000000, RDI=0x0000000000000000
R8 =0x0000000000000000, R9 =0x00007fbb8c2d3370, R10=0x00007fbc54010b10, R11=0x00007fbc54017854
R12=0x0000000000000000, R13=0x00007fbbf8a55130, R14=0x00007fbc462eda60, R15=0x00007fbc708d0730
RIP=0x00007fbc54017868, EFLAGS=0x0000000000010246, CSGSFS=0x002b000000000033, ERR=0x0000000000000004
  TRAPNO=0x000000000000000e


Register to memory mapping:

RAX=0x0 is NULL
RBX=0x00007fbb8c00948c points into unknown readable memory: 00 00 00 00
RCX=0x0 is NULL
RDX=0x0 is NULL
RSP=0x00007fbc462ed850 is pointing into the stack for thread: 0x00007fbc708d0730
RBP=0x00007fbc462ed850 is pointing into the stack for thread: 0x00007fbc708d0730
RSI=0x0 is NULL
RDI=0x0 is NULL
R8 =0x0 is NULL
R9 =0x00007fbb8c2d3370 points into unknown readable memory: 0x000000c5000000c9 | c9 00 00 00 c5 00 00 00
R10=0x00007fbc54010b10: <offset 0x0000000000000b10> in /tmp/temp-FlipLib7351920056663460172 at 0x00007fbc54010000
R11=0x00007fbc54017854: _ZNSt6vectorI5PixelSaIS0_EEixEm+0x0000000000000000 in /tmp/temp-FlipLib7351920056663460172 at 0x00007fbc54010000
R12=0x0 is NULL
R13=0x00007fbbf8a55130 is pointing into metadata
R14=0x00007fbc462eda60 is pointing into the stack for thread: 0x00007fbc708d0730
R15=0x00007fbc708d0730 is a thread


Top of Stack: (sp=0x00007fbc462ed850)
0x00007fbc462ed850:   00007fbc462ed8a0 00007fbc54017716
0x00007fbc462ed860:   00007fbc462ed880 0000000000000000
0x00007fbc462ed870:   00007fbc462ed970 00007fbc462ed990
0x00007fbc462ed880:   0000000000000000 000001240000016e
0x00007fbc462ed890:   00007fbbf8a55140 00007fbbf8a55140
0x00007fbc462ed8a0:   00007fbc462ed9c0 00007fbc54017bcb
0x00007fbc462ed8b0:   0000000000000000 00007fbc462eda60
0x00007fbc462ed8c0:   00007fbc462eda40 00007fbc708d09e0
0x00007fbc462ed8d0:   00007fbc75ba82f0 000001240000016e
0x00007fbc462ed8e0:   00007fbbf8a55300 000000000000016e
0x00007fbc462ed8f0:   0000000000000000 0000005500000124
0x00007fbc462ed900:   0000002a00000082 00007fbb8c2cd628
0x00007fbc462ed910:   00007fbb8c2cfd78 0000000000000000
0x00007fbc462ed920:   00007fbc75c9d300 0000000000000000
0x00007fbc462ed930:   0000000000000000 00007fbb8c2cd620
0x00007fbc462ed940:   00007fbb8c2cfd70 0000000000000032
0x00007fbc462ed950:   0000000000000042 0000000000000052
0x00007fbc462ed960:   00000055462eda60 0000002a00000082
0x00007fbc462ed970:   00007fbb8c213fa0 00007fbb8c2161f0
0x00007fbc462ed980:   00007fbb8c216fa0 00007fbc708d0730
0x00007fbc462ed990:   0000000000000000 0000000000000000
0x00007fbc462ed9a0:   0000000000000000 78eabf4977ba4600
0x00007fbc462ed9b0:   00007fbbf8a55140 0000000000000000
0x00007fbc462ed9c0:   00007fbc462eda30 00007fbc60adc51a
0x00007fbc462ed9d0:   00007fbc462eda30 00007fbc60adc29e
0x00007fbc462ed9e0:   00007fbc60adc256 00007fbc462ed9e8
0x00007fbc462ed9f0:   00007fbbf8a55130 00007fbc462eda60
0x00007fbc462eda00:   00007fbbf8a55250 0000000000000000
0x00007fbc462eda10:   00000000c68014c8 00007fbbf8a55140
0x00007fbc462eda20:   0000000000000000 00007fbc462eda50
0x00007fbc462eda30:   00007fbc462edab0 00007fbc60ad8397
0x00007fbc462eda40:   00000000c68014c8 00007fbc60ad9f7b 

Instructions: (pc=0x00007fbc54017868)
0x00007fbc54017768:   c3 90 f3 0f 1e fa 55 48 89 e5 48 83 ec 10 48 89
0x00007fbc54017778:   7d f8 48 8b 45 f8 48 89 c7 e8 ca f7 ff ff 90 c9
0x00007fbc54017788:   c3 90 f3 0f 1e fa 55 48 89 e5 48 83 ec 10 48 89
0x00007fbc54017798:   7d f8 48 8b 45 f8 48 89 c7 e8 7a fa ff ff 48 8b
0x00007fbc540177a8:   45 f8 48 89 c7 e8 2e fb ff ff 90 c9 c3 90 f3 0f
0x00007fbc540177b8:   1e fa 55 48 89 e5 48 89 7d f8 48 8b 45 f8 48 8b
0x00007fbc540177c8:   50 08 48 8b 45 f8 48 8b 08 48 89 d0 48 29 c8 48
0x00007fbc540177d8:   c1 f8 03 48 89 c2 48 b8 ab aa aa aa aa aa aa aa
0x00007fbc540177e8:   48 0f af c2 5d c3 f3 0f 1e fa 55 48 89 e5 48 89
0x00007fbc540177f8:   7d f8 48 89 75 f0 48 8b 45 f8 48 8b 08 48 8b 55
0x00007fbc54017808:   f0 48 89 d0 48 01 c0 48 01 d0 48 c1 e0 03 48 01
0x00007fbc54017818:   c8 5d c3 90 f3 0f 1e fa 55 48 89 e5 48 89 7d f8
0x00007fbc54017828:   48 8b 45 f8 48 8b 50 08 48 8b 45 f8 48 8b 08 48
0x00007fbc54017838:   89 d0 48 29 c8 48 c1 f8 02 48 89 c2 48 b8 ab aa
0x00007fbc54017848:   aa aa aa aa aa aa 48 0f af c2 5d c3 f3 0f 1e fa
0x00007fbc54017858:   55 48 89 e5 48 89 7d f8 48 89 75 f0 48 8b 45 f8
0x00007fbc54017868:   48 8b 08 48 8b 55 f0 48 89 d0 48 01 c0 48 01 d0
0x00007fbc54017878:   48 c1 e0 02 48 01 c8 5d c3 90 f3 0f 1e fa 55 48
0x00007fbc54017888:   89 e5 48 83 ec 10 48 89 7d f8 48 8b 45 f8 48 89
0x00007fbc54017898:   c7 e8 72 f7 ff ff 90 c9 c3 90 f3 0f 1e fa 55 48
0x00007fbc540178a8:   89 e5 48 89 7d f8 48 8b 45 f8 48 c7 00 00 00 00
0x00007fbc540178b8:   00 48 8b 45 f8 48 c7 40 08 00 00 00 00 48 8b 45
0x00007fbc540178c8:   f8 48 c7 40 10 00 00 00 00 90 5d c3 f3 0f 1e fa
0x00007fbc540178d8:   55 48 89 e5 48 89 7d f8 90 5d c3 f3 0f 1e fa 55
0x00007fbc540178e8:   48 89 e5 41 54 53 48 81 ec 00 01 00 00 48 89 bd
0x00007fbc540178f8:   08 ff ff ff 48 89 b5 00 ff ff ff 48 89 95 f8 fe
0x00007fbc54017908:   ff ff 89 8d f4 fe ff ff 44 89 85 f0 fe ff ff 64
0x00007fbc54017918:   48 8b 04 25 28 00 00 00 48 89 45 e8 31 c0 48 8d
0x00007fbc54017928:   45 b0 48 89 c7 e8 1e f8 ff ff 48 8b 95 f8 fe ff
0x00007fbc54017938:   ff 48 8b 85 08 ff ff ff 48 89 d6 48 89 c7 e8 f5
0x00007fbc54017948:   f5 ff ff 89 85 28 ff ff ff c7 85 18 ff ff ff 00
0x00007fbc54017958:   00 00 00 e9 3d 02 00 00 8b 95 18 ff ff ff 48 8b 


Stack slot to memory mapping:
stack at sp + 0 slots: 0x00007fbc462ed8a0 is pointing into the stack for thread: 0x00007fbc708d0730
stack at sp + 1 slots: 0x00007fbc54017716: _Z9applyFlipRSt6vectorIS_I5PixelSaIS0_EESaIS2_EEii+0x00000000000000bd in /tmp/temp-FlipLib7351920056663460172 at 0x00007fbc54010000
stack at sp + 2 slots: 0x00007fbc462ed880 is pointing into the stack for thread: 0x00007fbc708d0730
stack at sp + 3 slots: 0x0 is NULL
stack at sp + 4 slots: 0x00007fbc462ed970 is pointing into the stack for thread: 0x00007fbc708d0730
stack at sp + 5 slots: 0x00007fbc462ed990 is pointing into the stack for thread: 0x00007fbc708d0730
stack at sp + 6 slots: 0x0 is NULL
stack at sp + 7 slots: 0x000001240000016e is an unknown value


---------------  P R O C E S S  ---------------

Threads class SMR info:
_java_thread_list=0x00007fbbb8253ca0, length=27, elements={
0x00007fbc700d1630, 0x00007fbc700d2a20, 0x00007fbc700daa00, 0x00007fbc700dbdc0,
0x00007fbc700dd1e0, 0x00007fbc700deba0, 0x00007fbc700e00e0, 0x00007fbc700e9550,
0x00007fbc700f0d00, 0x00007fbc700f4590, 0x00007fbc70a0ee80, 0x00007fbb9c002b60,
0x00007fbc707a2d80, 0x00007fbc708205e0, 0x00007fbc708d0730, 0x00007fbc703d5070,
0x00007fbc703d5e50, 0x00007fbc709fec90, 0x00007fbc709ffd10, 0x00007fbc705b7300,
0x00007fbc7024d8e0, 0x00007fbc7024ec90, 0x00007fbc7035f970, 0x00007fbc7054e400,
0x00007fbc703378e0, 0x00007fbc70013b90, 0x00007fbb8822e640
}

Java Threads: ( => current thread )
  0x00007fbc700d1630 JavaThread "Reference Handler" daemon [_thread_blocked, id=7564, stack(0x00007fbc47b51000,0x00007fbc47c51000)]
  0x00007fbc700d2a20 JavaThread "Finalizer" daemon [_thread_blocked, id=7565, stack(0x00007fbc47a51000,0x00007fbc47b51000)]
  0x00007fbc700daa00 JavaThread "Signal Dispatcher" daemon [_thread_blocked, id=7566, stack(0x00007fbc478fa000,0x00007fbc479fa000)]
  0x00007fbc700dbdc0 JavaThread "Service Thread" daemon [_thread_blocked, id=7567, stack(0x00007fbc477fa000,0x00007fbc478fa000)]
  0x00007fbc700dd1e0 JavaThread "Monitor Deflation Thread" daemon [_thread_blocked, id=7568, stack(0x00007fbc476fa000,0x00007fbc477fa000)]
  0x00007fbc700deba0 JavaThread "C2 CompilerThread0" daemon [_thread_blocked, id=7569, stack(0x00007fbc475fa000,0x00007fbc476fa000)]
  0x00007fbc700e00e0 JavaThread "C1 CompilerThread0" daemon [_thread_blocked, id=7570, stack(0x00007fbc474fa000,0x00007fbc475fa000)]
  0x00007fbc700e9550 JavaThread "Sweeper thread" daemon [_thread_blocked, id=7571, stack(0x00007fbc473fa000,0x00007fbc474fa000)]
  0x00007fbc700f0d00 JavaThread "Notification Thread" daemon [_thread_blocked, id=7572, stack(0x00007fbc472fa000,0x00007fbc473fa000)]
  0x00007fbc700f4590 JavaThread "Common-Cleaner" daemon [_thread_blocked, id=7574, stack(0x00007fbc470f9000,0x00007fbc471f9000)]
  0x00007fbc70a0ee80 JavaThread "Catalina-utility-1" [_thread_blocked, id=7587, stack(0x00007fbc46af6000,0x00007fbc46bf6000)]
  0x00007fbb9c002b60 JavaThread "Catalina-utility-2" [_thread_blocked, id=7588, stack(0x00007fbc464f1000,0x00007fbc465f1000)]
  0x00007fbc707a2d80 JavaThread "container-0" [_thread_blocked, id=7589, stack(0x00007fbc463f1000,0x00007fbc464f1000)]
  0x00007fbc708205e0 JavaThread "http-nio-8000-exec-1" daemon [_thread_blocked, id=7590, stack(0x00007fbc462f1000,0x00007fbc463f1000)]
=>0x00007fbc708d0730 JavaThread "http-nio-8000-exec-2" daemon [_thread_in_native, id=7591, stack(0x00007fbc461f1000,0x00007fbc462f1000)]
  0x00007fbc703d5070 JavaThread "http-nio-8000-exec-3" daemon [_thread_blocked, id=7592, stack(0x00007fbc460f1000,0x00007fbc461f1000)]
  0x00007fbc703d5e50 JavaThread "http-nio-8000-exec-4" daemon [_thread_blocked, id=7593, stack(0x00007fbc45ff1000,0x00007fbc460f1000)]
  0x00007fbc709fec90 JavaThread "http-nio-8000-exec-5" daemon [_thread_blocked, id=7594, stack(0x00007fbc45ef1000,0x00007fbc45ff1000)]
  0x00007fbc709ffd10 JavaThread "http-nio-8000-exec-6" daemon [_thread_blocked, id=7595, stack(0x00007fbc45df1000,0x00007fbc45ef1000)]
  0x00007fbc705b7300 JavaThread "http-nio-8000-exec-7" daemon [_thread_blocked, id=7596, stack(0x00007fbc45cf1000,0x00007fbc45df1000)]
  0x00007fbc7024d8e0 JavaThread "http-nio-8000-exec-8" daemon [_thread_blocked, id=7597, stack(0x00007fbc45bf1000,0x00007fbc45cf1000)]
  0x00007fbc7024ec90 JavaThread "http-nio-8000-exec-9" daemon [_thread_blocked, id=7598, stack(0x00007fbc45af1000,0x00007fbc45bf1000)]
  0x00007fbc7035f970 JavaThread "http-nio-8000-exec-10" daemon [_thread_blocked, id=7599, stack(0x00007fbc459f1000,0x00007fbc45af1000)]
  0x00007fbc7054e400 JavaThread "http-nio-8000-Poller" daemon [_thread_in_native, id=7600, stack(0x00007fbc458f1000,0x00007fbc459f1000)]
  0x00007fbc703378e0 JavaThread "http-nio-8000-Acceptor" daemon [_thread_in_native, id=7601, stack(0x00007fbc457f1000,0x00007fbc458f1000)]
  0x00007fbc70013b90 JavaThread "DestroyJavaVM" [_thread_blocked, id=7557, stack(0x00007fbc7453e000,0x00007fbc7463e000)]
  0x00007fbb8822e640 JavaThread "Java2D Disposer" daemon [_thread_blocked, id=7603, stack(0x00007fbc46ff9000,0x00007fbc470f9000)]

Other Threads:
  0x00007fbc700cd6a0 VMThread "VM Thread" [stack: 0x00007fbc47c52000,0x00007fbc47d52000] [id=7563]
  0x00007fbc700f2650 WatcherThread [stack: 0x00007fbc471fa000,0x00007fbc472fa000] [id=7573]
  0x00007fbc70050020 GCTaskThread "GC Thread#0" [stack: 0x00007fbc56bc8000,0x00007fbc56cc8000] [id=7558]
  0x00007fbbf0005ef0 GCTaskThread "GC Thread#1" [stack: 0x00007fbc46df9000,0x00007fbc46ef9000] [id=7577]
  0x00007fbbf00082a0 GCTaskThread "GC Thread#2" [stack: 0x00007fbc46cf8000,0x00007fbc46df8000] [id=7578]
  0x00007fbbf000b230 GCTaskThread "GC Thread#3" [stack: 0x00007fbc46bf7000,0x00007fbc46cf7000] [id=7579]
  0x00007fbbf0009fa0 GCTaskThread "GC Thread#4" [stack: 0x00007fbc469f6000,0x00007fbc46af6000] [id=7581]
  0x00007fbbf000cbf0 GCTaskThread "GC Thread#5" [stack: 0x00007fbc468f5000,0x00007fbc469f5000] [id=7583]
  0x00007fbbf000be30 GCTaskThread "GC Thread#6" [stack: 0x00007fbc467f4000,0x00007fbc468f4000] [id=7584]
  0x00007fbbf0016680 GCTaskThread "GC Thread#7" [stack: 0x00007fbc466f3000,0x00007fbc467f3000] [id=7585]
  0x00007fbc70058df0 ConcurrentGCThread "G1 Main Marker" [stack: 0x00007fbc56ac7000,0x00007fbc56bc7000] [id=7559]
  0x00007fbc70059d60 ConcurrentGCThread "G1 Conc#0" [stack: 0x00007fbc569c6000,0x00007fbc56ac6000] [id=7560]
  0x00007fbc48000ea0 ConcurrentGCThread "G1 Conc#1" [stack: 0x00007fbc465f2000,0x00007fbc466f2000] [id=7586]
  0x00007fbc700a4f00 ConcurrentGCThread "G1 Refine#0" [stack: 0x00007fbc540bd000,0x00007fbc541bd000] [id=7561]
  0x00007fbc700a5e00 ConcurrentGCThread "G1 Service" [stack: 0x00007fbc47f00000,0x00007fbc48000000] [id=7562]

Threads with active compile tasks:

VM state: not at safepoint (normal execution)

VM Mutex/Monitor currently owned by a thread: None

Heap address: 0x00000000c4200000, size: 958 MB, Compressed Oops mode: 32-bit

CDS archive(s) mapped at: [0x00007fbbfb000000-0x00007fbbfbbc6000-0x00007fbbfbbc6000), size 12345344, SharedBaseAddress: 0x00007fbbfb000000, ArchiveRelocationMode: 1.
Compressed class space mapped at: 0x00007fbbfc000000-0x00007fbc3c000000, reserved size: 1073741824
Narrow klass base: 0x00007fbbfb000000, Narrow klass shift: 0, Narrow klass range: 0x100000000

GC Precious Log:
 CPUs: 8 total, 8 available
 Memory: 3825M
 Large Page Support: Disabled
 NUMA Support: Disabled
 Compressed Oops: Enabled (32-bit)
 Heap Region Size: 1M
 Heap Min Capacity: 8M
 Heap Initial Capacity: 60M
 Heap Max Capacity: 958M
 Pre-touch: Disabled
 Parallel Workers: 8
 Concurrent Workers: 2
 Concurrent Refinement Workers: 8
 Periodic GC: Disabled

Heap:
 garbage-first heap   total 49152K, used 22823K [0x00000000c4200000, 0x0000000100000000)
  region size 1024K, 9 young (9216K), 1 survivors (1024K)
 Metaspace       used 30943K, committed 31424K, reserved 1114112K
  class space    used 3864K, committed 4096K, reserved 1048576K

Heap Regions: E=young(eden), S=young(survivor), O=old, HS=humongous(starts), HC=humongous(continues), CS=collection set, F=free, OA=open archive, CA=closed archive, TAMS=top-at-mark-start (previous, next)
|   0|0x00000000c4200000, 0x00000000c4300000, 0x00000000c4300000|100%| O|  |TAMS 0x00000000c4300000, 0x00000000c4200000| Untracked 
|   1|0x00000000c4300000, 0x00000000c4400000, 0x00000000c4400000|100%| O|  |TAMS 0x00000000c4400000, 0x00000000c4300000| Untracked 
|   2|0x00000000c4400000, 0x00000000c4500000, 0x00000000c4500000|100%| O|  |TAMS 0x00000000c44b1e00, 0x00000000c4400000| Untracked 
|   3|0x00000000c4500000, 0x00000000c45f6a00, 0x00000000c4600000| 96%| O|  |TAMS 0x00000000c4500000, 0x00000000c4500000| Untracked 
|   4|0x00000000c4600000, 0x00000000c4700000, 0x00000000c4700000|100%| O|  |TAMS 0x00000000c4600000, 0x00000000c4600000| Untracked 
|   5|0x00000000c4700000, 0x00000000c4800000, 0x00000000c4800000|100%| O|  |TAMS 0x00000000c4700000, 0x00000000c4700000| Untracked 
|   6|0x00000000c4800000, 0x00000000c4900000, 0x00000000c4900000|100%| O|  |TAMS 0x00000000c4800000, 0x00000000c4800000| Untracked 
|   7|0x00000000c4900000, 0x00000000c4a00000, 0x00000000c4a00000|100%| O|  |TAMS 0x00000000c4900000, 0x00000000c4900000| Untracked 
|   8|0x00000000c4a00000, 0x00000000c4b00000, 0x00000000c4b00000|100%| O|  |TAMS 0x00000000c4a00000, 0x00000000c4a00000| Untracked 
|   9|0x00000000c4b00000, 0x00000000c4beea00, 0x00000000c4c00000| 93%| O|  |TAMS 0x00000000c4b00000, 0x00000000c4b00000| Untracked 
|  10|0x00000000c4c00000, 0x00000000c4d00000, 0x00000000c4d00000|100%| O|  |TAMS 0x00000000c4c00000, 0x00000000c4c00000| Untracked 
|  11|0x00000000c4d00000, 0x00000000c4e00000, 0x00000000c4e00000|100%| O|  |TAMS 0x00000000c4d00000, 0x00000000c4d00000| Untracked 
|  12|0x00000000c4e00000, 0x00000000c4f00000, 0x00000000c4f00000|100%| O|  |TAMS 0x00000000c4e00000, 0x00000000c4e00000| Untracked 
|  13|0x00000000c4f00000, 0x00000000c5000000, 0x00000000c5000000|100%| O|  |TAMS 0x00000000c4f00000, 0x00000000c4f00000| Untracked 
|  14|0x00000000c5000000, 0x00000000c5100000, 0x00000000c5100000|100%| O|  |TAMS 0x00000000c5000000, 0x00000000c5000000| Untracked 
|  15|0x00000000c5100000, 0x00000000c5100000, 0x00000000c5200000|  0%| F|  |TAMS 0x00000000c5100000, 0x00000000c5100000| Untracked 
|  16|0x00000000c5200000, 0x00000000c5200000, 0x00000000c5300000|  0%| F|  |TAMS 0x00000000c5200000, 0x00000000c5200000| Untracked 
|  17|0x00000000c5300000, 0x00000000c5300000, 0x00000000c5400000|  0%| F|  |TAMS 0x00000000c5300000, 0x00000000c5300000| Untracked 
|  18|0x00000000c5400000, 0x00000000c5400000, 0x00000000c5500000|  0%| F|  |TAMS 0x00000000c5400000, 0x00000000c5400000| Untracked 
|  19|0x00000000c5500000, 0x00000000c5500000, 0x00000000c5600000|  0%| F|  |TAMS 0x00000000c5500000, 0x00000000c5500000| Untracked 
|  20|0x00000000c5600000, 0x00000000c5600000, 0x00000000c5700000|  0%| F|  |TAMS 0x00000000c5600000, 0x00000000c5600000| Untracked 
|  21|0x00000000c5700000, 0x00000000c5700000, 0x00000000c5800000|  0%| F|  |TAMS 0x00000000c5700000, 0x00000000c5700000| Untracked 
|  22|0x00000000c5800000, 0x00000000c5800000, 0x00000000c5900000|  0%| F|  |TAMS 0x00000000c5800000, 0x00000000c5800000| Untracked 
|  23|0x00000000c5900000, 0x00000000c5900000, 0x00000000c5a00000|  0%| F|  |TAMS 0x00000000c5900000, 0x00000000c5900000| Untracked 
|  24|0x00000000c5a00000, 0x00000000c5a00000, 0x00000000c5b00000|  0%| F|  |TAMS 0x00000000c5a00000, 0x00000000c5a00000| Untracked 
|  25|0x00000000c5b00000, 0x00000000c5b00000, 0x00000000c5c00000|  0%| F|  |TAMS 0x00000000c5b00000, 0x00000000c5b00000| Untracked 
|  26|0x00000000c5c00000, 0x00000000c5c00000, 0x00000000c5d00000|  0%| F|  |TAMS 0x00000000c5c00000, 0x00000000c5c00000| Untracked 
|  27|0x00000000c5d00000, 0x00000000c5d78848, 0x00000000c5e00000| 47%| S|CS|TAMS 0x00000000c5d00000, 0x00000000c5d00000| Complete 
|  28|0x00000000c5e00000, 0x00000000c5e00000, 0x00000000c5f00000|  0%| F|  |TAMS 0x00000000c5e00000, 0x00000000c5e00000| Untracked 
|  29|0x00000000c5f00000, 0x00000000c5f00000, 0x00000000c6000000|  0%| F|  |TAMS 0x00000000c5f00000, 0x00000000c5f00000| Untracked 
|  30|0x00000000c6000000, 0x00000000c6000000, 0x00000000c6100000|  0%| F|  |TAMS 0x00000000c6000000, 0x00000000c6000000| Untracked 
|  31|0x00000000c6100000, 0x00000000c6100000, 0x00000000c6200000|  0%| F|  |TAMS 0x00000000c6100000, 0x00000000c6100000| Untracked 
|  32|0x00000000c6200000, 0x00000000c6200000, 0x00000000c6300000|  0%| F|  |TAMS 0x00000000c6200000, 0x00000000c6200000| Untracked 
|  33|0x00000000c6300000, 0x00000000c6300000, 0x00000000c6400000|  0%| F|  |TAMS 0x00000000c6300000, 0x00000000c6300000| Untracked 
|  34|0x00000000c6400000, 0x00000000c6400000, 0x00000000c6500000|  0%| F|  |TAMS 0x00000000c6400000, 0x00000000c6400000| Untracked 
|  35|0x00000000c6500000, 0x00000000c6500000, 0x00000000c6600000|  0%| F|  |TAMS 0x00000000c6500000, 0x00000000c6500000| Untracked 
|  36|0x00000000c6600000, 0x00000000c6600000, 0x00000000c6700000|  0%| F|  |TAMS 0x00000000c6600000, 0x00000000c6600000| Untracked 
|  37|0x00000000c6700000, 0x00000000c6700000, 0x00000000c6800000|  0%| F|  |TAMS 0x00000000c6700000, 0x00000000c6700000| Untracked 
|  38|0x00000000c6800000, 0x00000000c6817aa8, 0x00000000c6900000|  9%| E|  |TAMS 0x00000000c6800000, 0x00000000c6800000| Complete 
|  39|0x00000000c6900000, 0x00000000c6a00000, 0x00000000c6a00000|100%| E|CS|TAMS 0x00000000c6900000, 0x00000000c6900000| Complete 
|  40|0x00000000c6a00000, 0x00000000c6b00000, 0x00000000c6b00000|100%| E|CS|TAMS 0x00000000c6a00000, 0x00000000c6a00000| Complete 
|  41|0x00000000c6b00000, 0x00000000c6c00000, 0x00000000c6c00000|100%| E|CS|TAMS 0x00000000c6b00000, 0x00000000c6b00000| Complete 
|  42|0x00000000c6c00000, 0x00000000c6d00000, 0x00000000c6d00000|100%| E|CS|TAMS 0x00000000c6c00000, 0x00000000c6c00000| Complete 
|  43|0x00000000c6d00000, 0x00000000c6e00000, 0x00000000c6e00000|100%| E|CS|TAMS 0x00000000c6d00000, 0x00000000c6d00000| Complete 
|  71|0x00000000c8900000, 0x00000000c8a00000, 0x00000000c8a00000|100%| E|CS|TAMS 0x00000000c8900000, 0x00000000c8900000| Complete 
|  72|0x00000000c8a00000, 0x00000000c8b00000, 0x00000000c8b00000|100%| E|  |TAMS 0x00000000c8a00000, 0x00000000c8a00000| Complete 
| 956|0x00000000ffe00000, 0x00000000ffe75000, 0x00000000fff00000| 45%|OA|  |TAMS 0x00000000ffe75000, 0x00000000ffe00000| Untracked 
| 957|0x00000000fff00000, 0x00000000fff77000, 0x0000000100000000| 46%|CA|  |TAMS 0x00000000fff77000, 0x00000000fff00000| Untracked 

Card table byte_map: [0x00007fbc58cd5000,0x00007fbc58eb4000] _byte_map_base: 0x00007fbc586b4000

Marking Bits (Prev, Next): (CMBitMap*) 0x00007fbc70050af0, (CMBitMap*) 0x00007fbc70050ab0
 Prev Bits: [0x00007fbc56d06000, 0x00007fbc57bfe000)
 Next Bits: [0x00007fbc57bfe000, 0x00007fbc58af6000)

Polling page: 0x00007fbc75f49000

Metaspace:

Usage:
  Non-class:     26.44 MB used.
      Class:      3.77 MB used.
       Both:     30.22 MB used.

Virtual space:
  Non-class space:       64.00 MB reserved,      26.69 MB ( 42%) committed,  1 nodes.
      Class space:        1.00 GB reserved,       4.00 MB ( <1%) committed,  1 nodes.
             Both:        1.06 GB reserved,      30.69 MB (  3%) committed. 

Chunk freelists:
   Non-Class:  4.66 MB
       Class:  11.94 MB
        Both:  16.59 MB

MaxMetaspaceSize: unlimited
CompressedClassSpaceSize: 1.00 GB
Initial GC threshold: 21.00 MB
Current GC threshold: 35.31 MB
CDS: on
MetaspaceReclaimPolicy: balanced
 - commit_granule_bytes: 65536.
 - commit_granule_words: 8192.
 - virtual_space_node_default_size: 8388608.
 - enlarge_chunks_in_place: 1.
 - new_chunks_are_fully_committed: 0.
 - uncommit_free_chunks: 1.
 - use_allocation_guard: 0.
 - handle_deallocations: 1.


Internal statistics:

num_allocs_failed_limit: 3.
num_arena_births: 594.
num_arena_deaths: 0.
num_vsnodes_births: 2.
num_vsnodes_deaths: 0.
num_space_committed: 491.
num_space_uncommitted: 0.
num_chunks_returned_to_freelist: 3.
num_chunks_taken_from_freelist: 1682.
num_chunk_merges: 0.
num_chunk_splits: 1147.
num_chunks_enlarged: 833.
num_inconsistent_stats: 0.

CodeHeap 'non-profiled nmethods': size=120028Kb used=2364Kb max_used=2364Kb free=117663Kb
 bounds [0x00007fbc61061000, 0x00007fbc612d1000, 0x00007fbc68598000]
CodeHeap 'profiled nmethods': size=120028Kb used=7666Kb max_used=7666Kb free=112362Kb
 bounds [0x00007fbc59598000, 0x00007fbc59d18000, 0x00007fbc60acf000]
CodeHeap 'non-nmethods': size=5704Kb used=1255Kb max_used=1296Kb free=4448Kb
 bounds [0x00007fbc60acf000, 0x00007fbc60d3f000, 0x00007fbc61061000]
 total_blobs=4402 nmethods=3830 adapters=484
 compilation: enabled
              stopped_count=0, restarted_count=0
 full_count=0

Compilation events (20 events):
Event: 21.970 Thread 0x00007fbc700e00e0 nmethod 3824 0x00007fbc59d0ee10 code [0x00007fbc59d0f060, 0x00007fbc59d0fca0]
Event: 21.970 Thread 0x00007fbc700e00e0 3823       3       sun.awt.image.ByteInterleavedRaster::setRect (187 bytes)
Event: 21.971 Thread 0x00007fbc700e00e0 nmethod 3823 0x00007fbc59d10110 code [0x00007fbc59d102e0, 0x00007fbc59d10790]
Event: 21.971 Thread 0x00007fbc700e00e0 3825       3       sun.awt.image.ByteInterleavedRaster::getDataElements (15 bytes)
Event: 21.971 Thread 0x00007fbc700e00e0 nmethod 3825 0x00007fbc59d10890 code [0x00007fbc59d10a40, 0x00007fbc59d10c80]
Event: 21.971 Thread 0x00007fbc700e00e0 3826       3       sun.awt.image.ByteInterleavedRaster::getByteData (851 bytes)
Event: 21.972 Thread 0x00007fbc700e00e0 nmethod 3826 0x00007fbc59d10d90 code [0x00007fbc59d110a0, 0x00007fbc59d129e0]
Event: 21.972 Thread 0x00007fbc700e00e0 3827       3       sun.awt.image.ByteInterleavedRaster::setDataElements (15 bytes)
Event: 21.972 Thread 0x00007fbc700e00e0 nmethod 3827 0x00007fbc59d13590 code [0x00007fbc59d13740, 0x00007fbc59d13960]
Event: 21.974 Thread 0x00007fbc700e00e0 3830       3       javax.imageio.ImageReader::processImageUpdate (73 bytes)
Event: 21.974 Thread 0x00007fbc700e00e0 nmethod 3830 0x00007fbc59d13a10 code [0x00007fbc59d13c00, 0x00007fbc59d141a0]
Event: 21.975 Thread 0x00007fbc700deba0 nmethod 3821 0x00007fbc612ac890 code [0x00007fbc612aca40, 0x00007fbc612ad118]
Event: 21.975 Thread 0x00007fbc700deba0 3828       4       com.sun.imageio.plugins.png.PNGImageReader::decodeAverageFilter (128 bytes)
Event: 21.984 Thread 0x00007fbc700e00e0 3832       3       java.io.FilterInputStream::read (9 bytes)
Event: 21.984 Thread 0x00007fbc700e00e0 nmethod 3832 0x00007fbc59d14390 code [0x00007fbc59d14540, 0x00007fbc59d14720]
Event: 21.994 Thread 0x00007fbc700deba0 nmethod 3828 0x00007fbc612ad610 code [0x00007fbc612ad7a0, 0x00007fbc612ae098]
Event: 21.994 Thread 0x00007fbc700deba0 3829 %     4       com.sun.imageio.plugins.png.PNGImageReader::decodeUpFilter @ 3 (53 bytes)
Event: 22.005 Thread 0x00007fbc700deba0 nmethod 3829% 0x00007fbc612ae210 code [0x00007fbc612ae3a0, 0x00007fbc612ae958]
Event: 22.005 Thread 0x00007fbc700deba0 3831 %     4       com.iiitb.imageEffectApplication.utils.ProcessingUtils::convertBufferedImageToPixelArray @ 30 (100 bytes)
Event: 22.017 Thread 0x00007fbc700deba0 nmethod 3831% 0x00007fbc612aea90 code [0x00007fbc612aeca0, 0x00007fbc612afa28]

GC Heap History (20 events):
Event: 0.761 GC heap before
{Heap before GC invocations=1 (full 0):
 garbage-first heap   total 63488K, used 37424K [0x00000000c4200000, 0x0000000100000000)
  region size 1024K, 36 young (36864K), 2 survivors (2048K)
 Metaspace       used 8107K, committed 8384K, reserved 1114112K
  class space    used 1004K, committed 1152K, reserved 1048576K
}
Event: 0.766 GC heap after
{Heap after GC invocations=2 (full 0):
 garbage-first heap   total 63488K, used 3909K [0x00000000c4200000, 0x0000000100000000)
  region size 1024K, 3 young (3072K), 3 survivors (3072K)
 Metaspace       used 8107K, committed 8384K, reserved 1114112K
  class space    used 1004K, committed 1152K, reserved 1048576K
}
Event: 0.928 GC heap before
{Heap before GC invocations=2 (full 0):
 garbage-first heap   total 63488K, used 37701K [0x00000000c4200000, 0x0000000100000000)
  region size 1024K, 36 young (36864K), 3 survivors (3072K)
 Metaspace       used 12318K, committed 12608K, reserved 1114112K
  class space    used 1488K, committed 1664K, reserved 1048576K
}
Event: 0.934 GC heap after
{Heap after GC invocations=3 (full 0):
 garbage-first heap   total 63488K, used 5183K [0x00000000c4200000, 0x0000000100000000)
  region size 1024K, 3 young (3072K), 3 survivors (3072K)
 Metaspace       used 12318K, committed 12608K, reserved 1114112K
  class space    used 1488K, committed 1664K, reserved 1048576K
}
Event: 1.122 GC heap before
{Heap before GC invocations=3 (full 0):
 garbage-first heap   total 63488K, used 38975K [0x00000000c4200000, 0x0000000100000000)
  region size 1024K, 36 young (36864K), 3 survivors (3072K)
 Metaspace       used 15732K, committed 16064K, reserved 1114112K
  class space    used 1958K, committed 2112K, reserved 1048576K
}
Event: 1.126 GC heap after
{Heap after GC invocations=4 (full 0):
 garbage-first heap   total 63488K, used 6531K [0x00000000c4200000, 0x0000000100000000)
  region size 1024K, 3 young (3072K), 3 survivors (3072K)
 Metaspace       used 15732K, committed 16064K, reserved 1114112K
  class space    used 1958K, committed 2112K, reserved 1048576K
}
Event: 1.402 GC heap before
{Heap before GC invocations=4 (full 0):
 garbage-first heap   total 63488K, used 39299K [0x00000000c4200000, 0x0000000100000000)
  region size 1024K, 36 young (36864K), 3 survivors (3072K)
 Metaspace       used 17671K, committed 17920K, reserved 1114112K
  class space    used 2183K, committed 2304K, reserved 1048576K
}
Event: 1.406 GC heap after
{Heap after GC invocations=5 (full 0):
 garbage-first heap   total 76800K, used 7286K [0x00000000c4200000, 0x0000000100000000)
  region size 1024K, 4 young (4096K), 4 survivors (4096K)
 Metaspace       used 17671K, committed 17920K, reserved 1114112K
  class space    used 2183K, committed 2304K, reserved 1048576K
}
Event: 1.796 GC heap before
{Heap before GC invocations=5 (full 0):
 garbage-first heap   total 76800K, used 39030K [0x00000000c4200000, 0x0000000100000000)
  region size 1024K, 36 young (36864K), 4 survivors (4096K)
 Metaspace       used 21152K, committed 21504K, reserved 1114112K
  class space    used 2698K, committed 2880K, reserved 1048576K
}
Event: 1.804 GC heap after
{Heap after GC invocations=6 (full 0):
 garbage-first heap   total 76800K, used 9012K [0x00000000c4200000, 0x0000000100000000)
  region size 1024K, 4 young (4096K), 4 survivors (4096K)
 Metaspace       used 21152K, committed 21504K, reserved 1114112K
  class space    used 2698K, committed 2880K, reserved 1048576K
}
Event: 2.062 GC heap before
{Heap before GC invocations=7 (full 0):
 garbage-first heap   total 40960K, used 32564K [0x00000000c4200000, 0x0000000100000000)
  region size 1024K, 28 young (28672K), 4 survivors (4096K)
 Metaspace       used 24691K, committed 25152K, reserved 1114112K
  class space    used 3116K, committed 3328K, reserved 1048576K
}
Event: 2.068 GC heap after
{Heap after GC invocations=8 (full 0):
 garbage-first heap   total 40960K, used 10940K [0x00000000c4200000, 0x0000000100000000)
  region size 1024K, 5 young (5120K), 5 survivors (5120K)
 Metaspace       used 24691K, committed 25152K, reserved 1114112K
  class space    used 3116K, committed 3328K, reserved 1048576K
}
Event: 2.225 GC heap before
{Heap before GC invocations=8 (full 0):
 garbage-first heap   total 40960K, used 30396K [0x00000000c4200000, 0x0000000100000000)
  region size 1024K, 24 young (24576K), 5 survivors (5120K)
 Metaspace       used 26279K, committed 26752K, reserved 1114112K
  class space    used 3318K, committed 3520K, reserved 1048576K
}
Event: 2.231 GC heap after
{Heap after GC invocations=9 (full 0):
 garbage-first heap   total 40960K, used 11805K [0x00000000c4200000, 0x0000000100000000)
  region size 1024K, 2 young (2048K), 2 survivors (2048K)
 Metaspace       used 26279K, committed 26752K, reserved 1114112K
  class space    used 3318K, committed 3520K, reserved 1048576K
}
Event: 12.858 GC heap before
{Heap before GC invocations=9 (full 0):
 garbage-first heap   total 40960K, used 30237K [0x00000000c4200000, 0x0000000100000000)
  region size 1024K, 20 young (20480K), 2 survivors (2048K)
 Metaspace       used 28639K, committed 29120K, reserved 1114112K
  class space    used 3605K, committed 3840K, reserved 1048576K
}
Event: 12.861 GC heap after
{Heap after GC invocations=10 (full 0):
 garbage-first heap   total 40960K, used 12725K [0x00000000c4200000, 0x0000000100000000)
  region size 1024K, 3 young (3072K), 3 survivors (3072K)
 Metaspace       used 28639K, committed 29120K, reserved 1114112K
  class space    used 3605K, committed 3840K, reserved 1048576K
}
Event: 13.073 GC heap before
{Heap before GC invocations=10 (full 0):
 garbage-first heap   total 40960K, used 29109K [0x00000000c4200000, 0x0000000100000000)
  region size 1024K, 20 young (20480K), 3 survivors (3072K)
 Metaspace       used 30634K, committed 31040K, reserved 1114112K
  class space    used 3834K, committed 4032K, reserved 1048576K
}
Event: 13.077 GC heap after
{Heap after GC invocations=11 (full 0):
 garbage-first heap   total 40960K, used 17620K [0x00000000c4200000, 0x0000000100000000)
  region size 1024K, 3 young (3072K), 3 survivors (3072K)
 Metaspace       used 30634K, committed 31040K, reserved 1114112K
  class space    used 3834K, committed 4032K, reserved 1048576K
}
Event: 21.895 GC heap before
{Heap before GC invocations=11 (full 0):
 garbage-first heap   total 40960K, used 27860K [0x00000000c4200000, 0x0000000100000000)
  region size 1024K, 13 young (13312K), 3 survivors (3072K)
 Metaspace       used 30911K, committed 31424K, reserved 1114112K
  class space    used 3861K, committed 4096K, reserved 1048576K
}
Event: 21.919 GC heap after
{Heap after GC invocations=12 (full 0):
 garbage-first heap   total 49152K, used 16679K [0x00000000c4200000, 0x0000000100000000)
  region size 1024K, 1 young (1024K), 1 survivors (1024K)
 Metaspace       used 30911K, committed 31424K, reserved 1114112K
  class space    used 3861K, committed 4096K, reserved 1048576K
}

Dll operation events (13 events):
Event: 0.002 Loaded shared library /usr/lib/jvm/java-17-openjdk-amd64/lib/libjava.so
Event: 0.017 Loaded shared library /usr/lib/jvm/java-17-openjdk-amd64/lib/libjsvml.so
Event: 0.027 Loaded shared library /usr/lib/jvm/java-17-openjdk-amd64/lib/libnio.so
Event: 0.030 Loaded shared library /usr/lib/jvm/java-17-openjdk-amd64/lib/libzip.so
Event: 0.072 Loaded shared library /usr/lib/jvm/java-17-openjdk-amd64/lib/libjimage.so
Event: 0.264 Loaded shared library /usr/lib/jvm/java-17-openjdk-amd64/lib/libnet.so
Event: 2.364 Loaded shared library /usr/lib/jvm/java-17-openjdk-amd64/lib/libextnet.so
Event: 2.386 Loaded shared library /usr/lib/jvm/java-17-openjdk-amd64/lib/libmanagement.so
Event: 2.387 Loaded shared library /usr/lib/jvm/java-17-openjdk-amd64/lib/libmanagement_ext.so
Event: 12.945 Loaded shared library /usr/lib/jvm/java-17-openjdk-amd64/lib/libawt.so
Event: 12.946 Loaded shared library /usr/lib/jvm/java-17-openjdk-amd64/lib/libawt_headless.so
Event: 12.997 Loaded shared library /tmp/temp-SepiaLib15836108600714268438
Event: 21.985 Loaded shared library /tmp/temp-FlipLib7351920056663460172

Deoptimization events (20 events):
Event: 21.977 Thread 0x00007fbc708d0730 DEOPT PACKING pc=0x00007fbc59ccab25 sp=0x00007fbc462ed4c0
Event: 21.977 Thread 0x00007fbc708d0730 DEOPT UNPACKING pc=0x00007fbc60b25e2f sp=0x00007fbc462ec978 mode 0
Event: 21.977 Thread 0x00007fbc708d0730 DEOPT PACKING pc=0x00007fbc59ccab25 sp=0x00007fbc462ed4c0
Event: 21.977 Thread 0x00007fbc708d0730 DEOPT UNPACKING pc=0x00007fbc60b25e2f sp=0x00007fbc462ec978 mode 0
Event: 21.977 Thread 0x00007fbc708d0730 DEOPT PACKING pc=0x00007fbc59ccab25 sp=0x00007fbc462ed4c0
Event: 21.977 Thread 0x00007fbc708d0730 DEOPT UNPACKING pc=0x00007fbc60b25e2f sp=0x00007fbc462ec978 mode 0
Event: 21.978 Thread 0x00007fbc708d0730 DEOPT PACKING pc=0x00007fbc59ccab25 sp=0x00007fbc462ed4c0
Event: 21.978 Thread 0x00007fbc708d0730 DEOPT UNPACKING pc=0x00007fbc60b25e2f sp=0x00007fbc462ec978 mode 0
Event: 21.978 Thread 0x00007fbc708d0730 DEOPT PACKING pc=0x00007fbc59ccab25 sp=0x00007fbc462ed4c0
Event: 21.978 Thread 0x00007fbc708d0730 DEOPT UNPACKING pc=0x00007fbc60b25e2f sp=0x00007fbc462ec978 mode 0
Event: 21.978 Thread 0x00007fbc708d0730 DEOPT PACKING pc=0x00007fbc59ccab25 sp=0x00007fbc462ed4c0
Event: 21.978 Thread 0x00007fbc708d0730 DEOPT UNPACKING pc=0x00007fbc60b25e2f sp=0x00007fbc462ec978 mode 0
Event: 21.978 Thread 0x00007fbc708d0730 DEOPT PACKING pc=0x00007fbc59ccab25 sp=0x00007fbc462ed4c0
Event: 21.978 Thread 0x00007fbc708d0730 DEOPT UNPACKING pc=0x00007fbc60b25e2f sp=0x00007fbc462ec978 mode 0
Event: 21.978 Thread 0x00007fbc708d0730 DEOPT PACKING pc=0x00007fbc59ccab25 sp=0x00007fbc462ed4c0
Event: 21.978 Thread 0x00007fbc708d0730 DEOPT UNPACKING pc=0x00007fbc60b25e2f sp=0x00007fbc462ec978 mode 0
Event: 21.984 Thread 0x00007fbc708d0730 Uncommon trap: trap_request=0xffffff45 fr.pc=0x00007fbc610ea538 relative=0x0000000000003df8
Event: 21.984 Thread 0x00007fbc708d0730 Uncommon trap: reason=unstable_if action=reinterpret pc=0x00007fbc610ea538 method=java.lang.ThreadLocal$ThreadLocalMap.getEntry(Ljava/lang/ThreadLocal;)Ljava/lang/ThreadLocal$ThreadLocalMap$Entry; @ 29 c2
Event: 21.984 Thread 0x00007fbc708d0730 DEOPT PACKING pc=0x00007fbc610ea538 sp=0x00007fbc462ecbf0
Event: 21.984 Thread 0x00007fbc708d0730 DEOPT UNPACKING pc=0x00007fbc60b25699 sp=0x00007fbc462eca98 mode 2

Classes unloaded (0 events):
No events

Classes redefined (0 events):
No events

Internal exceptions (20 events):
Event: 1.744 Thread 0x00007fbc70013b90 Exception <a 'java/lang/NoSuchMethodError'{0x00000000c6f4f4a0}: 'void java.lang.invoke.DirectMethodHandle$Holder.invokeStatic(java.lang.Object, java.lang.Object, java.lang.Object, int, java.lang.Object)'> (0x00000000c6f4f4a0) 
thrown [./src/hotspot/share/interpreter/linkResolver.cpp, line 758]
Event: 1.745 Thread 0x00007fbc70013b90 Exception <a 'java/lang/NoSuchMethodError'{0x00000000c6f56920}: 'java.lang.Object java.lang.invoke.DirectMethodHandle$Holder.newInvokeSpecial(java.lang.Object, java.lang.Object, java.lang.Object, int)'> (0x00000000c6f56920) 
thrown [./src/hotspot/share/interpreter/linkResolver.cpp, line 758]
Event: 1.745 Thread 0x00007fbc70013b90 Exception <a 'java/lang/NoSuchMethodError'{0x00000000c6f5ac08}: 'java.lang.Object java.lang.invoke.DirectMethodHandle$Holder.invokeSpecial(java.lang.Object, java.lang.Object, java.lang.Object, java.lang.Object, int)'> (0x00000000c6f5ac08) 
thrown [./src/hotspot/share/interpreter/linkResolver.cpp, line 758]
Event: 1.745 Thread 0x00007fbc70013b90 Exception <a 'java/lang/NoSuchMethodError'{0x00000000c6f5e7d0}: 'java.lang.Object java.lang.invoke.Invokers$Holder.linkToTargetMethod(java.lang.Object, java.lang.Object, int, java.lang.Object)'> (0x00000000c6f5e7d0) 
thrown [./src/hotspot/share/interpreter/linkResolver.cpp, line 758]
Event: 1.917 Thread 0x00007fbc70013b90 Exception <a 'java/lang/NoSuchMethodError'{0x00000000c5786760}: 'java.lang.Object java.lang.invoke.DirectMethodHandle$Holder.invokeSpecial(java.lang.Object, java.lang.Object, long, java.lang.Object, java.lang.Object, java.lang.Object, java.lang.Object, java.lang.Object, java.lang.Object)'> (0x00000000c5786760) 
thrown [./src/hotspot/share/interpreter/linkResolver.cpp, line 758]
Event: 1.917 Thread 0x00007fbc70013b90 Exception <a 'java/lang/NoSuchMethodError'{0x00000000c578b288}: 'java.lang.Object java.lang.invoke.DelegatingMethodHandle$Holder.reinvoke_L(java.lang.Object, long, java.lang.Object, java.lang.Object, java.lang.Object, java.lang.Object, java.lang.Object, java.lang.Object)'> (0x00000000c578b288) 
thrown [./src/hotspot/share/interpreter/linkResolver.cpp, line 758]
Event: 2.003 Thread 0x00007fbc70013b90 Exception <a 'java/lang/NoSuchMethodError'{0x00000000c51ab3d0}: 'int java.lang.invoke.DirectMethodHandle$Holder.invokeInterface(java.lang.Object, java.lang.Object, java.lang.Object, java.lang.Object)'> (0x00000000c51ab3d0) 
thrown [./src/hotspot/share/interpreter/linkResolver.cpp, line 758]
Event: 2.043 Thread 0x00007fbc70013b90 Exception <a 'java/lang/NoSuchMethodError'{0x00000000c4eded38}: 'long java.lang.invoke.DirectMethodHandle$Holder.invokeVirtual(java.lang.Object, java.lang.Object)'> (0x00000000c4eded38) 
thrown [./src/hotspot/share/interpreter/linkResolver.cpp, line 758]
Event: 2.187 Thread 0x00007fbc70013b90 Exception <a 'java/lang/IncompatibleClassChangeError'{0x00000000c5c8ebf8}: Found class java.lang.Object, but interface was expected> (0x00000000c5c8ebf8) 
thrown [./src/hotspot/share/interpreter/linkResolver.cpp, line 826]
Event: 2.301 Thread 0x00007fbc70013b90 Exception <a 'java/lang/ClassNotFoundException'{0x00000000c69a3ef0}: org/springframework/boot/loader/jar/Handler> (0x00000000c69a3ef0) 
thrown [./src/hotspot/share/classfile/systemDictionary.cpp, line 256]
Event: 2.360 Thread 0x00007fbc70013b90 Exception <a 'java/lang/NoSuchMethodError'{0x00000000c60b16a8}: 'java.lang.Object java.lang.invoke.DirectMethodHandle$Holder.newInvokeSpecial(java.lang.Object, java.lang.Object, int, java.lang.Object, java.lang.Object)'> (0x00000000c60b16a8) 
thrown [./src/hotspot/share/interpreter/linkResolver.cpp, line 758]
Event: 2.360 Thread 0x00007fbc70013b90 Exception <a 'java/lang/NoSuchMethodError'{0x00000000c60bcd20}: 'java.lang.Object java.lang.invoke.DirectMethodHandle$Holder.invokeSpecial(java.lang.Object, java.lang.Object, int, java.lang.Object, int, java.lang.Object)'> (0x00000000c60bcd20) 
thrown [./src/hotspot/share/interpreter/linkResolver.cpp, line 758]
Event: 2.360 Thread 0x00007fbc70013b90 Exception <a 'java/lang/NoSuchMethodError'{0x00000000c60c4dd0}: 'java.lang.Object java.lang.invoke.DirectMethodHandle$Holder.newInvokeSpecial(java.lang.Object, java.lang.Object, int, java.lang.Object, int)'> (0x00000000c60c4dd0) 
thrown [./src/hotspot/share/interpreter/linkResolver.cpp, line 758]
Event: 2.361 Thread 0x00007fbc70013b90 Exception <a 'java/lang/NoSuchMethodError'{0x00000000c60c8ed0}: 'java.lang.Object java.lang.invoke.DirectMethodHandle$Holder.invokeSpecial(java.lang.Object, java.lang.Object, java.lang.Object, int, java.lang.Object, int)'> (0x00000000c60c8ed0) 
thrown [./src/hotspot/share/interpreter/linkResolver.cpp, line 758]
Event: 2.361 Thread 0x00007fbc70013b90 Exception <a 'java/lang/NoSuchMethodError'{0x00000000c60dceb8}: 'void java.lang.invoke.DirectMethodHandle$Holder.invokeVirtual(java.lang.Object, java.lang.Object)'> (0x00000000c60dceb8) 
thrown [./src/hotspot/share/interpreter/linkResolver.cpp, line 758]
Event: 12.839 Thread 0x00007fbc708205e0 Exception <a 'java/lang/NoSuchMethodError'{0x00000000c5828ce8}: 'java.lang.Object java.lang.invoke.DirectMethodHandle$Holder.invokeSpecial(java.lang.Object, java.lang.Object, java.lang.Object, java.lang.Object, java.lang.Object, long)'> (0x00000000c5828ce8) 
thrown [./src/hotspot/share/interpreter/linkResolver.cpp, line 758]
Event: 12.839 Thread 0x00007fbc708205e0 Exception <a 'java/lang/NoSuchMethodError'{0x00000000c582c728}: 'java.lang.Object java.lang.invoke.Invokers$Holder.linkToTargetMethod(java.lang.Object, java.lang.Object, java.lang.Object, long, java.lang.Object)'> (0x00000000c582c728) 
thrown [./src/hotspot/share/interpreter/linkResolver.cpp, line 758]
Event: 12.944 Thread 0x00007fbc708205e0 Exception <a 'java/lang/ClassNotFoundException'{0x00000000c5f982c0}: sun/awt/resources/spi/awtProvider> (0x00000000c5f982c0) 
thrown [./src/hotspot/share/classfile/systemDictionary.cpp, line 256]
Event: 12.946 Thread 0x00007fbc708205e0 Exception <a 'java/io/FileNotFoundException'{0x00000000c5fa7ce8}> (0x00000000c5fa7ce8) 
thrown [./src/hotspot/share/prims/jni.cpp, line 516]
Event: 21.966 Thread 0x00007fbc708d0730 Implicit null exception at 0x00007fbc611ff2d0 to 0x00007fbc611ff2f3

VM Operations (20 events):
Event: 12.846 Executing VM operation: HandshakeAllThreads
Event: 12.846 Executing VM operation: HandshakeAllThreads done
Event: 12.846 Executing VM operation: Cleanup
Event: 12.846 Executing VM operation: Cleanup done
Event: 12.849 Executing VM operation: HandshakeAllThreads
Event: 12.849 Executing VM operation: HandshakeAllThreads done
Event: 12.858 Executing VM operation: G1CollectForAllocation
Event: 12.861 Executing VM operation: G1CollectForAllocation done
Event: 12.932 Executing VM operation: HandshakeAllThreads
Event: 12.932 Executing VM operation: HandshakeAllThreads done
Event: 12.941 Executing VM operation: HandshakeAllThreads
Event: 12.941 Executing VM operation: HandshakeAllThreads done
Event: 13.073 Executing VM operation: G1CollectForAllocation
Event: 13.078 Executing VM operation: G1CollectForAllocation done
Event: 13.154 Executing VM operation: HandshakeAllThreads
Event: 13.154 Executing VM operation: HandshakeAllThreads done
Event: 14.155 Executing VM operation: Cleanup
Event: 14.155 Executing VM operation: Cleanup done
Event: 21.895 Executing VM operation: G1CollectForAllocation
Event: 21.919 Executing VM operation: G1CollectForAllocation done

Events (20 events):
Event: 13.112 loading class com/sun/imageio/plugins/png/PNGImageWriter
Event: 13.112 loading class com/sun/imageio/plugins/png/PNGImageWriter done
Event: 13.112 loading class com/sun/imageio/plugins/png/RowFilter
Event: 13.112 loading class com/sun/imageio/plugins/png/RowFilter done
Event: 13.112 loading class javax/imageio/IIOImage
Event: 13.112 loading class javax/imageio/IIOImage done
Event: 13.112 loading class com/sun/imageio/plugins/png/ChunkStream
Event: 13.112 loading class com/sun/imageio/plugins/png/ChunkStream done
Event: 13.112 loading class com/sun/imageio/plugins/png/CRC
Event: 13.112 loading class com/sun/imageio/plugins/png/CRC done
Event: 13.113 loading class com/sun/imageio/plugins/png/IDATOutputStream
Event: 13.113 loading class com/sun/imageio/plugins/png/IDATOutputStream done
Event: 13.113 loading class java/util/zip/Deflater
Event: 13.113 loading class java/util/zip/Deflater done
Event: 13.113 loading class java/util/zip/Deflater$DeflaterZStreamRef
Event: 13.113 loading class java/util/zip/Deflater$DeflaterZStreamRef done
Event: 18.169 Thread 0x00007fbbdc08d300 Thread exited: 0x00007fbbdc08d300
Event: 21.925 Thread 0x00007fbbd01ef150 Thread exited: 0x00007fbbd01ef150
Event: 21.967 loading class sun/reflect/generics/tree/IntSignature
Event: 21.967 loading class sun/reflect/generics/tree/IntSignature done


Dynamic libraries:
c4200000-c6e00000 rw-p 00000000 00:00 0 
c6e00000-c8900000 ---p 00000000 00:00 0 
c8900000-c8b00000 rw-p 00000000 00:00 0 
c8b00000-ffe00000 ---p 00000000 00:00 0 
ffe00000-ffe75000 rw-p 00c75000 08:20 22704                              /usr/lib/jvm/java-17-openjdk-amd64/lib/server/classes.jsa
ffe75000-fff00000 rw-p 00000000 00:00 0 
fff00000-fff77000 rw-p 00bfe000 08:20 22704                              /usr/lib/jvm/java-17-openjdk-amd64/lib/server/classes.jsa
fff77000-100000000 rw-p 00000000 00:00 0 
55e8c8ba7000-55e8c8ba8000 r--p 00000000 08:20 12719                      /usr/lib/jvm/java-17-openjdk-amd64/bin/java
55e8c8ba8000-55e8c8ba9000 r-xp 00001000 08:20 12719                      /usr/lib/jvm/java-17-openjdk-amd64/bin/java
55e8c8ba9000-55e8c8baa000 r--p 00002000 08:20 12719                      /usr/lib/jvm/java-17-openjdk-amd64/bin/java
55e8c8baa000-55e8c8bab000 r--p 00002000 08:20 12719                      /usr/lib/jvm/java-17-openjdk-amd64/bin/java
55e8c8bab000-55e8c8bac000 rw-p 00003000 08:20 12719                      /usr/lib/jvm/java-17-openjdk-amd64/bin/java
55e8c8d40000-55e8c8d87000 rw-p 00000000 00:00 0                          [heap]
7fbb58000000-7fbb58179000 rw-p 00000000 00:00 0 
7fbb58179000-7fbb5c000000 ---p 00000000 00:00 0 
7fbb60000000-7fbb60021000 rw-p 00000000 00:00 0 
7fbb60021000-7fbb64000000 ---p 00000000 00:00 0 
7fbb64000000-7fbb6402c000 rw-p 00000000 00:00 0 
7fbb6402c000-7fbb68000000 ---p 00000000 00:00 0 
7fbb68000000-7fbb68021000 rw-p 00000000 00:00 0 
7fbb68021000-7fbb6c000000 ---p 00000000 00:00 0 
7fbb6c000000-7fbb6c021000 rw-p 00000000 00:00 0 
7fbb6c021000-7fbb70000000 ---p 00000000 00:00 0 
7fbb70000000-7fbb70021000 rw-p 00000000 00:00 0 
7fbb70021000-7fbb74000000 ---p 00000000 00:00 0 
7fbb74000000-7fbb74021000 rw-p 00000000 00:00 0 
7fbb74021000-7fbb78000000 ---p 00000000 00:00 0 
7fbb78000000-7fbb78021000 rw-p 00000000 00:00 0 
7fbb78021000-7fbb7c000000 ---p 00000000 00:00 0 
7fbb7c000000-7fbb7c021000 rw-p 00000000 00:00 0 
7fbb7c021000-7fbb80000000 ---p 00000000 00:00 0 
7fbb80000000-7fbb80021000 rw-p 00000000 00:00 0 
7fbb80021000-7fbb84000000 ---p 00000000 00:00 0 
7fbb84000000-7fbb84021000 rw-p 00000000 00:00 0 
7fbb84021000-7fbb88000000 ---p 00000000 00:00 0 
7fbb88000000-7fbb88664000 rw-p 00000000 00:00 0 
7fbb88664000-7fbb8c000000 ---p 00000000 00:00 0 
7fbb8c000000-7fbb8c42d000 rw-p 00000000 00:00 0 
7fbb8c42d000-7fbb90000000 ---p 00000000 00:00 0 
7fbb90000000-7fbb90021000 rw-p 00000000 00:00 0 
7fbb90021000-7fbb94000000 ---p 00000000 00:00 0 
7fbb94000000-7fbb94021000 rw-p 00000000 00:00 0 
7fbb94021000-7fbb98000000 ---p 00000000 00:00 0 
7fbb98000000-7fbb98021000 rw-p 00000000 00:00 0 
7fbb98021000-7fbb9c000000 ---p 00000000 00:00 0 
7fbb9c000000-7fbb9c021000 rw-p 00000000 00:00 0 
7fbb9c021000-7fbba0000000 ---p 00000000 00:00 0 
7fbba0000000-7fbba0021000 rw-p 00000000 00:00 0 
7fbba0021000-7fbba4000000 ---p 00000000 00:00 0 
7fbba4000000-7fbba4021000 rw-p 00000000 00:00 0 
7fbba4021000-7fbba8000000 ---p 00000000 00:00 0 
7fbba8000000-7fbba837e000 rw-p 00000000 00:00 0 
7fbba837e000-7fbbac000000 ---p 00000000 00:00 0 
7fbbac000000-7fbbac021000 rw-p 00000000 00:00 0 
7fbbac021000-7fbbb0000000 ---p 00000000 00:00 0 
7fbbb0000000-7fbbb0021000 rw-p 00000000 00:00 0 
7fbbb0021000-7fbbb4000000 ---p 00000000 00:00 0 
7fbbb4000000-7fbbb4021000 rw-p 00000000 00:00 0 
7fbbb4021000-7fbbb8000000 ---p 00000000 00:00 0 
7fbbb8000000-7fbbb8c69000 rw-p 00000000 00:00 0 
7fbbb8c69000-7fbbbc000000 ---p 00000000 00:00 0 
7fbbbc000000-7fbbbc021000 rw-p 00000000 00:00 0 
7fbbbc021000-7fbbc0000000 ---p 00000000 00:00 0 
7fbbc0000000-7fbbc0021000 rw-p 00000000 00:00 0 
7fbbc0021000-7fbbc4000000 ---p 00000000 00:00 0 
7fbbc4000000-7fbbc4f65000 rw-p 00000000 00:00 0 
7fbbc4f65000-7fbbc8000000 ---p 00000000 00:00 0 
7fbbc8000000-7fbbc8021000 rw-p 00000000 00:00 0 
7fbbc8021000-7fbbcc000000 ---p 00000000 00:00 0 
7fbbcc000000-7fbbcc021000 rw-p 00000000 00:00 0 
7fbbcc021000-7fbbd0000000 ---p 00000000 00:00 0 
7fbbd0000000-7fbbd0593000 rw-p 00000000 00:00 0 
7fbbd0593000-7fbbd4000000 ---p 00000000 00:00 0 
7fbbd4000000-7fbbd4021000 rw-p 00000000 00:00 0 
7fbbd4021000-7fbbd8000000 ---p 00000000 00:00 0 
7fbbd8000000-7fbbd8021000 rw-p 00000000 00:00 0 
7fbbd8021000-7fbbdc000000 ---p 00000000 00:00 0 
7fbbdc000000-7fbbdccba000 rw-p 00000000 00:00 0 
7fbbdccba000-7fbbe0000000 ---p 00000000 00:00 0 
7fbbe0000000-7fbbe0021000 rw-p 00000000 00:00 0 
7fbbe0021000-7fbbe4000000 ---p 00000000 00:00 0 
7fbbe4000000-7fbbe4021000 rw-p 00000000 00:00 0 
7fbbe4021000-7fbbe8000000 ---p 00000000 00:00 0 
7fbbe8000000-7fbbe8021000 rw-p 00000000 00:00 0 
7fbbe8021000-7fbbec000000 ---p 00000000 00:00 0 
7fbbec000000-7fbbec021000 rw-p 00000000 00:00 0 
7fbbec021000-7fbbf0000000 ---p 00000000 00:00 0 
7fbbf0000000-7fbbf0021000 rw-p 00000000 00:00 0 
7fbbf0021000-7fbbf4000000 ---p 00000000 00:00 0 
7fbbf7000000-7fbbf7400000 rw-p 00000000 00:00 0 
7fbbf7400000-7fbbf81c0000 rw-p 00000000 00:00 0 
7fbbf81c0000-7fbbf8200000 rw-p 00000000 00:00 0 
7fbbf8200000-7fbbf8300000 rw-p 00000000 00:00 0 
7fbbf8300000-7fbbf8400000 rw-p 00000000 00:00 0 
7fbbf8400000-7fbbf8580000 rw-p 00000000 00:00 0 
7fbbf8580000-7fbbf8600000 rw-p 00000000 00:00 0 
7fbbf8600000-7fbbf87c0000 rw-p 00000000 00:00 0 
7fbbf87c0000-7fbbf8900000 rw-p 00000000 00:00 0 
7fbbf8900000-7fbbf8a00000 rw-p 00000000 00:00 0 
7fbbf8a00000-7fbbf8a60000 rw-p 00000000 00:00 0 
7fbbf8a60000-7fbbf8b00000 ---p 00000000 00:00 0 
7fbbf8b00000-7fbbf8b50000 rw-p 00000000 00:00 0 
7fbbf8b50000-7fbbfb000000 ---p 00000000 00:00 0 
7fbbfb000000-7fbbfbbc6000 rw-p 00001000 08:20 22704                      /usr/lib/jvm/java-17-openjdk-amd64/lib/server/classes.jsa
7fbbfbbc6000-7fbbfc000000 ---p 00000000 00:00 0 
7fbbfc000000-7fbbfc040000 rw-p 00000000 00:00 0 
7fbbfc040000-7fbbfc080000 rw-p 00000000 00:00 0 
7fbbfc080000-7fbbfc100000 rw-p 00000000 00:00 0 
7fbbfc100000-7fbbfc2c0000 rw-p 00000000 00:00 0 
7fbbfc2c0000-7fbbfc300000 rw-p 00000000 00:00 0 
7fbbfc300000-7fbbfc3c0000 rw-p 00000000 00:00 0 
7fbbfc3c0000-7fbbfc3f0000 rw-p 00000000 00:00 0 
7fbbfc3f0000-7fbbfc400000 ---p 00000000 00:00 0 
7fbbfc400000-7fbbfc410000 rw-p 00000000 00:00 0 
7fbbfc410000-7fbc3c000000 ---p 00000000 00:00 0 
7fbc3c000000-7fbc3c021000 rw-p 00000000 00:00 0 
7fbc3c021000-7fbc40000000 ---p 00000000 00:00 0 
7fbc40000000-7fbc40021000 rw-p 00000000 00:00 0 
7fbc40021000-7fbc44000000 ---p 00000000 00:00 0 
7fbc45379000-7fbc45606000 rw-p 00000000 00:00 0 
7fbc45606000-7fbc4560a000 ---p 00000000 00:00 0 
7fbc4560a000-7fbc45706000 rw-p 00000000 00:00 0 
7fbc45706000-7fbc45730000 r--p 00000000 08:20 18307                      /usr/lib/jvm/java-17-openjdk-amd64/lib/libawt.so
7fbc45730000-7fbc457b3000 r-xp 0002a000 08:20 18307                      /usr/lib/jvm/java-17-openjdk-amd64/lib/libawt.so
7fbc457b3000-7fbc457c0000 r--p 000ad000 08:20 18307                      /usr/lib/jvm/java-17-openjdk-amd64/lib/libawt.so
7fbc457c0000-7fbc457c1000 r--p 000b9000 08:20 18307                      /usr/lib/jvm/java-17-openjdk-amd64/lib/libawt.so
7fbc457c1000-7fbc457cc000 rw-p 000ba000 08:20 18307                      /usr/lib/jvm/java-17-openjdk-amd64/lib/libawt.so
7fbc457cc000-7fbc457f1000 rw-p 00000000 00:00 0 
7fbc457f1000-7fbc457f5000 ---p 00000000 00:00 0 
7fbc457f5000-7fbc458f1000 rw-p 00000000 00:00 0 
7fbc458f1000-7fbc458f5000 ---p 00000000 00:00 0 
7fbc458f5000-7fbc459f1000 rw-p 00000000 00:00 0 
7fbc459f1000-7fbc459f5000 ---p 00000000 00:00 0 
7fbc459f5000-7fbc45af1000 rw-p 00000000 00:00 0 
7fbc45af1000-7fbc45af5000 ---p 00000000 00:00 0 
7fbc45af5000-7fbc45bf1000 rw-p 00000000 00:00 0 
7fbc45bf1000-7fbc45bf5000 ---p 00000000 00:00 0 
7fbc45bf5000-7fbc45cf1000 rw-p 00000000 00:00 0 
7fbc45cf1000-7fbc45cf5000 ---p 00000000 00:00 0 
7fbc45cf5000-7fbc45df1000 rw-p 00000000 00:00 0 
7fbc45df1000-7fbc45df5000 ---p 00000000 00:00 0 
7fbc45df5000-7fbc45ef1000 rw-p 00000000 00:00 0 
7fbc45ef1000-7fbc45ef5000 ---p 00000000 00:00 0 
7fbc45ef5000-7fbc45ff1000 rw-p 00000000 00:00 0 
7fbc45ff1000-7fbc45ff5000 ---p 00000000 00:00 0 
7fbc45ff5000-7fbc460f1000 rw-p 00000000 00:00 0 
7fbc460f1000-7fbc460f5000 ---p 00000000 00:00 0 
7fbc460f5000-7fbc461f1000 rw-p 00000000 00:00 0 
7fbc461f1000-7fbc461f5000 ---p 00000000 00:00 0 
7fbc461f5000-7fbc462f1000 rw-p 00000000 00:00 0 
7fbc462f1000-7fbc462f5000 ---p 00000000 00:00 0 
7fbc462f5000-7fbc463f1000 rw-p 00000000 00:00 0 
7fbc463f1000-7fbc463f5000 ---p 00000000 00:00 0 
7fbc463f5000-7fbc464f1000 rw-p 00000000 00:00 0 
7fbc464f1000-7fbc464f5000 ---p 00000000 00:00 0 
7fbc464f5000-7fbc465f1000 rw-p 00000000 00:00 0 
7fbc465f1000-7fbc465f2000 ---p 00000000 00:00 0 
7fbc465f2000-7fbc466f2000 rw-p 00000000 00:00 0 
7fbc466f2000-7fbc466f3000 ---p 00000000 00:00 0 
7fbc466f3000-7fbc467f3000 rw-p 00000000 00:00 0 
7fbc467f3000-7fbc467f4000 ---p 00000000 00:00 0 
7fbc467f4000-7fbc468f4000 rw-p 00000000 00:00 0 
7fbc468f4000-7fbc468f5000 ---p 00000000 00:00 0 
7fbc468f5000-7fbc469f5000 rw-p 00000000 00:00 0 
7fbc469f5000-7fbc469f6000 ---p 00000000 00:00 0 
7fbc469f6000-7fbc46af6000 rw-p 00000000 00:00 0 
7fbc46af6000-7fbc46afa000 ---p 00000000 00:00 0 
7fbc46afa000-7fbc46bf6000 rw-p 00000000 00:00 0 
7fbc46bf6000-7fbc46bf7000 ---p 00000000 00:00 0 
7fbc46bf7000-7fbc46cf7000 rw-p 00000000 00:00 0 
7fbc46cf7000-7fbc46cf8000 ---p 00000000 00:00 0 
7fbc46cf8000-7fbc46df8000 rw-p 00000000 00:00 0 
7fbc46df8000-7fbc46df9000 ---p 00000000 00:00 0 
7fbc46df9000-7fbc46ef9000 rw-p 00000000 00:00 0 
7fbc46ef9000-7fbc46efd000 ---p 00000000 00:00 0 
7fbc46efd000-7fbc46ff9000 rw-p 00000000 00:00 0 
7fbc46ff9000-7fbc46ffd000 ---p 00000000 00:00 0 
7fbc46ffd000-7fbc470f9000 rw-p 00000000 00:00 0 
7fbc470f9000-7fbc470fd000 ---p 00000000 00:00 0 
7fbc470fd000-7fbc471f9000 rw-p 00000000 00:00 0 
7fbc471f9000-7fbc471fa000 ---p 00000000 00:00 0 
7fbc471fa000-7fbc472fa000 rw-p 00000000 00:00 0 
7fbc472fa000-7fbc472fe000 ---p 00000000 00:00 0 
7fbc472fe000-7fbc473fa000 rw-p 00000000 00:00 0 
7fbc473fa000-7fbc473fe000 ---p 00000000 00:00 0 
7fbc473fe000-7fbc474fa000 rw-p 00000000 00:00 0 
7fbc474fa000-7fbc474fe000 ---p 00000000 00:00 0 
7fbc474fe000-7fbc475fa000 rw-p 00000000 00:00 0 
7fbc475fa000-7fbc475fe000 ---p 00000000 00:00 0 
7fbc475fe000-7fbc476fa000 rw-p 00000000 00:00 0 
7fbc476fa000-7fbc476fe000 ---p 00000000 00:00 0 
7fbc476fe000-7fbc477fa000 rw-p 00000000 00:00 0 
7fbc477fa000-7fbc477fe000 ---p 00000000 00:00 0 
7fbc477fe000-7fbc478fa000 rw-p 00000000 00:00 0 
7fbc478fa000-7fbc478fe000 ---p 00000000 00:00 0 
7fbc478fe000-7fbc479fa000 rw-p 00000000 00:00 0 
7fbc479fa000-7fbc47a51000 r--p 00000000 08:20 21361                      /usr/lib/locale/C.utf8/LC_CTYPE
7fbc47a51000-7fbc47a55000 ---p 00000000 00:00 0 
7fbc47a55000-7fbc47b51000 rw-p 00000000 00:00 0 
7fbc47b51000-7fbc47b55000 ---p 00000000 00:00 0 
7fbc47b55000-7fbc47c51000 rw-p 00000000 00:00 0 
7fbc47c51000-7fbc47c52000 ---p 00000000 00:00 0 
7fbc47c52000-7fbc47d52000 rw-p 00000000 00:00 0 
7fbc47d52000-7fbc47d57000 r--p 00000000 08:20 18440                      /usr/lib/jvm/java-17-openjdk-amd64/lib/libjsvml.so
7fbc47d57000-7fbc47d98000 r-xp 00005000 08:20 18440                      /usr/lib/jvm/java-17-openjdk-amd64/lib/libjsvml.so
7fbc47d98000-7fbc47e21000 r--p 00046000 08:20 18440                      /usr/lib/jvm/java-17-openjdk-amd64/lib/libjsvml.so
7fbc47e21000-7fbc47e22000 r--p 000ce000 08:20 18440                      /usr/lib/jvm/java-17-openjdk-amd64/lib/libjsvml.so
7fbc47e22000-7fbc47e23000 rw-p 000cf000 08:20 18440                      /usr/lib/jvm/java-17-openjdk-amd64/lib/libjsvml.so
7fbc47e23000-7fbc47eff000 rw-p 00000000 00:00 0 
7fbc47eff000-7fbc47f00000 ---p 00000000 00:00 0 
7fbc47f00000-7fbc48000000 rw-p 00000000 00:00 0 
7fbc48000000-7fbc48021000 rw-p 00000000 00:00 0 
7fbc48021000-7fbc4c000000 ---p 00000000 00:00 0 
7fbc4c000000-7fbc4c021000 rw-p 00000000 00:00 0 
7fbc4c021000-7fbc50000000 ---p 00000000 00:00 0 
7fbc50000000-7fbc50021000 rw-p 00000000 00:00 0 
7fbc50021000-7fbc54000000 ---p 00000000 00:00 0 
7fbc54010000-7fbc54016000 r--p 00000000 08:20 305118                     /tmp/temp-FlipLib7351920056663460172
7fbc54016000-7fbc5401b000 r-xp 00006000 08:20 305118                     /tmp/temp-FlipLib7351920056663460172
7fbc5401b000-7fbc5401d000 r--p 0000b000 08:20 305118                     /tmp/temp-FlipLib7351920056663460172
7fbc5401d000-7fbc5401e000 r--p 0000c000 08:20 305118                     /tmp/temp-FlipLib7351920056663460172
7fbc5401e000-7fbc5401f000 rw-p 0000d000 08:20 305118                     /tmp/temp-FlipLib7351920056663460172
7fbc5401f000-7fbc54026000 r--p 00000000 08:20 305095                     /tmp/temp-SepiaLib15836108600714268438
7fbc54026000-7fbc5402b000 r-xp 00007000 08:20 305095                     /tmp/temp-SepiaLib15836108600714268438
7fbc5402b000-7fbc5402d000 r--p 0000c000 08:20 305095                     /tmp/temp-SepiaLib15836108600714268438
7fbc5402d000-7fbc5402e000 ---p 0000e000 08:20 305095                     /tmp/temp-SepiaLib15836108600714268438
7fbc5402e000-7fbc5402f000 r--p 0000e000 08:20 305095                     /tmp/temp-SepiaLib15836108600714268438
7fbc5402f000-7fbc54030000 rw-p 0000f000 08:20 305095                     /tmp/temp-SepiaLib15836108600714268438
7fbc54030000-7fbc54033000 r--p 00000000 08:20 18314                      /usr/lib/jvm/java-17-openjdk-amd64/lib/libawt_headless.so
7fbc54033000-7fbc54037000 r-xp 00003000 08:20 18314                      /usr/lib/jvm/java-17-openjdk-amd64/lib/libawt_headless.so
7fbc54037000-7fbc54039000 r--p 00007000 08:20 18314                      /usr/lib/jvm/java-17-openjdk-amd64/lib/libawt_headless.so
7fbc54039000-7fbc5403a000 r--p 00008000 08:20 18314                      /usr/lib/jvm/java-17-openjdk-amd64/lib/libawt_headless.so
7fbc5403a000-7fbc5403b000 rw-p 00009000 08:20 18314                      /usr/lib/jvm/java-17-openjdk-amd64/lib/libawt_headless.so
7fbc5403b000-7fbc5403d000 r--p 00000000 08:20 18444                      /usr/lib/jvm/java-17-openjdk-amd64/lib/libmanagement_ext.so
7fbc5403d000-7fbc54040000 r-xp 00002000 08:20 18444                      /usr/lib/jvm/java-17-openjdk-amd64/lib/libmanagement_ext.so
7fbc54040000-7fbc54042000 r--p 00005000 08:20 18444                      /usr/lib/jvm/java-17-openjdk-amd64/lib/libmanagement_ext.so
7fbc54042000-7fbc54043000 r--p 00006000 08:20 18444                      /usr/lib/jvm/java-17-openjdk-amd64/lib/libmanagement_ext.so
7fbc54043000-7fbc54044000 rw-p 00007000 08:20 18444                      /usr/lib/jvm/java-17-openjdk-amd64/lib/libmanagement_ext.so
7fbc54044000-7fbc54085000 rw-p 00000000 00:00 0 
7fbc54087000-7fbc54089000 r--p 00000000 08:20 18442                      /usr/lib/jvm/java-17-openjdk-amd64/lib/libmanagement.so
7fbc54089000-7fbc5408a000 r-xp 00002000 08:20 18442                      /usr/lib/jvm/java-17-openjdk-amd64/lib/libmanagement.so
7fbc5408a000-7fbc5408b000 r--p 00003000 08:20 18442                      /usr/lib/jvm/java-17-openjdk-amd64/lib/libmanagement.so
7fbc5408b000-7fbc5408c000 r--p 00003000 08:20 18442                      /usr/lib/jvm/java-17-openjdk-amd64/lib/libmanagement.so
7fbc5408c000-7fbc5408d000 rw-p 00004000 08:20 18442                      /usr/lib/jvm/java-17-openjdk-amd64/lib/libmanagement.so
7fbc5408d000-7fbc54091000 r--p 00000000 08:20 18446                      /usr/lib/jvm/java-17-openjdk-amd64/lib/libnet.so
7fbc54091000-7fbc5409f000 r-xp 00004000 08:20 18446                      /usr/lib/jvm/java-17-openjdk-amd64/lib/libnet.so
7fbc5409f000-7fbc540a3000 r--p 00012000 08:20 18446                      /usr/lib/jvm/java-17-openjdk-amd64/lib/libnet.so
7fbc540a3000-7fbc540a4000 r--p 00015000 08:20 18446                      /usr/lib/jvm/java-17-openjdk-amd64/lib/libnet.so
7fbc540a4000-7fbc540a5000 rw-p 00016000 08:20 18446                      /usr/lib/jvm/java-17-openjdk-amd64/lib/libnet.so
7fbc540a5000-7fbc540ac000 r--p 00000000 08:20 18604                      /usr/lib/jvm/java-17-openjdk-amd64/lib/libnio.so
7fbc540ac000-7fbc540b5000 r-xp 00007000 08:20 18604                      /usr/lib/jvm/java-17-openjdk-amd64/lib/libnio.so
7fbc540b5000-7fbc540b9000 r--p 00010000 08:20 18604                      /usr/lib/jvm/java-17-openjdk-amd64/lib/libnio.so
7fbc540b9000-7fbc540ba000 ---p 00014000 08:20 18604                      /usr/lib/jvm/java-17-openjdk-amd64/lib/libnio.so
7fbc540ba000-7fbc540bb000 r--p 00014000 08:20 18604                      /usr/lib/jvm/java-17-openjdk-amd64/lib/libnio.so
7fbc540bb000-7fbc540bc000 rw-p 00015000 08:20 18604                      /usr/lib/jvm/java-17-openjdk-amd64/lib/libnio.so
7fbc540bc000-7fbc540bd000 ---p 00000000 00:00 0 
7fbc540bd000-7fbc569c5000 rw-p 00000000 00:00 0 
7fbc569c5000-7fbc569c6000 ---p 00000000 00:00 0 
7fbc569c6000-7fbc56ac6000 rw-p 00000000 00:00 0 
7fbc56ac6000-7fbc56ac7000 ---p 00000000 00:00 0 
7fbc56ac7000-7fbc56bc7000 rw-p 00000000 00:00 0 
7fbc56bc7000-7fbc56bc8000 ---p 00000000 00:00 0 
7fbc56bc8000-7fbc56db6000 rw-p 00000000 00:00 0 
7fbc56db6000-7fbc56e22000 ---p 00000000 00:00 0 
7fbc56e22000-7fbc56e2a000 rw-p 00000000 00:00 0 
7fbc56e2a000-7fbc57bf6000 ---p 00000000 00:00 0 
7fbc57bf6000-7fbc57cae000 rw-p 00000000 00:00 0 
7fbc57cae000-7fbc57d1a000 ---p 00000000 00:00 0 
7fbc57d1a000-7fbc57d22000 rw-p 00000000 00:00 0 
7fbc57d22000-7fbc58aee000 ---p 00000000 00:00 0 
7fbc58aee000-7fbc58b0c000 rw-p 00000000 00:00 0 
7fbc58b0c000-7fbc58b19000 ---p 00000000 00:00 0 
7fbc58b19000-7fbc58b1b000 rw-p 00000000 00:00 0 
7fbc58b1b000-7fbc58cd4000 ---p 00000000 00:00 0 
7fbc58cd4000-7fbc58ceb000 rw-p 00000000 00:00 0 
7fbc58ceb000-7fbc58cf8000 ---p 00000000 00:00 0 
7fbc58cf8000-7fbc58cfa000 rw-p 00000000 00:00 0 
7fbc58cfa000-7fbc58eb3000 ---p 00000000 00:00 0 
7fbc58eb3000-7fbc58eca000 rw-p 00000000 00:00 0 
7fbc58eca000-7fbc58ed7000 ---p 00000000 00:00 0 
7fbc58ed7000-7fbc58ed9000 rw-p 00000000 00:00 0 
7fbc58ed9000-7fbc59092000 ---p 00000000 00:00 0 
7fbc59092000-7fbc59598000 rw-p 00000000 00:00 0 
7fbc59598000-7fbc59d18000 rwxp 00000000 00:00 0 
7fbc59d18000-7fbc60acf000 ---p 00000000 00:00 0 
7fbc60acf000-7fbc60d3f000 rwxp 00000000 00:00 0 
7fbc60d3f000-7fbc61061000 ---p 00000000 00:00 0 
7fbc61061000-7fbc612d1000 rwxp 00000000 00:00 0 
7fbc612d1000-7fbc68598000 ---p 00000000 00:00 0 
7fbc68598000-7fbc70000000 r--s 00000000 08:20 19578                      /usr/lib/jvm/java-17-openjdk-amd64/lib/modules
7fbc70000000-7fbc70b08000 rw-p 00000000 00:00 0 
7fbc70b08000-7fbc74000000 ---p 00000000 00:00 0 
7fbc74002000-7fbc74003000 r--p 00000000 08:20 18376                      /usr/lib/jvm/java-17-openjdk-amd64/lib/libextnet.so
7fbc74003000-7fbc74004000 r-xp 00001000 08:20 18376                      /usr/lib/jvm/java-17-openjdk-amd64/lib/libextnet.so
7fbc74004000-7fbc74005000 r--p 00002000 08:20 18376                      /usr/lib/jvm/java-17-openjdk-amd64/lib/libextnet.so
7fbc74005000-7fbc74006000 r--p 00002000 08:20 18376                      /usr/lib/jvm/java-17-openjdk-amd64/lib/libextnet.so
7fbc74006000-7fbc74007000 rw-p 00003000 08:20 18376                      /usr/lib/jvm/java-17-openjdk-amd64/lib/libextnet.so
7fbc74007000-7fbc74009000 r--p 00000000 08:20 19577                      /usr/lib/jvm/java-17-openjdk-amd64/lib/libzip.so
7fbc74009000-7fbc7400e000 r-xp 00002000 08:20 19577                      /usr/lib/jvm/java-17-openjdk-amd64/lib/libzip.so
7fbc7400e000-7fbc74010000 r--p 00007000 08:20 19577                      /usr/lib/jvm/java-17-openjdk-amd64/lib/libzip.so
7fbc74010000-7fbc74011000 r--p 00008000 08:20 19577                      /usr/lib/jvm/java-17-openjdk-amd64/lib/libzip.so
7fbc74011000-7fbc74012000 rw-p 00009000 08:20 19577                      /usr/lib/jvm/java-17-openjdk-amd64/lib/libzip.so
7fbc74012000-7fbc74013000 r--p 00000000 08:20 21368                      /usr/lib/locale/C.utf8/LC_NUMERIC
7fbc74013000-7fbc74014000 r--p 00000000 08:20 21372                      /usr/lib/locale/C.utf8/LC_TIME
7fbc74014000-7fbc74015000 r--p 00000000 08:20 21360                      /usr/lib/locale/C.utf8/LC_COLLATE
7fbc74015000-7fbc74016000 r--p 00000000 08:20 21366                      /usr/lib/locale/C.utf8/LC_MONETARY
7fbc74016000-7fbc74017000 r--p 00000000 08:20 21365                      /usr/lib/locale/C.utf8/LC_MESSAGES/SYS_LC_MESSAGES
7fbc74017000-7fbc74018000 r--p 00000000 08:20 21370                      /usr/lib/locale/C.utf8/LC_PAPER
7fbc74018000-7fbc74019000 r--p 00000000 08:20 21367                      /usr/lib/locale/C.utf8/LC_NAME
7fbc74019000-7fbc74020000 r--s 00000000 08:20 32899                      /usr/lib/x86_64-linux-gnu/gconv/gconv-modules.cache
7fbc74020000-7fbc74328000 rw-p 00000000 00:00 0 
7fbc74328000-7fbc7440e000 ---p 00000000 00:00 0 
7fbc7440e000-7fbc7441d000 rw-p 00000000 00:00 0 
7fbc7441d000-7fbc744f9000 ---p 00000000 00:00 0 
7fbc744f9000-7fbc744fe000 rw-p 00000000 00:00 0 
7fbc744fe000-7fbc74505000 ---p 00000000 00:00 0 
7fbc74505000-7fbc74511000 r--p 00000000 08:20 18433                      /usr/lib/jvm/java-17-openjdk-amd64/lib/libjava.so
7fbc74511000-7fbc74524000 r-xp 0000c000 08:20 18433                      /usr/lib/jvm/java-17-openjdk-amd64/lib/libjava.so
7fbc74524000-7fbc7452a000 r--p 0001f000 08:20 18433                      /usr/lib/jvm/java-17-openjdk-amd64/lib/libjava.so
7fbc7452a000-7fbc7452b000 r--p 00024000 08:20 18433                      /usr/lib/jvm/java-17-openjdk-amd64/lib/libjava.so
7fbc7452b000-7fbc7452c000 rw-p 00025000 08:20 18433                      /usr/lib/jvm/java-17-openjdk-amd64/lib/libjava.so
7fbc7452c000-7fbc7452d000 rw-p 00000000 00:00 0 
7fbc7452d000-7fbc74535000 rw-s 00000000 08:20 1201                       /tmp/hsperfdata_lokesh/7556
7fbc74535000-7fbc74537000 r--p 00000000 08:20 18436                      /usr/lib/jvm/java-17-openjdk-amd64/lib/libjimage.so
7fbc74537000-7fbc7453a000 r-xp 00002000 08:20 18436                      /usr/lib/jvm/java-17-openjdk-amd64/lib/libjimage.so
7fbc7453a000-7fbc7453b000 r--p 00005000 08:20 18436                      /usr/lib/jvm/java-17-openjdk-amd64/lib/libjimage.so
7fbc7453b000-7fbc7453c000 ---p 00006000 08:20 18436                      /usr/lib/jvm/java-17-openjdk-amd64/lib/libjimage.so
7fbc7453c000-7fbc7453d000 r--p 00006000 08:20 18436                      /usr/lib/jvm/java-17-openjdk-amd64/lib/libjimage.so
7fbc7453d000-7fbc7453e000 rw-p 00007000 08:20 18436                      /usr/lib/jvm/java-17-openjdk-amd64/lib/libjimage.so
7fbc7453e000-7fbc74542000 ---p 00000000 00:00 0 
7fbc74542000-7fbc7463e000 rw-p 00000000 00:00 0 
7fbc7463e000-7fbc74641000 r--p 00000000 08:20 28279                      /usr/lib/x86_64-linux-gnu/libgcc_s.so.1
7fbc74641000-7fbc74658000 r-xp 00003000 08:20 28279                      /usr/lib/x86_64-linux-gnu/libgcc_s.so.1
7fbc74658000-7fbc7465c000 r--p 0001a000 08:20 28279                      /usr/lib/x86_64-linux-gnu/libgcc_s.so.1
7fbc7465c000-7fbc7465d000 r--p 0001d000 08:20 28279                      /usr/lib/x86_64-linux-gnu/libgcc_s.so.1
7fbc7465d000-7fbc7465e000 rw-p 0001e000 08:20 28279                      /usr/lib/x86_64-linux-gnu/libgcc_s.so.1
7fbc7465e000-7fbc7466c000 r--p 00000000 08:20 32620                      /usr/lib/x86_64-linux-gnu/libm.so.6
7fbc7466c000-7fbc746e8000 r-xp 0000e000 08:20 32620                      /usr/lib/x86_64-linux-gnu/libm.so.6
7fbc746e8000-7fbc74743000 r--p 0008a000 08:20 32620                      /usr/lib/x86_64-linux-gnu/libm.so.6
7fbc74743000-7fbc74744000 r--p 000e4000 08:20 32620                      /usr/lib/x86_64-linux-gnu/libm.so.6
7fbc74744000-7fbc74745000 rw-p 000e5000 08:20 32620                      /usr/lib/x86_64-linux-gnu/libm.so.6
7fbc74745000-7fbc747df000 r--p 00000000 08:20 32117                      /usr/lib/x86_64-linux-gnu/libstdc++.so.6.0.30
7fbc747df000-7fbc748f0000 r-xp 0009a000 08:20 32117                      /usr/lib/x86_64-linux-gnu/libstdc++.so.6.0.30
7fbc748f0000-7fbc7495f000 r--p 001ab000 08:20 32117                      /usr/lib/x86_64-linux-gnu/libstdc++.so.6.0.30
7fbc7495f000-7fbc74960000 ---p 0021a000 08:20 32117                      /usr/lib/x86_64-linux-gnu/libstdc++.so.6.0.30
7fbc74960000-7fbc7496b000 r--p 0021a000 08:20 32117                      /usr/lib/x86_64-linux-gnu/libstdc++.so.6.0.30
7fbc7496b000-7fbc7496e000 rw-p 00225000 08:20 32117                      /usr/lib/x86_64-linux-gnu/libstdc++.so.6.0.30
7fbc7496e000-7fbc74971000 rw-p 00000000 00:00 0 
7fbc74971000-7fbc74bc2000 r--p 00000000 08:20 22852                      /usr/lib/jvm/java-17-openjdk-amd64/lib/server/libjvm.so
7fbc74bc2000-7fbc75924000 r-xp 00251000 08:20 22852                      /usr/lib/jvm/java-17-openjdk-amd64/lib/server/libjvm.so
7fbc75924000-7fbc75ba6000 r--p 00fb3000 08:20 22852                      /usr/lib/jvm/java-17-openjdk-amd64/lib/server/libjvm.so
7fbc75ba6000-7fbc75c5e000 r--p 01234000 08:20 22852                      /usr/lib/jvm/java-17-openjdk-amd64/lib/server/libjvm.so
7fbc75c5e000-7fbc75c93000 rw-p 012ec000 08:20 22852                      /usr/lib/jvm/java-17-openjdk-amd64/lib/server/libjvm.so
7fbc75c93000-7fbc75cf0000 rw-p 00000000 00:00 0 
7fbc75cf0000-7fbc75d18000 r--p 00000000 08:20 32617                      /usr/lib/x86_64-linux-gnu/libc.so.6
7fbc75d18000-7fbc75ead000 r-xp 00028000 08:20 32617                      /usr/lib/x86_64-linux-gnu/libc.so.6
7fbc75ead000-7fbc75f05000 r--p 001bd000 08:20 32617                      /usr/lib/x86_64-linux-gnu/libc.so.6
7fbc75f05000-7fbc75f09000 r--p 00214000 08:20 32617                      /usr/lib/x86_64-linux-gnu/libc.so.6
7fbc75f09000-7fbc75f0b000 rw-p 00218000 08:20 32617                      /usr/lib/x86_64-linux-gnu/libc.so.6
7fbc75f0b000-7fbc75f18000 rw-p 00000000 00:00 0 
7fbc75f18000-7fbc75f1a000 r--p 00000000 08:20 18437                      /usr/lib/jvm/java-17-openjdk-amd64/lib/libjli.so
7fbc75f1a000-7fbc75f24000 r-xp 00002000 08:20 18437                      /usr/lib/jvm/java-17-openjdk-amd64/lib/libjli.so
7fbc75f24000-7fbc75f27000 r--p 0000c000 08:20 18437                      /usr/lib/jvm/java-17-openjdk-amd64/lib/libjli.so
7fbc75f27000-7fbc75f28000 r--p 0000e000 08:20 18437                      /usr/lib/jvm/java-17-openjdk-amd64/lib/libjli.so
7fbc75f28000-7fbc75f29000 rw-p 0000f000 08:20 18437                      /usr/lib/jvm/java-17-openjdk-amd64/lib/libjli.so
7fbc75f29000-7fbc75f2b000 r--p 00000000 08:20 6877                       /usr/lib/x86_64-linux-gnu/libz.so.1.2.11
7fbc75f2b000-7fbc75f3c000 r-xp 00002000 08:20 6877                       /usr/lib/x86_64-linux-gnu/libz.so.1.2.11
7fbc75f3c000-7fbc75f42000 r--p 00013000 08:20 6877                       /usr/lib/x86_64-linux-gnu/libz.so.1.2.11
7fbc75f42000-7fbc75f43000 ---p 00019000 08:20 6877                       /usr/lib/x86_64-linux-gnu/libz.so.1.2.11
7fbc75f43000-7fbc75f44000 r--p 00019000 08:20 6877                       /usr/lib/x86_64-linux-gnu/libz.so.1.2.11
7fbc75f44000-7fbc75f45000 rw-p 0001a000 08:20 6877                       /usr/lib/x86_64-linux-gnu/libz.so.1.2.11
7fbc75f45000-7fbc75f46000 r--p 00000000 08:20 21359                      /usr/lib/locale/C.utf8/LC_ADDRESS
7fbc75f46000-7fbc75f47000 r--p 00000000 08:20 21371                      /usr/lib/locale/C.utf8/LC_TELEPHONE
7fbc75f47000-7fbc75f48000 r--p 00000000 08:20 21363                      /usr/lib/locale/C.utf8/LC_MEASUREMENT
7fbc75f48000-7fbc75f49000 r--p 00000000 08:20 21362                      /usr/lib/locale/C.utf8/LC_IDENTIFICATION
7fbc75f49000-7fbc75f4a000 ---p 00000000 00:00 0 
7fbc75f4a000-7fbc75f4b000 r--p 00000000 00:00 0 
7fbc75f4b000-7fbc75f4d000 rw-p 00000000 00:00 0 
7fbc75f4d000-7fbc75f4f000 r--p 00000000 08:20 32614                      /usr/lib/x86_64-linux-gnu/ld-linux-x86-64.so.2
7fbc75f4f000-7fbc75f79000 r-xp 00002000 08:20 32614                      /usr/lib/x86_64-linux-gnu/ld-linux-x86-64.so.2
7fbc75f79000-7fbc75f84000 r--p 0002c000 08:20 32614                      /usr/lib/x86_64-linux-gnu/ld-linux-x86-64.so.2
7fbc75f84000-7fbc75f85000 ---p 00000000 00:00 0 
7fbc75f85000-7fbc75f87000 r--p 00037000 08:20 32614                      /usr/lib/x86_64-linux-gnu/ld-linux-x86-64.so.2
7fbc75f87000-7fbc75f89000 rw-p 00039000 08:20 32614                      /usr/lib/x86_64-linux-gnu/ld-linux-x86-64.so.2
7fff2c069000-7fff2c08a000 rw-p 00000000 00:00 0                          [stack]
7fff2c142000-7fff2c146000 r--p 00000000 00:00 0                          [vvar]
7fff2c146000-7fff2c148000 r-xp 00000000 00:00 0                          [vdso]


VM Arguments:
java_command: target/imageEffectApplication-0.0.1-SNAPSHOT.jar
java_class_path (initial): target/imageEffectApplication-0.0.1-SNAPSHOT.jar
Launcher Type: SUN_STANDARD

[Global flags]
     intx CICompilerCount                          = 4                                         {product} {ergonomic}
     uint ConcGCThreads                            = 2                                         {product} {ergonomic}
     uint G1ConcRefinementThreads                  = 8                                         {product} {ergonomic}
   size_t G1HeapRegionSize                         = 1048576                                   {product} {ergonomic}
    uintx GCDrainStackTargetSize                   = 64                                        {product} {ergonomic}
   size_t InitialHeapSize                          = 62914560                                  {product} {ergonomic}
   size_t MarkStackSize                            = 4194304                                   {product} {ergonomic}
   size_t MaxHeapSize                              = 1004535808                                {product} {ergonomic}
   size_t MaxNewSize                               = 601882624                                 {product} {ergonomic}
   size_t MinHeapDeltaBytes                        = 1048576                                   {product} {ergonomic}
   size_t MinHeapSize                              = 8388608                                   {product} {ergonomic}
    uintx NonNMethodCodeHeapSize                   = 5839372                                {pd product} {ergonomic}
    uintx NonProfiledCodeHeapSize                  = 122909434                              {pd product} {ergonomic}
    uintx ProfiledCodeHeapSize                     = 122909434                              {pd product} {ergonomic}
    uintx ReservedCodeCacheSize                    = 251658240                              {pd product} {ergonomic}
     bool SegmentedCodeCache                       = true                                      {product} {ergonomic}
   size_t SoftMaxHeapSize                          = 1004535808                             {manageable} {ergonomic}
     bool UseCompressedClassPointers               = true                           {product lp64_product} {ergonomic}
     bool UseCompressedOops                        = true                           {product lp64_product} {ergonomic}
     bool UseG1GC                                  = true                                      {product} {ergonomic}

Logging:
Log output configuration:
 #0: stdout all=warning uptime,level,tags
 #1: stderr all=off uptime,level,tags

Environment Variables:
PATH=/home/lokesh/.nvm/versions/node/v20.10.0/bin:/usr/local/sbin:/usr/local/bin:/usr/sbin:/usr/bin:/sbin:/bin:/usr/games:/usr/local/games:/usr/lib/wsl/lib:/mnt/c/WINDOWS/system32:/mnt/c/WINDOWS:/mnt/c/WINDOWS/System32/Wbem:/mnt/c/WINDOWS/System32/WindowsPowerShell/v1.0/:/mnt/c/WINDOWS/System32/OpenSSH/:/mnt/c/Program Files/MATLAB/R2023a/bin:/mnt/c/Program Files/Git/cmd:/mnt/c/Program Files/Cloudflare/Cloudflare WARP/:/mnt/c/Users/lokes/AppData/Local/Microsoft/WindowsApps:/mnt/c/Users/lokes/AppData/Local/Programs/Microsoft VS Code/bin:/mnt/c/Users/lokes/AppData/Local/GitHubDesktop/bin:/mnt/c/Users/lokes/AppData/Local/JetBrains/Toolbox/scripts:/snap/bin
SHELL=/bin/bash
DISPLAY=:0
HOSTTYPE=x86_64
LANG=C.UTF-8
TERM=xterm-256color

Active Locale:
LC_ALL=C.UTF-8
LC_COLLATE=C.UTF-8
LC_CTYPE=C.UTF-8
LC_MESSAGES=C.UTF-8
LC_MONETARY=C.UTF-8
LC_NUMERIC=C.UTF-8
LC_TIME=C.UTF-8

Signal Handlers:
   SIGSEGV: crash_handler in libjvm.so, mask=11100100010111111101111111111110, flags=SA_RESTART|SA_SIGINFO, unblocked
    SIGBUS: crash_handler in libjvm.so, mask=11100100010111111101111111111110, flags=SA_RESTART|SA_SIGINFO, unblocked
    SIGFPE: crash_handler in libjvm.so, mask=11100100010111111101111111111110, flags=SA_RESTART|SA_SIGINFO, unblocked
   SIGPIPE: javaSignalHandler in libjvm.so, mask=11100100010111111101111111111110, flags=SA_RESTART|SA_SIGINFO, blocked
   SIGXFSZ: javaSignalHandler in libjvm.so, mask=11100100010111111101111111111110, flags=SA_RESTART|SA_SIGINFO, blocked
    SIGILL: crash_handler in libjvm.so, mask=11100100010111111101111111111110, flags=SA_RESTART|SA_SIGINFO, unblocked
   SIGUSR2: SR_handler in libjvm.so, mask=00000000000000000000000000000000, flags=SA_RESTART|SA_SIGINFO, blocked
    SIGHUP: UserHandler in libjvm.so, mask=11100100010111111101111111111110, flags=SA_RESTART|SA_SIGINFO, blocked
    SIGINT: UserHandler in libjvm.so, mask=11100100010111111101111111111110, flags=SA_RESTART|SA_SIGINFO, blocked
   SIGTERM: UserHandler in libjvm.so, mask=11100100010111111101111111111110, flags=SA_RESTART|SA_SIGINFO, blocked
   SIGQUIT: UserHandler in libjvm.so, mask=11100100010111111101111111111110, flags=SA_RESTART|SA_SIGINFO, blocked
   SIGTRAP: crash_handler in libjvm.so, mask=11100100010111111101111111111110, flags=SA_RESTART|SA_SIGINFO, unblocked


Periodic native trim disabled


---------------  S Y S T E M  ---------------

OS:
DISTRIB_ID=Ubuntu
DISTRIB_RELEASE=22.04
DISTRIB_CODENAME=jammy
DISTRIB_DESCRIPTION="Ubuntu 22.04.3 LTS"
uname: Linux 5.15.133.1-microsoft-standard-WSL2 #1 SMP Thu Oct 5 21:02:42 UTC 2023 x86_64
OS uptime: 0 days 6:02 hours
libc: glibc 2.35 NPTL 2.35 
rlimit (soft/hard): STACK 8192k/infinity , CORE 0k/infinity , NPROC 15278/15278 , NOFILE 1048576/1048576 , AS infinity/infinity , CPU infinity/infinity , DATA infinity/infinity , FSIZE infinity/infinity , MEMLOCK 65536k/65536k
load average: 0.74 0.27 0.18

/proc/meminfo:
MemTotal:        3917804 kB
MemFree:         1617208 kB
MemAvailable:    2413788 kB
Buffers:           66060 kB
Cached:           901580 kB
SwapCached:            0 kB
Active:           582280 kB
Inactive:        1351552 kB
Active(anon):       2956 kB
Inactive(anon):   966868 kB
Active(file):     579324 kB
Inactive(file):   384684 kB
Unevictable:           0 kB
Mlocked:               0 kB
SwapTotal:       1048576 kB
SwapFree:        1048576 kB
Dirty:               780 kB
Writeback:             0 kB
AnonPages:        955508 kB
Mapped:           201032 kB
Shmem:              3632 kB
KReclaimable:      64944 kB
Slab:             116480 kB
SReclaimable:      64944 kB
SUnreclaim:        51536 kB
KernelStack:        4736 kB
PageTables:        15424 kB
NFS_Unstable:          0 kB
Bounce:                0 kB
WritebackTmp:          0 kB
CommitLimit:     3007476 kB
Committed_AS:    1214376 kB
VmallocTotal:   34359738367 kB
VmallocUsed:       25532 kB
VmallocChunk:          0 kB
Percpu:             3520 kB
AnonHugePages:    366592 kB
ShmemHugePages:        0 kB
ShmemPmdMapped:        0 kB
FileHugePages:         0 kB
FilePmdMapped:         0 kB
HugePages_Total:       0
HugePages_Free:        0
HugePages_Rsvd:        0
HugePages_Surp:        0
Hugepagesize:       2048 kB
Hugetlb:               0 kB
DirectMap4k:      142336 kB
DirectMap2M:     3954688 kB
DirectMap1G:     8388608 kB

/sys/kernel/mm/transparent_hugepage/enabled: [always] madvise never
/sys/kernel/mm/transparent_hugepage/defrag (defrag/compaction efforts parameter): always defer defer+madvise [madvise] never

Process Memory:
Virtual Size: 5532092K (peak: 5594888K)
Resident Set Size: 193260K (peak: 193260K) (anon: 169164K, file: 24096K, shmem: 0K)
Swapped out: 0K
C-Heap outstanding allocations: 40663K, retained: 51940K
glibc malloc tunables: (default)

/proc/sys/kernel/threads-max (system-wide limit on the number of threads): 30556
/proc/sys/vm/max_map_count (maximum number of memory map areas a process may have): 65530
/proc/sys/kernel/pid_max (system-wide limit on number of process identifiers): 4194304

container (cgroup) information:
container_type: cgroupv1
cpu_cpuset_cpus: 0-7
cpu_memory_nodes: 0
active_processor_count: 8
cpu_quota: no quota
cpu_period: 100000
cpu_shares: no shares
memory_limit_in_bytes: unlimited
memory_and_swap_limit_in_bytes: unlimited
memory_soft_limit_in_bytes: unlimited
memory_usage_in_bytes: 1923448 k
memory_max_usage_in_bytes: 657960 k
kernel_memory_usage_in_bytes: 19980 k
kernel_memory_max_usage_in_bytes: unlimited
kernel_memory_limit_in_bytes: 23876 k
maximum number of tasks: not supported
current number of tasks: not supported

Hyper-V virtualization detected
Steal ticks since vm start: 0
Steal ticks percentage since vm start:  0.000

CPU: total 8 (initial active 8) (4 cores per cpu, 2 threads per core) family 6 model 142 stepping 12 microcode 0xffffffff, cx8, cmov, fxsr, ht, mmx, 3dnowpref, sse, sse2, sse3, ssse3, sse4.1, sse4.2, popcnt, lzcnt, tsc, avx, avx2, aes, erms, clmul, bmi1, bmi2, adx, fma, vzeroupper, clflush, clflushopt, hv
CPU Model and flags from /proc/cpuinfo:
model name	: Intel(R) Core(TM) i5-8265U CPU @ 1.60GHz
flags		: fpu vme de pse tsc msr pae mce cx8 apic sep mtrr pge mca cmov pat pse36 clflush mmx fxsr sse sse2 ss ht syscall nx pdpe1gb rdtscp lm constant_tsc arch_perfmon rep_good nopl xtopology cpuid pni pclmulqdq vmx ssse3 fma cx16 pdcm pcid sse4_1 sse4_2 movbe popcnt aes xsave avx f16c rdrand hypervisor lahf_lm abm 3dnowprefetch invpcid_single ssbd ibrs ibpb stibp ibrs_enhanced tpr_shadow vnmi ept vpid ept_ad fsgsbase bmi1 avx2 smep bmi2 erms invpcid rdseed adx smap clflushopt xsaveopt xsavec xgetbv1 xsaves flush_l1d arch_capabilities

Online cpus: 0-7
Offline cpus: 
BIOS frequency limitation: <Not Available>
Frequency switch latency (ns): <Not Available>
Available cpu frequencies: <Not Available>
Current governor: <Not Available>
Core performance/turbo boost: <Not Available>

Memory: 4k page, physical 3917804k(1617208k free), swap 1048576k(1048576k free)
Page Sizes: 4k

vm_info: OpenJDK 64-Bit Server VM (17.0.9+9-Ubuntu-122.04) for linux-amd64 JRE (17.0.9+9-Ubuntu-122.04), built on Oct 19 2023 08:37:02 by "buildd" with gcc 11.4.0

END.
