#
# A fatal error has been detected by the Java Runtime Environment:
#
#  SIGSEGV (0xb) at pc=0x00007ff70c0af864, pid=7088, tid=7122
#
# JRE version: OpenJDK Runtime Environment (17.0.9+9) (build 17.0.9+9-Ubuntu-122.04)
# Java VM: OpenJDK 64-Bit Server VM (17.0.9+9-Ubuntu-122.04, mixed mode, sharing, tiered, compressed oops, compressed class ptrs, g1 gc, linux-amd64)
# Problematic frame:
# C  [temp-FlipLib3756491657492605071+0x7864]  std::vector<Pixel, std::allocator<Pixel> >::operator[](unsigned long)+0x14
#
# No core dump will be written. Core dumps have been disabled. To enable core dumping, try "ulimit -c unlimited" before starting Java again
#
# If you would like to submit a bug report, please visit:
#   Unknown
# The crash happened outside the Java Virtual Machine in native code.
# See problematic frame for where to report the bug.
#

---------------  S U M M A R Y ------------

Command Line: target/imageEffectApplication-0.0.1-SNAPSHOT.jar

Host: Intel(R) Core(TM) i5-8265U CPU @ 1.60GHz, 8 cores, 3G, Ubuntu 22.04.3 LTS
Time: Fri Dec  8 10:03:40 2023 IST elapsed time: 5.349800 seconds (0d 0h 0m 5s)

---------------  T H R E A D  ---------------

Current thread (0x00007ff728b3d080):  JavaThread "http-nio-8000-exec-1" daemon [_thread_in_native, id=7122, stack(0x00007ff6b1bf7000,0x00007ff6b1cf7000)]

Stack: [0x00007ff6b1bf7000,0x00007ff6b1cf7000],  sp=0x00007ff6b1cf3850,  free space=1010k
Native frames: (J=compiled Java code, j=interpreted, Vv=VM code, C=native code)
C  [temp-FlipLib3756491657492605071+0x7864]  std::vector<Pixel, std::allocator<Pixel> >::operator[](unsigned long)+0x14
C  [temp-FlipLib3756491657492605071+0x7713]  applyFlip(std::vector<std::vector<Pixel, std::allocator<Pixel> >, std::allocator<std::vector<Pixel, std::allocator<Pixel> > > >&, int, int)+0xba
C  [temp-FlipLib3756491657492605071+0x7bc7]  Java_com_iiitb_imageEffectApplication_libraryInterfaces_FlipInterface_applyFlip+0x2e8
j  com.iiitb.imageEffectApplication.libraryInterfaces.FlipInterface.applyFlip([[Lcom/iiitb/imageEffectApplication/libraryInterfaces/Pixel;II)[[Lcom/iiitb/imageEffectApplication/libraryInterfaces/Pixel;+0
j  com.iiitb.imageEffectApplication.service.PhotoEffectService.applyFlipEffect(Lorg/springframework/web/multipart/MultipartFile;II)Lorg/springframework/http/ResponseEntity;+36
j  com.iiitb.imageEffectApplication.controller.PhotoController.applyFlipEffect(IILorg/springframework/web/multipart/MultipartFile;)Lorg/springframework/http/ResponseEntity;+7
v  ~StubRoutines::call_stub
V  [libjvm.so+0x838e25]  JavaCalls::call_helper(JavaValue*, methodHandle const&, JavaCallArguments*, JavaThread*)+0x325
V  [libjvm.so+0xcc7dde]  invoke(InstanceKlass*, methodHandle const&, Handle, bool, objArrayHandle, BasicType, objArrayHandle, bool, JavaThread*) [clone .constprop.0]+0x56e
V  [libjvm.so+0xcc8d8b]  Reflection::invoke_method(oopDesc*, Handle, objArrayHandle, JavaThread*)+0x15b
V  [libjvm.so+0x910adb]  JVM_InvokeMethod+0x14b
j  jdk.internal.reflect.NativeMethodAccessorImpl.invoke0(Ljava/lang/reflect/Method;Ljava/lang/Object;[Ljava/lang/Object;)Ljava/lang/Object;+0 java.base@17.0.9
j  jdk.internal.reflect.NativeMethodAccessorImpl.invoke(Ljava/lang/Object;[Ljava/lang/Object;)Ljava/lang/Object;+133 java.base@17.0.9
j  jdk.internal.reflect.DelegatingMethodAccessorImpl.invoke(Ljava/lang/Object;[Ljava/lang/Object;)Ljava/lang/Object;+6 java.base@17.0.9
j  java.lang.reflect.Method.invoke(Ljava/lang/Object;[Ljava/lang/Object;)Ljava/lang/Object;+59 java.base@17.0.9
j  org.springframework.web.method.support.InvocableHandlerMethod.doInvoke([Ljava/lang/Object;)Ljava/lang/Object;+29
j  org.springframework.web.method.support.InvocableHandlerMethod.invokeForRequest(Lorg/springframework/web/context/request/NativeWebRequest;Lorg/springframework/web/method/support/ModelAndViewContainer;[Ljava/lang/Object;)Ljava/lang/Object;+41
j  org.springframework.web.servlet.mvc.method.annotation.ServletInvocableHandlerMethod.invokeAndHandle(Lorg/springframework/web/context/request/ServletWebRequest;Lorg/springframework/web/method/support/ModelAndViewContainer;[Ljava/lang/Object;)V+4
j  org.springframework.web.servlet.mvc.method.annotation.RequestMappingHandlerAdapter.invokeHandlerMethod(Ljakarta/servlet/http/HttpServletRequest;Ljakarta/servlet/http/HttpServletResponse;Lorg/springframework/web/method/HandlerMethod;)Lorg/springframework/web/servlet/ModelAndView;+244
j  org.springframework.web.servlet.mvc.method.annotation.RequestMappingHandlerAdapter.handleInternal(Ljakarta/servlet/http/HttpServletRequest;Ljakarta/servlet/http/HttpServletResponse;Lorg/springframework/web/method/HandlerMethod;)Lorg/springframework/web/servlet/ModelAndView;+81
j  org.springframework.web.servlet.mvc.method.AbstractHandlerMethodAdapter.handle(Ljakarta/servlet/http/HttpServletRequest;Ljakarta/servlet/http/HttpServletResponse;Ljava/lang/Object;)Lorg/springframework/web/servlet/ModelAndView;+7
j  org.springframework.web.servlet.DispatcherServlet.doDispatch(Ljakarta/servlet/http/HttpServletRequest;Ljakarta/servlet/http/HttpServletResponse;)V+259
j  org.springframework.web.servlet.DispatcherServlet.doService(Ljakarta/servlet/http/HttpServletRequest;Ljakarta/servlet/http/HttpServletResponse;)V+242
j  org.springframework.web.servlet.FrameworkServlet.processRequest(Ljakarta/servlet/http/HttpServletRequest;Ljakarta/servlet/http/HttpServletResponse;)V+70
j  org.springframework.web.servlet.FrameworkServlet.doPost(Ljakarta/servlet/http/HttpServletRequest;Ljakarta/servlet/http/HttpServletResponse;)V+3
j  jakarta.servlet.http.HttpServlet.service(Ljakarta/servlet/http/HttpServletRequest;Ljakarta/servlet/http/HttpServletResponse;)V+149
j  org.springframework.web.servlet.FrameworkServlet.service(Ljakarta/servlet/http/HttpServletRequest;Ljakarta/servlet/http/HttpServletResponse;)V+20
j  jakarta.servlet.http.HttpServlet.service(Ljakarta/servlet/ServletRequest;Ljakarta/servlet/ServletResponse;)V+36
j  org.apache.catalina.core.ApplicationFilterChain.internalDoFilter(Ljakarta/servlet/ServletRequest;Ljakarta/servlet/ServletResponse;)V+305
j  org.apache.catalina.core.ApplicationFilterChain.doFilter(Ljakarta/servlet/ServletRequest;Ljakarta/servlet/ServletResponse;)V+99
j  org.apache.tomcat.websocket.server.WsFilter.doFilter(Ljakarta/servlet/ServletRequest;Ljakarta/servlet/ServletResponse;Ljakarta/servlet/FilterChain;)V+21
j  org.apache.catalina.core.ApplicationFilterChain.internalDoFilter(Ljakarta/servlet/ServletRequest;Ljakarta/servlet/ServletResponse;)V+135
j  org.apache.catalina.core.ApplicationFilterChain.doFilter(Ljakarta/servlet/ServletRequest;Ljakarta/servlet/ServletResponse;)V+99
j  org.springframework.web.filter.CharacterEncodingFilter.doFilterInternal(Ljakarta/servlet/http/HttpServletRequest;Ljakarta/servlet/http/HttpServletResponse;Ljakarta/servlet/FilterChain;)V+53
j  org.springframework.web.filter.OncePerRequestFilter.doFilter(Ljakarta/servlet/ServletRequest;Ljakarta/servlet/ServletResponse;Ljakarta/servlet/FilterChain;)V+150
j  org.apache.catalina.core.ApplicationFilterChain.internalDoFilter(Ljakarta/servlet/ServletRequest;Ljakarta/servlet/ServletResponse;)V+135
j  org.apache.catalina.core.ApplicationFilterChain.doFilter(Ljakarta/servlet/ServletRequest;Ljakarta/servlet/ServletResponse;)V+99
j  org.apache.catalina.core.StandardWrapperValve.invoke(Lorg/apache/catalina/connector/Request;Lorg/apache/catalina/connector/Response;)V+514
j  org.apache.catalina.core.StandardContextValve.invoke(Lorg/apache/catalina/connector/Request;Lorg/apache/catalina/connector/Response;)V+169
j  org.apache.catalina.authenticator.AuthenticatorBase.invoke(Lorg/apache/catalina/connector/Request;Lorg/apache/catalina/connector/Response;)V+218
j  org.apache.catalina.core.StandardHostValve.invoke(Lorg/apache/catalina/connector/Request;Lorg/apache/catalina/connector/Response;)V+131
j  org.apache.catalina.valves.ErrorReportValve.invoke(Lorg/apache/catalina/connector/Request;Lorg/apache/catalina/connector/Response;)V+6
j  org.apache.catalina.core.StandardEngineValve.invoke(Lorg/apache/catalina/connector/Request;Lorg/apache/catalina/connector/Response;)V+59
j  org.apache.catalina.connector.CoyoteAdapter.service(Lorg/apache/coyote/Request;Lorg/apache/coyote/Response;)V+187
j  org.apache.coyote.http11.Http11Processor.service(Lorg/apache/tomcat/util/net/SocketWrapperBase;)Lorg/apache/tomcat/util/net/AbstractEndpoint$Handler$SocketState;+785
j  org.apache.coyote.AbstractProcessorLight.process(Lorg/apache/tomcat/util/net/SocketWrapperBase;Lorg/apache/tomcat/util/net/SocketEvent;)Lorg/apache/tomcat/util/net/AbstractEndpoint$Handler$SocketState;+152
j  org.apache.coyote.AbstractProtocol$ConnectionHandler.process(Lorg/apache/tomcat/util/net/SocketWrapperBase;Lorg/apache/tomcat/util/net/SocketEvent;)Lorg/apache/tomcat/util/net/AbstractEndpoint$Handler$SocketState;+482
j  org.apache.tomcat.util.net.NioEndpoint$SocketProcessor.doRun()V+249
j  org.apache.tomcat.util.net.SocketProcessorBase.run()V+32
j  org.apache.tomcat.util.threads.ThreadPoolExecutor.runWorker(Lorg/apache/tomcat/util/threads/ThreadPoolExecutor$Worker;)V+92
j  org.apache.tomcat.util.threads.ThreadPoolExecutor$Worker.run()V+5
j  org.apache.tomcat.util.threads.TaskThread$WrappingRunnable.run()V+4
j  java.lang.Thread.run()V+11 java.base@17.0.9
v  ~StubRoutines::call_stub
V  [libjvm.so+0x838e25]  JavaCalls::call_helper(JavaValue*, methodHandle const&, JavaCallArguments*, JavaThread*)+0x325
V  [libjvm.so+0x83a492]  JavaCalls::call_virtual(JavaValue*, Handle, Klass*, Symbol*, Symbol*, JavaThread*)+0x1b2
V  [libjvm.so+0x905217]  thread_entry(JavaThread*, JavaThread*)+0xa7
V  [libjvm.so+0xeadb33]  JavaThread::thread_main_inner()+0xe3
V  [libjvm.so+0xeb1504]  Thread::call_run()+0xc4
V  [libjvm.so+0xc3c6c9]  thread_native_entry(Thread*)+0xe9

Java frames: (J=compiled Java code, j=interpreted, Vv=VM code)
j  com.iiitb.imageEffectApplication.libraryInterfaces.FlipInterface.applyFlip([[Lcom/iiitb/imageEffectApplication/libraryInterfaces/Pixel;II)[[Lcom/iiitb/imageEffectApplication/libraryInterfaces/Pixel;+0
j  com.iiitb.imageEffectApplication.service.PhotoEffectService.applyFlipEffect(Lorg/springframework/web/multipart/MultipartFile;II)Lorg/springframework/http/ResponseEntity;+36
j  com.iiitb.imageEffectApplication.controller.PhotoController.applyFlipEffect(IILorg/springframework/web/multipart/MultipartFile;)Lorg/springframework/http/ResponseEntity;+7
v  ~StubRoutines::call_stub
j  jdk.internal.reflect.NativeMethodAccessorImpl.invoke0(Ljava/lang/reflect/Method;Ljava/lang/Object;[Ljava/lang/Object;)Ljava/lang/Object;+0 java.base@17.0.9
j  jdk.internal.reflect.NativeMethodAccessorImpl.invoke(Ljava/lang/Object;[Ljava/lang/Object;)Ljava/lang/Object;+133 java.base@17.0.9
j  jdk.internal.reflect.DelegatingMethodAccessorImpl.invoke(Ljava/lang/Object;[Ljava/lang/Object;)Ljava/lang/Object;+6 java.base@17.0.9
j  java.lang.reflect.Method.invoke(Ljava/lang/Object;[Ljava/lang/Object;)Ljava/lang/Object;+59 java.base@17.0.9
j  org.springframework.web.method.support.InvocableHandlerMethod.doInvoke([Ljava/lang/Object;)Ljava/lang/Object;+29
j  org.springframework.web.method.support.InvocableHandlerMethod.invokeForRequest(Lorg/springframework/web/context/request/NativeWebRequest;Lorg/springframework/web/method/support/ModelAndViewContainer;[Ljava/lang/Object;)Ljava/lang/Object;+41
j  org.springframework.web.servlet.mvc.method.annotation.ServletInvocableHandlerMethod.invokeAndHandle(Lorg/springframework/web/context/request/ServletWebRequest;Lorg/springframework/web/method/support/ModelAndViewContainer;[Ljava/lang/Object;)V+4
j  org.springframework.web.servlet.mvc.method.annotation.RequestMappingHandlerAdapter.invokeHandlerMethod(Ljakarta/servlet/http/HttpServletRequest;Ljakarta/servlet/http/HttpServletResponse;Lorg/springframework/web/method/HandlerMethod;)Lorg/springframework/web/servlet/ModelAndView;+244
j  org.springframework.web.servlet.mvc.method.annotation.RequestMappingHandlerAdapter.handleInternal(Ljakarta/servlet/http/HttpServletRequest;Ljakarta/servlet/http/HttpServletResponse;Lorg/springframework/web/method/HandlerMethod;)Lorg/springframework/web/servlet/ModelAndView;+81
j  org.springframework.web.servlet.mvc.method.AbstractHandlerMethodAdapter.handle(Ljakarta/servlet/http/HttpServletRequest;Ljakarta/servlet/http/HttpServletResponse;Ljava/lang/Object;)Lorg/springframework/web/servlet/ModelAndView;+7
j  org.springframework.web.servlet.DispatcherServlet.doDispatch(Ljakarta/servlet/http/HttpServletRequest;Ljakarta/servlet/http/HttpServletResponse;)V+259
j  org.springframework.web.servlet.DispatcherServlet.doService(Ljakarta/servlet/http/HttpServletRequest;Ljakarta/servlet/http/HttpServletResponse;)V+242
j  org.springframework.web.servlet.FrameworkServlet.processRequest(Ljakarta/servlet/http/HttpServletRequest;Ljakarta/servlet/http/HttpServletResponse;)V+70
j  org.springframework.web.servlet.FrameworkServlet.doPost(Ljakarta/servlet/http/HttpServletRequest;Ljakarta/servlet/http/HttpServletResponse;)V+3
j  jakarta.servlet.http.HttpServlet.service(Ljakarta/servlet/http/HttpServletRequest;Ljakarta/servlet/http/HttpServletResponse;)V+149
j  org.springframework.web.servlet.FrameworkServlet.service(Ljakarta/servlet/http/HttpServletRequest;Ljakarta/servlet/http/HttpServletResponse;)V+20
j  jakarta.servlet.http.HttpServlet.service(Ljakarta/servlet/ServletRequest;Ljakarta/servlet/ServletResponse;)V+36
j  org.apache.catalina.core.ApplicationFilterChain.internalDoFilter(Ljakarta/servlet/ServletRequest;Ljakarta/servlet/ServletResponse;)V+305
j  org.apache.catalina.core.ApplicationFilterChain.doFilter(Ljakarta/servlet/ServletRequest;Ljakarta/servlet/ServletResponse;)V+99
j  org.apache.tomcat.websocket.server.WsFilter.doFilter(Ljakarta/servlet/ServletRequest;Ljakarta/servlet/ServletResponse;Ljakarta/servlet/FilterChain;)V+21
j  org.apache.catalina.core.ApplicationFilterChain.internalDoFilter(Ljakarta/servlet/ServletRequest;Ljakarta/servlet/ServletResponse;)V+135
j  org.apache.catalina.core.ApplicationFilterChain.doFilter(Ljakarta/servlet/ServletRequest;Ljakarta/servlet/ServletResponse;)V+99
j  org.springframework.web.filter.CharacterEncodingFilter.doFilterInternal(Ljakarta/servlet/http/HttpServletRequest;Ljakarta/servlet/http/HttpServletResponse;Ljakarta/servlet/FilterChain;)V+53
j  org.springframework.web.filter.OncePerRequestFilter.doFilter(Ljakarta/servlet/ServletRequest;Ljakarta/servlet/ServletResponse;Ljakarta/servlet/FilterChain;)V+150
j  org.apache.catalina.core.ApplicationFilterChain.internalDoFilter(Ljakarta/servlet/ServletRequest;Ljakarta/servlet/ServletResponse;)V+135
j  org.apache.catalina.core.ApplicationFilterChain.doFilter(Ljakarta/servlet/ServletRequest;Ljakarta/servlet/ServletResponse;)V+99
j  org.apache.catalina.core.StandardWrapperValve.invoke(Lorg/apache/catalina/connector/Request;Lorg/apache/catalina/connector/Response;)V+514
j  org.apache.catalina.core.StandardContextValve.invoke(Lorg/apache/catalina/connector/Request;Lorg/apache/catalina/connector/Response;)V+169
j  org.apache.catalina.authenticator.AuthenticatorBase.invoke(Lorg/apache/catalina/connector/Request;Lorg/apache/catalina/connector/Response;)V+218
j  org.apache.catalina.core.StandardHostValve.invoke(Lorg/apache/catalina/connector/Request;Lorg/apache/catalina/connector/Response;)V+131
j  org.apache.catalina.valves.ErrorReportValve.invoke(Lorg/apache/catalina/connector/Request;Lorg/apache/catalina/connector/Response;)V+6
j  org.apache.catalina.core.StandardEngineValve.invoke(Lorg/apache/catalina/connector/Request;Lorg/apache/catalina/connector/Response;)V+59
j  org.apache.catalina.connector.CoyoteAdapter.service(Lorg/apache/coyote/Request;Lorg/apache/coyote/Response;)V+187
j  org.apache.coyote.http11.Http11Processor.service(Lorg/apache/tomcat/util/net/SocketWrapperBase;)Lorg/apache/tomcat/util/net/AbstractEndpoint$Handler$SocketState;+785
j  org.apache.coyote.AbstractProcessorLight.process(Lorg/apache/tomcat/util/net/SocketWrapperBase;Lorg/apache/tomcat/util/net/SocketEvent;)Lorg/apache/tomcat/util/net/AbstractEndpoint$Handler$SocketState;+152
j  org.apache.coyote.AbstractProtocol$ConnectionHandler.process(Lorg/apache/tomcat/util/net/SocketWrapperBase;Lorg/apache/tomcat/util/net/SocketEvent;)Lorg/apache/tomcat/util/net/AbstractEndpoint$Handler$SocketState;+482
j  org.apache.tomcat.util.net.NioEndpoint$SocketProcessor.doRun()V+249
j  org.apache.tomcat.util.net.SocketProcessorBase.run()V+32
j  org.apache.tomcat.util.threads.ThreadPoolExecutor.runWorker(Lorg/apache/tomcat/util/threads/ThreadPoolExecutor$Worker;)V+92
j  org.apache.tomcat.util.threads.ThreadPoolExecutor$Worker.run()V+5
j  org.apache.tomcat.util.threads.TaskThread$WrappingRunnable.run()V+4
j  java.lang.Thread.run()V+11 java.base@17.0.9
v  ~StubRoutines::call_stub

siginfo: si_signo: 11 (SIGSEGV), si_code: 1 (SEGV_MAPERR), si_addr: 0x0000000000000000

Registers:
RAX=0x0000000000000000, RBX=0x00007ff644093a28, RCX=0x0000000000000000, RDX=0x0000000000000000
RSP=0x00007ff6b1cf3850, RBP=0x00007ff6b1cf3850, RSI=0x0000000000000000, RDI=0x0000000000000000
R8 =0x0000000000000000, R9 =0x00007ff644446660, R10=0x00007ff70c0a8b10, R11=0x00007ff70c0af850
R12=0x0000000000000000, R13=0x00007ff6b4a491e0, R14=0x00007ff6b1cf3a60, R15=0x00007ff728b3d080
RIP=0x00007ff70c0af864, EFLAGS=0x0000000000010246, CSGSFS=0x002b000000000033, ERR=0x0000000000000004
  TRAPNO=0x000000000000000e


Register to memory mapping:

RAX=0x0 is NULL
RBX=0x00007ff644093a28 points into unknown readable memory: 0x00000000c50e31d8 | d8 31 0e c5 00 00 00 00
RCX=0x0 is NULL
RDX=0x0 is NULL
RSP=0x00007ff6b1cf3850 is pointing into the stack for thread: 0x00007ff728b3d080
RBP=0x00007ff6b1cf3850 is pointing into the stack for thread: 0x00007ff728b3d080
RSI=0x0 is NULL
RDI=0x0 is NULL
R8 =0x0 is NULL
R9 =0x00007ff644446660 points into unknown readable memory: 0x000000c5000000c9 | c9 00 00 00 c5 00 00 00
R10=0x00007ff70c0a8b10: <offset 0x0000000000000b10> in /tmp/temp-FlipLib3756491657492605071 at 0x00007ff70c0a8000
R11=0x00007ff70c0af850: _ZNSt6vectorI5PixelSaIS0_EEixEm+0x0000000000000000 in /tmp/temp-FlipLib3756491657492605071 at 0x00007ff70c0a8000
R12=0x0 is NULL
R13=0x00007ff6b4a491e0 is pointing into metadata
R14=0x00007ff6b1cf3a60 is pointing into the stack for thread: 0x00007ff728b3d080
R15=0x00007ff728b3d080 is a thread


Top of Stack: (sp=0x00007ff6b1cf3850)
0x00007ff6b1cf3850:   00007ff6b1cf38a0 00007ff70c0af713
0x00007ff6b1cf3860:   00007ff6b1cf3880 0000000000000000
0x00007ff6b1cf3870:   00007ff6b1cf3970 00007ff6b1cf3990
0x00007ff6b1cf3880:   0000000000000000 000001240000016e
0x00007ff6b1cf3890:   00007ff6b4a491f0 00007ff6b4a491f0
0x00007ff6b1cf38a0:   00007ff6b1cf39c0 00007ff70c0afbc7
0x00007ff6b1cf38b0:   0000000000000000 00007ff6b1cf3a60
0x00007ff6b1cf38c0:   00007ff6b1cf3a40 00007ff728b3d330
0x00007ff6b1cf38d0:   00007ff72e5412f0 000001240000016e
0x00007ff6b1cf38e0:   00007ff6b4a49d80 000000000000016e
0x00007ff6b1cf38f0:   0000000000000000 0000005500000124
0x00007ff6b1cf3900:   0000002a00000082 00007ff644440918
0x00007ff6b1cf3910:   00007ff644443068 0000000000000000
0x00007ff6b1cf3920:   00007ff72e636300 0000000000000000
0x00007ff6b1cf3930:   0000000000000000 00007ff644440910
0x00007ff6b1cf3940:   00007ff644443060 0000000000000032
0x00007ff6b1cf3950:   0000000000000042 0000000000000052
0x00007ff6b1cf3960:   00000055b1cf3a60 0000002a00000082
0x00007ff6b1cf3970:   00007ff644387150 00007ff6443893a0
0x00007ff6b1cf3980:   00007ff64438a150 00007ff728b3d080
0x00007ff6b1cf3990:   0000000000000000 0000000000000000
0x00007ff6b1cf39a0:   0000000000000000 d3e732f05a244500
0x00007ff6b1cf39b0:   00007ff6b4a491f0 0000000000000000
0x00007ff6b1cf39c0:   00007ff6b1cf3a30 00007ff718adc51a
0x00007ff6b1cf39d0:   00007ff6b1cf3a30 00007ff718adc29e
0x00007ff6b1cf39e0:   00007ff718adc256 00007ff6b1cf39e8
0x00007ff6b1cf39f0:   00007ff6b4a491e0 00007ff6b1cf3a60
0x00007ff6b1cf3a00:   00007ff6b4a49300 0000000000000000
0x00007ff6b1cf3a10:   00000000c64a28e8 00007ff6b4a491f0
0x00007ff6b1cf3a20:   0000000000000000 00007ff6b1cf3a50
0x00007ff6b1cf3a30:   00007ff6b1cf3ab0 00007ff718ad8397
0x00007ff6b1cf3a40:   00000000c64a28e8 00007ff718ad9f7b 

Instructions: (pc=0x00007ff70c0af864)
0x00007ff70c0af764:   c3 90 f3 0f 1e fa 55 48 89 e5 48 83 ec 10 48 89
0x00007ff70c0af774:   7d f8 48 8b 45 f8 48 89 c7 e8 ce f7 ff ff 90 c9
0x00007ff70c0af784:   c3 90 f3 0f 1e fa 55 48 89 e5 48 83 ec 10 48 89
0x00007ff70c0af794:   7d f8 48 8b 45 f8 48 89 c7 e8 7e fa ff ff 48 8b
0x00007ff70c0af7a4:   45 f8 48 89 c7 e8 32 fb ff ff 90 c9 c3 90 f3 0f
0x00007ff70c0af7b4:   1e fa 55 48 89 e5 48 89 7d f8 48 8b 45 f8 48 8b
0x00007ff70c0af7c4:   50 08 48 8b 45 f8 48 8b 08 48 89 d0 48 29 c8 48
0x00007ff70c0af7d4:   c1 f8 03 48 89 c2 48 b8 ab aa aa aa aa aa aa aa
0x00007ff70c0af7e4:   48 0f af c2 5d c3 f3 0f 1e fa 55 48 89 e5 48 89
0x00007ff70c0af7f4:   7d f8 48 89 75 f0 48 8b 45 f8 48 8b 08 48 8b 55
0x00007ff70c0af804:   f0 48 89 d0 48 01 c0 48 01 d0 48 c1 e0 03 48 01
0x00007ff70c0af814:   c8 5d c3 90 f3 0f 1e fa 55 48 89 e5 48 89 7d f8
0x00007ff70c0af824:   48 8b 45 f8 48 8b 50 08 48 8b 45 f8 48 8b 08 48
0x00007ff70c0af834:   89 d0 48 29 c8 48 c1 f8 02 48 89 c2 48 b8 ab aa
0x00007ff70c0af844:   aa aa aa aa aa aa 48 0f af c2 5d c3 f3 0f 1e fa
0x00007ff70c0af854:   55 48 89 e5 48 89 7d f8 48 89 75 f0 48 8b 45 f8
0x00007ff70c0af864:   48 8b 08 48 8b 55 f0 48 89 d0 48 01 c0 48 01 d0
0x00007ff70c0af874:   48 c1 e0 02 48 01 c8 5d c3 90 f3 0f 1e fa 55 48
0x00007ff70c0af884:   89 e5 48 83 ec 10 48 89 7d f8 48 8b 45 f8 48 89
0x00007ff70c0af894:   c7 e8 76 f7 ff ff 90 c9 c3 90 f3 0f 1e fa 55 48
0x00007ff70c0af8a4:   89 e5 48 89 7d f8 48 8b 45 f8 48 c7 00 00 00 00
0x00007ff70c0af8b4:   00 48 8b 45 f8 48 c7 40 08 00 00 00 00 48 8b 45
0x00007ff70c0af8c4:   f8 48 c7 40 10 00 00 00 00 90 5d c3 f3 0f 1e fa
0x00007ff70c0af8d4:   55 48 89 e5 48 89 7d f8 90 5d c3 f3 0f 1e fa 55
0x00007ff70c0af8e4:   48 89 e5 41 54 53 48 81 ec 00 01 00 00 48 89 bd
0x00007ff70c0af8f4:   08 ff ff ff 48 89 b5 00 ff ff ff 48 89 95 f8 fe
0x00007ff70c0af904:   ff ff 89 8d f4 fe ff ff 44 89 85 f0 fe ff ff 64
0x00007ff70c0af914:   48 8b 04 25 28 00 00 00 48 89 45 e8 31 c0 48 8d
0x00007ff70c0af924:   45 b0 48 89 c7 e8 22 f8 ff ff 48 8b 95 f8 fe ff
0x00007ff70c0af934:   ff 48 8b 85 08 ff ff ff 48 89 d6 48 89 c7 e8 f9
0x00007ff70c0af944:   f5 ff ff 89 85 28 ff ff ff c7 85 18 ff ff ff 00
0x00007ff70c0af954:   00 00 00 e9 3d 02 00 00 8b 95 18 ff ff ff 48 8b 


Stack slot to memory mapping:
stack at sp + 0 slots: 0x00007ff6b1cf38a0 is pointing into the stack for thread: 0x00007ff728b3d080
stack at sp + 1 slots: 0x00007ff70c0af713: _Z9applyFlipRSt6vectorIS_I5PixelSaIS0_EESaIS2_EEii+0x00000000000000ba in /tmp/temp-FlipLib3756491657492605071 at 0x00007ff70c0a8000
stack at sp + 2 slots: 0x00007ff6b1cf3880 is pointing into the stack for thread: 0x00007ff728b3d080
stack at sp + 3 slots: 0x0 is NULL
stack at sp + 4 slots: 0x00007ff6b1cf3970 is pointing into the stack for thread: 0x00007ff728b3d080
stack at sp + 5 slots: 0x00007ff6b1cf3990 is pointing into the stack for thread: 0x00007ff728b3d080
stack at sp + 6 slots: 0x0 is NULL
stack at sp + 7 slots: 0x000001240000016e is an unknown value


---------------  P R O C E S S  ---------------

Threads class SMR info:
_java_thread_list=0x00007ff64408da80, length=29, elements={
0x00007ff7280d1630, 0x00007ff7280d2a20, 0x00007ff7280daa00, 0x00007ff7280dbdc0,
0x00007ff7280dd1e0, 0x00007ff7280deba0, 0x00007ff7280e00e0, 0x00007ff7280e9550,
0x00007ff7280f0d00, 0x00007ff7280f41a0, 0x00007ff68c0904a0, 0x00007ff68c1b1420,
0x00007ff7287071a0, 0x00007ff658002ca0, 0x00007ff728682ed0, 0x00007ff728b3d080,
0x00007ff728b3dd60, 0x00007ff728b3ee00, 0x00007ff728b3fea0, 0x00007ff728b41340,
0x00007ff728b427f0, 0x00007ff728b43ca0, 0x00007ff728b45090, 0x00007ff72827e6a0,
0x00007ff72827f8b0, 0x00007ff728b0ea70, 0x00007ff728adbbd0, 0x00007ff728013b90,
0x00007ff6440b6ba0
}

Java Threads: ( => current thread )
  0x00007ff7280d1630 JavaThread "Reference Handler" daemon [_thread_blocked, id=7096, stack(0x00007ff70c50e000,0x00007ff70c60e000)]
  0x00007ff7280d2a20 JavaThread "Finalizer" daemon [_thread_blocked, id=7097, stack(0x00007ff70c40e000,0x00007ff70c50e000)]
  0x00007ff7280daa00 JavaThread "Signal Dispatcher" daemon [_thread_blocked, id=7098, stack(0x00007ff70c2b7000,0x00007ff70c3b7000)]
  0x00007ff7280dbdc0 JavaThread "Service Thread" daemon [_thread_blocked, id=7099, stack(0x00007ff70c1b7000,0x00007ff70c2b7000)]
  0x00007ff7280dd1e0 JavaThread "Monitor Deflation Thread" daemon [_thread_blocked, id=7100, stack(0x00007ff70c0b7000,0x00007ff70c1b7000)]
  0x00007ff7280deba0 JavaThread "C2 CompilerThread0" daemon [_thread_blocked, id=7101, stack(0x00007ff6b2f00000,0x00007ff6b3000000)]
  0x00007ff7280e00e0 JavaThread "C1 CompilerThread0" daemon [_thread_blocked, id=7102, stack(0x00007ff6b2e00000,0x00007ff6b2f00000)]
  0x00007ff7280e9550 JavaThread "Sweeper thread" daemon [_thread_blocked, id=7103, stack(0x00007ff6b2d00000,0x00007ff6b2e00000)]
  0x00007ff7280f0d00 JavaThread "Notification Thread" daemon [_thread_blocked, id=7104, stack(0x00007ff6b2c00000,0x00007ff6b2d00000)]
  0x00007ff7280f41a0 JavaThread "Common-Cleaner" daemon [_thread_blocked, id=7106, stack(0x00007ff6b29ff000,0x00007ff6b2aff000)]
  0x00007ff68c0904a0 JavaThread "C2 CompilerThread1" daemon [_thread_blocked, id=7107, stack(0x00007ff6b28ff000,0x00007ff6b29ff000)]
  0x00007ff68c1b1420 JavaThread "C2 CompilerThread2" daemon [_thread_blocked, id=7108, stack(0x00007ff6b27ff000,0x00007ff6b28ff000)]
  0x00007ff7287071a0 JavaThread "Catalina-utility-1" [_thread_blocked, id=7119, stack(0x00007ff6b23fc000,0x00007ff6b24fc000)]
  0x00007ff658002ca0 JavaThread "Catalina-utility-2" [_thread_blocked, id=7120, stack(0x00007ff6b1df7000,0x00007ff6b1ef7000)]
  0x00007ff728682ed0 JavaThread "container-0" [_thread_blocked, id=7121, stack(0x00007ff6b1cf7000,0x00007ff6b1df7000)]
=>0x00007ff728b3d080 JavaThread "http-nio-8000-exec-1" daemon [_thread_in_native, id=7122, stack(0x00007ff6b1bf7000,0x00007ff6b1cf7000)]
  0x00007ff728b3dd60 JavaThread "http-nio-8000-exec-2" daemon [_thread_blocked, id=7123, stack(0x00007ff6b1af7000,0x00007ff6b1bf7000)]
  0x00007ff728b3ee00 JavaThread "http-nio-8000-exec-3" daemon [_thread_blocked, id=7124, stack(0x00007ff6b19f7000,0x00007ff6b1af7000)]
  0x00007ff728b3fea0 JavaThread "http-nio-8000-exec-4" daemon [_thread_blocked, id=7125, stack(0x00007ff6b18f7000,0x00007ff6b19f7000)]
  0x00007ff728b41340 JavaThread "http-nio-8000-exec-5" daemon [_thread_blocked, id=7126, stack(0x00007ff6b17f7000,0x00007ff6b18f7000)]
  0x00007ff728b427f0 JavaThread "http-nio-8000-exec-6" daemon [_thread_blocked, id=7127, stack(0x00007ff6b16f7000,0x00007ff6b17f7000)]
  0x00007ff728b43ca0 JavaThread "http-nio-8000-exec-7" daemon [_thread_blocked, id=7128, stack(0x00007ff6b15f7000,0x00007ff6b16f7000)]
  0x00007ff728b45090 JavaThread "http-nio-8000-exec-8" daemon [_thread_blocked, id=7129, stack(0x00007ff6b14f7000,0x00007ff6b15f7000)]
  0x00007ff72827e6a0 JavaThread "http-nio-8000-exec-9" daemon [_thread_blocked, id=7130, stack(0x00007ff6b13f7000,0x00007ff6b14f7000)]
  0x00007ff72827f8b0 JavaThread "http-nio-8000-exec-10" daemon [_thread_blocked, id=7131, stack(0x00007ff6b12f7000,0x00007ff6b13f7000)]
  0x00007ff728b0ea70 JavaThread "http-nio-8000-Poller" daemon [_thread_in_native, id=7132, stack(0x00007ff6b11f7000,0x00007ff6b12f7000)]
  0x00007ff728adbbd0 JavaThread "http-nio-8000-Acceptor" daemon [_thread_in_native, id=7133, stack(0x00007ff6b10f7000,0x00007ff6b11f7000)]
  0x00007ff728013b90 JavaThread "DestroyJavaVM" [_thread_blocked, id=7089, stack(0x00007ff72ced7000,0x00007ff72cfd7000)]
  0x00007ff6440b6ba0 JavaThread "Java2D Disposer" daemon [_thread_blocked, id=7135, stack(0x00007ff6b0f0c000,0x00007ff6b100c000)]

Other Threads:
  0x00007ff7280cd6a0 VMThread "VM Thread" [stack: 0x00007ff70c60f000,0x00007ff70c70f000] [id=7095]
  0x00007ff7280f2650 WatcherThread [stack: 0x00007ff6b2b00000,0x00007ff6b2c00000] [id=7105]
  0x00007ff728050020 GCTaskThread "GC Thread#0" [stack: 0x00007ff70f4c9000,0x00007ff70f5c9000] [id=7090]
  0x00007ff6ac005ed0 GCTaskThread "GC Thread#1" [stack: 0x00007ff6b26ff000,0x00007ff6b27ff000] [id=7109]
  0x00007ff6ac008280 GCTaskThread "GC Thread#2" [stack: 0x00007ff6b25fe000,0x00007ff6b26fe000] [id=7110]
  0x00007ff6ac00b210 GCTaskThread "GC Thread#3" [stack: 0x00007ff6b24fd000,0x00007ff6b25fd000] [id=7111]
  0x00007ff6ac009f80 GCTaskThread "GC Thread#4" [stack: 0x00007ff6b22fc000,0x00007ff6b23fc000] [id=7113]
  0x00007ff6ac00cbd0 GCTaskThread "GC Thread#5" [stack: 0x00007ff6b21fb000,0x00007ff6b22fb000] [id=7115]
  0x00007ff6ac00be10 GCTaskThread "GC Thread#6" [stack: 0x00007ff6b20fa000,0x00007ff6b21fa000] [id=7116]
  0x00007ff6ac0166d0 GCTaskThread "GC Thread#7" [stack: 0x00007ff6b1ff9000,0x00007ff6b20f9000] [id=7117]
  0x00007ff728058df0 ConcurrentGCThread "G1 Main Marker" [stack: 0x00007ff70f3c8000,0x00007ff70f4c8000] [id=7091]
  0x00007ff728059d60 ConcurrentGCThread "G1 Conc#0" [stack: 0x00007ff70f2c7000,0x00007ff70f3c7000] [id=7092]
  0x00007ff700000ea0 ConcurrentGCThread "G1 Conc#1" [stack: 0x00007ff6b1ef8000,0x00007ff6b1ff8000] [id=7118]
  0x00007ff7280a4f00 ConcurrentGCThread "G1 Refine#0" [stack: 0x00007ff70c9be000,0x00007ff70cabe000] [id=7093]
  0x00007ff7280a5e00 ConcurrentGCThread "G1 Service" [stack: 0x00007ff70c8bd000,0x00007ff70c9bd000] [id=7094]

Threads with active compile tasks:

VM state: not at safepoint (normal execution)

VM Mutex/Monitor currently owned by a thread: None

Heap address: 0x00000000c4200000, size: 958 MB, Compressed Oops mode: 32-bit

CDS archive(s) mapped at: [0x00007ff6b7000000-0x00007ff6b7bc6000-0x00007ff6b7bc6000), size 12345344, SharedBaseAddress: 0x00007ff6b7000000, ArchiveRelocationMode: 1.
Compressed class space mapped at: 0x00007ff6b8000000-0x00007ff6f8000000, reserved size: 1073741824
Narrow klass base: 0x00007ff6b7000000, Narrow klass shift: 0, Narrow klass range: 0x100000000

GC Precious Log:
 CPUs: 8 total, 8 available
 Memory: 3825M
 Large Page Support: Disabled
 NUMA Support: Disabled
 Compressed Oops: Enabled (32-bit)
 Heap Region Size: 1M
 Heap Min Capacity: 8M
 Heap Initial Capacity: 60M
 Heap Max Capacity: 958M
 Pre-touch: Disabled
 Parallel Workers: 8
 Concurrent Workers: 2
 Concurrent Refinement Workers: 8
 Periodic GC: Disabled

Heap:
 garbage-first heap   total 46080K, used 20097K [0x00000000c4200000, 0x0000000100000000)
  region size 1024K, 11 young (11264K), 2 survivors (2048K)
 Metaspace       used 30642K, committed 31104K, reserved 1114112K
  class space    used 3840K, committed 4032K, reserved 1048576K

Heap Regions: E=young(eden), S=young(survivor), O=old, HS=humongous(starts), HC=humongous(continues), CS=collection set, F=free, OA=open archive, CA=closed archive, TAMS=top-at-mark-start (previous, next)
|   0|0x00000000c4200000, 0x00000000c4300000, 0x00000000c4300000|100%| O|  |TAMS 0x00000000c4300000, 0x00000000c4200000| Untracked 
|   1|0x00000000c4300000, 0x00000000c4400000, 0x00000000c4400000|100%| O|  |TAMS 0x00000000c4400000, 0x00000000c4300000| Untracked 
|   2|0x00000000c4400000, 0x00000000c4500000, 0x00000000c4500000|100%| O|  |TAMS 0x00000000c44a8a00, 0x00000000c4400000| Untracked 
|   3|0x00000000c4500000, 0x00000000c45e6c00, 0x00000000c4600000| 90%| O|  |TAMS 0x00000000c4500000, 0x00000000c4500000| Untracked 
|   4|0x00000000c4600000, 0x00000000c4700000, 0x00000000c4700000|100%| O|  |TAMS 0x00000000c4600000, 0x00000000c4600000| Untracked 
|   5|0x00000000c4700000, 0x00000000c4745a00, 0x00000000c4800000| 27%| O|  |TAMS 0x00000000c4700000, 0x00000000c4700000| Untracked 
|   6|0x00000000c4800000, 0x00000000c4800000, 0x00000000c4900000|  0%| F|  |TAMS 0x00000000c4800000, 0x00000000c4800000| Untracked 
|   7|0x00000000c4900000, 0x00000000c4900000, 0x00000000c4a00000|  0%| F|  |TAMS 0x00000000c4900000, 0x00000000c4900000| Untracked 
|   8|0x00000000c4a00000, 0x00000000c4a00000, 0x00000000c4b00000|  0%| F|  |TAMS 0x00000000c4a00000, 0x00000000c4a00000| Untracked 
|   9|0x00000000c4b00000, 0x00000000c4b00000, 0x00000000c4c00000|  0%| F|  |TAMS 0x00000000c4b00000, 0x00000000c4b00000| Untracked 
|  10|0x00000000c4c00000, 0x00000000c4d00000, 0x00000000c4d00000|100%| O|  |TAMS 0x00000000c4c00000, 0x00000000c4c00000| Untracked 
|  11|0x00000000c4d00000, 0x00000000c4e00000, 0x00000000c4e00000|100%| O|  |TAMS 0x00000000c4d00000, 0x00000000c4d00000| Untracked 
|  12|0x00000000c4e00000, 0x00000000c4f00000, 0x00000000c4f00000|100%| O|  |TAMS 0x00000000c4e00000, 0x00000000c4e00000| Untracked 
|  13|0x00000000c4f00000, 0x00000000c5000000, 0x00000000c5000000|100%| O|  |TAMS 0x00000000c4f00000, 0x00000000c4f00000| Untracked 
|  14|0x00000000c5000000, 0x00000000c5100000, 0x00000000c5100000|100%| O|  |TAMS 0x00000000c5000000, 0x00000000c5000000| Untracked 
|  15|0x00000000c5100000, 0x00000000c5100000, 0x00000000c5200000|  0%| F|  |TAMS 0x00000000c5100000, 0x00000000c5100000| Untracked 
|  16|0x00000000c5200000, 0x00000000c5200000, 0x00000000c5300000|  0%| F|  |TAMS 0x00000000c5200000, 0x00000000c5200000| Untracked 
|  17|0x00000000c5300000, 0x00000000c5387fc0, 0x00000000c5400000| 53%| S|CS|TAMS 0x00000000c5300000, 0x00000000c5300000| Complete 
|  18|0x00000000c5400000, 0x00000000c5500000, 0x00000000c5500000|100%| S|CS|TAMS 0x00000000c5400000, 0x00000000c5400000| Complete 
|  19|0x00000000c5500000, 0x00000000c5500000, 0x00000000c5600000|  0%| F|  |TAMS 0x00000000c5500000, 0x00000000c5500000| Untracked 
|  20|0x00000000c5600000, 0x00000000c5600000, 0x00000000c5700000|  0%| F|  |TAMS 0x00000000c5600000, 0x00000000c5600000| Untracked 
|  21|0x00000000c5700000, 0x00000000c5700000, 0x00000000c5800000|  0%| F|  |TAMS 0x00000000c5700000, 0x00000000c5700000| Untracked 
|  22|0x00000000c5800000, 0x00000000c5800000, 0x00000000c5900000|  0%| F|  |TAMS 0x00000000c5800000, 0x00000000c5800000| Untracked 
|  23|0x00000000c5900000, 0x00000000c5900000, 0x00000000c5a00000|  0%| F|  |TAMS 0x00000000c5900000, 0x00000000c5900000| Untracked 
|  24|0x00000000c5a00000, 0x00000000c5a00000, 0x00000000c5b00000|  0%| F|  |TAMS 0x00000000c5a00000, 0x00000000c5a00000| Untracked 
|  25|0x00000000c5b00000, 0x00000000c5b00000, 0x00000000c5c00000|  0%| F|  |TAMS 0x00000000c5b00000, 0x00000000c5b00000| Untracked 
|  26|0x00000000c5c00000, 0x00000000c5c00000, 0x00000000c5d00000|  0%| F|  |TAMS 0x00000000c5c00000, 0x00000000c5c00000| Untracked 
|  27|0x00000000c5d00000, 0x00000000c5d00000, 0x00000000c5e00000|  0%| F|  |TAMS 0x00000000c5d00000, 0x00000000c5d00000| Untracked 
|  28|0x00000000c5e00000, 0x00000000c5e00000, 0x00000000c5f00000|  0%| F|  |TAMS 0x00000000c5e00000, 0x00000000c5e00000| Untracked 
|  29|0x00000000c5f00000, 0x00000000c5f00000, 0x00000000c6000000|  0%| F|  |TAMS 0x00000000c5f00000, 0x00000000c5f00000| Untracked 
|  30|0x00000000c6000000, 0x00000000c6000000, 0x00000000c6100000|  0%| F|  |TAMS 0x00000000c6000000, 0x00000000c6000000| Untracked 
|  31|0x00000000c6100000, 0x00000000c6100000, 0x00000000c6200000|  0%| F|  |TAMS 0x00000000c6100000, 0x00000000c6100000| Untracked 
|  32|0x00000000c6200000, 0x00000000c6200000, 0x00000000c6300000|  0%| F|  |TAMS 0x00000000c6200000, 0x00000000c6200000| Untracked 
|  33|0x00000000c6300000, 0x00000000c6300000, 0x00000000c6400000|  0%| F|  |TAMS 0x00000000c6300000, 0x00000000c6300000| Untracked 
|  34|0x00000000c6400000, 0x00000000c64d72f8, 0x00000000c6500000| 84%| E|  |TAMS 0x00000000c6400000, 0x00000000c6400000| Complete 
|  35|0x00000000c6500000, 0x00000000c6600000, 0x00000000c6600000|100%| E|CS|TAMS 0x00000000c6500000, 0x00000000c6500000| Complete 
|  36|0x00000000c6600000, 0x00000000c6700000, 0x00000000c6700000|100%| E|CS|TAMS 0x00000000c6600000, 0x00000000c6600000| Complete 
|  37|0x00000000c6700000, 0x00000000c6800000, 0x00000000c6800000|100%| E|CS|TAMS 0x00000000c6700000, 0x00000000c6700000| Complete 
|  38|0x00000000c6800000, 0x00000000c6900000, 0x00000000c6900000|100%| E|CS|TAMS 0x00000000c6800000, 0x00000000c6800000| Complete 
|  39|0x00000000c6900000, 0x00000000c6a00000, 0x00000000c6a00000|100%| E|CS|TAMS 0x00000000c6900000, 0x00000000c6900000| Complete 
|  40|0x00000000c6a00000, 0x00000000c6b00000, 0x00000000c6b00000|100%| E|CS|TAMS 0x00000000c6a00000, 0x00000000c6a00000| Complete 
|  41|0x00000000c6b00000, 0x00000000c6c00000, 0x00000000c6c00000|100%| E|  |TAMS 0x00000000c6b00000, 0x00000000c6b00000| Complete 
|  72|0x00000000c8a00000, 0x00000000c8b00000, 0x00000000c8b00000|100%| E|CS|TAMS 0x00000000c8a00000, 0x00000000c8a00000| Complete 
| 956|0x00000000ffe00000, 0x00000000ffe75000, 0x00000000fff00000| 45%|OA|  |TAMS 0x00000000ffe75000, 0x00000000ffe00000| Untracked 
| 957|0x00000000fff00000, 0x00000000fff77000, 0x0000000100000000| 46%|CA|  |TAMS 0x00000000fff77000, 0x00000000fff00000| Untracked 

Card table byte_map: [0x00007ff72c0f6000,0x00007ff72c2d5000] _byte_map_base: 0x00007ff72bad5000

Marking Bits (Prev, Next): (CMBitMap*) 0x00007ff728050af0, (CMBitMap*) 0x00007ff728050ab0
 Prev Bits: [0x00007ff70f5c9000, 0x00007ff7104c1000)
 Next Bits: [0x00007ff7104c1000, 0x00007ff7113b9000)

Polling page: 0x00007ff72e8e2000

Metaspace:

Usage:
  Non-class:     26.17 MB used.
      Class:      3.75 MB used.
       Both:     29.92 MB used.

Virtual space:
  Non-class space:       64.00 MB reserved,      26.44 MB ( 41%) committed,  1 nodes.
      Class space:        1.00 GB reserved,       3.94 MB ( <1%) committed,  1 nodes.
             Both:        1.06 GB reserved,      30.38 MB (  3%) committed. 

Chunk freelists:
   Non-Class:  4.70 MB
       Class:  11.95 MB
        Both:  16.66 MB

MaxMetaspaceSize: unlimited
CompressedClassSpaceSize: 1.00 GB
Initial GC threshold: 21.00 MB
Current GC threshold: 35.25 MB
CDS: on
MetaspaceReclaimPolicy: balanced
 - commit_granule_bytes: 65536.
 - commit_granule_words: 8192.
 - virtual_space_node_default_size: 8388608.
 - enlarge_chunks_in_place: 1.
 - new_chunks_are_fully_committed: 0.
 - uncommit_free_chunks: 1.
 - use_allocation_guard: 0.
 - handle_deallocations: 1.


Internal statistics:

num_allocs_failed_limit: 3.
num_arena_births: 594.
num_arena_deaths: 0.
num_vsnodes_births: 2.
num_vsnodes_deaths: 0.
num_space_committed: 486.
num_space_uncommitted: 0.
num_chunks_returned_to_freelist: 3.
num_chunks_taken_from_freelist: 1691.
num_chunk_merges: 0.
num_chunk_splits: 1138.
num_chunks_enlarged: 829.
num_inconsistent_stats: 0.

CodeHeap 'non-profiled nmethods': size=120028Kb used=2251Kb max_used=2251Kb free=117776Kb
 bounds [0x00007ff719061000, 0x00007ff7192d1000, 0x00007ff720598000]
CodeHeap 'profiled nmethods': size=120028Kb used=7400Kb max_used=7400Kb free=112627Kb
 bounds [0x00007ff711598000, 0x00007ff711cd8000, 0x00007ff718acf000]
CodeHeap 'non-nmethods': size=5704Kb used=1243Kb max_used=1294Kb free=4460Kb
 bounds [0x00007ff718acf000, 0x00007ff718d3f000, 0x00007ff719061000]
 total_blobs=4279 nmethods=3721 adapters=471
 compilation: enabled
              stopped_count=0, restarted_count=0
 full_count=0

Compilation events (20 events):
Event: 5.283 Thread 0x00007ff68c0904a0 3715       4       sun.awt.image.ByteInterleavedRaster::getDataElements (129 bytes)
Event: 5.285 Thread 0x00007ff68c1b1420 nmethod 3691% 0x00007ff71928de10 code [0x00007ff71928dfa0, 0x00007ff71928e7b8]
Event: 5.285 Thread 0x00007ff68c1b1420 3716       4       java.awt.image.BufferedImage::getRGB (18 bytes)
Event: 5.288 Thread 0x00007ff68c0904a0 nmethod 3715 0x00007ff71928ea90 code [0x00007ff71928ec20, 0x00007ff71928f0b8]
Event: 5.288 Thread 0x00007ff68c0904a0 3717       4       java.awt.image.ComponentColorModel::getRGB (161 bytes)
Event: 5.290 Thread 0x00007ff68c0904a0 nmethod 3717 0x00007ff71928f310 code [0x00007ff71928f4e0, 0x00007ff71928f848]
Event: 5.290 Thread 0x00007ff68c0904a0 3718       4       java.awt.image.ComponentColorModel::getAlpha (238 bytes)
Event: 5.291 Thread 0x00007ff68c0904a0 nmethod 3718 0x00007ff71928fd10 code [0x00007ff71928fea0, 0x00007ff719290038]
Event: 5.291 Thread 0x00007ff68c0904a0 3719       4       com.iiitb.imageEffectApplication.libraryInterfaces.Pixel::<init> (20 bytes)
Event: 5.291 Thread 0x00007ff68c0904a0 nmethod 3719 0x00007ff719290290 code [0x00007ff719290400, 0x00007ff719290478]
Event: 5.291 Thread 0x00007ff7280deba0 nmethod 3683% 0x00007ff719290590 code [0x00007ff719290720, 0x00007ff719291078]
Event: 5.292 Thread 0x00007ff7280e00e0 3720 %     3       com.iiitb.imageEffectApplication.utils.ProcessingUtils::convertBufferedImageToPixelArray @ 30 (100 bytes)
Event: 5.293 Thread 0x00007ff7280e00e0 nmethod 3720% 0x00007ff711cd0890 code [0x00007ff711cd0aa0, 0x00007ff711cd12e0]
Event: 5.293 Thread 0x00007ff7280e00e0 3721       3       com.iiitb.imageEffectApplication.utils.ProcessingUtils::convertBufferedImageToPixelArray (100 bytes)
Event: 5.293 Thread 0x00007ff7280e00e0 nmethod 3721 0x00007ff711cd1690 code [0x00007ff711cd18a0, 0x00007ff711cd2000]
Event: 5.294 Thread 0x00007ff68c1b1420 nmethod 3716 0x00007ff719291210 code [0x00007ff719291400, 0x00007ff719291be8]
Event: 5.295 Thread 0x00007ff68c0904a0 3722 %     4       com.iiitb.imageEffectApplication.utils.ProcessingUtils::convertBufferedImageToPixelArray @ 30 (100 bytes)
Event: 5.297 Thread 0x00007ff7280deba0 3723       4       jdk.internal.ref.CleanerFactory::cleaner (4 bytes)
Event: 5.298 Thread 0x00007ff7280deba0 nmethod 3723 0x00007ff719292290 code [0x00007ff719292400, 0x00007ff719292458]
Event: 5.308 Thread 0x00007ff68c0904a0 nmethod 3722% 0x00007ff719292590 code [0x00007ff719292780, 0x00007ff719293608]

GC Heap History (20 events):
Event: 0.377 GC heap before
{Heap before GC invocations=0 (full 0):
 garbage-first heap   total 63488K, used 24496K [0x00000000c4200000, 0x0000000100000000)
  region size 1024K, 23 young (23552K), 0 survivors (0K)
 Metaspace       used 3795K, committed 4032K, reserved 1114112K
  class space    used 388K, committed 512K, reserved 1048576K
}
Event: 0.381 GC heap after
{Heap after GC invocations=1 (full 0):
 garbage-first heap   total 63488K, used 2608K [0x00000000c4200000, 0x0000000100000000)
  region size 1024K, 2 young (2048K), 2 survivors (2048K)
 Metaspace       used 3795K, committed 4032K, reserved 1114112K
  class space    used 388K, committed 512K, reserved 1048576K
}
Event: 0.725 GC heap before
{Heap before GC invocations=1 (full 0):
 garbage-first heap   total 63488K, used 37424K [0x00000000c4200000, 0x0000000100000000)
  region size 1024K, 36 young (36864K), 2 survivors (2048K)
 Metaspace       used 8117K, committed 8384K, reserved 1114112K
  class space    used 1005K, committed 1152K, reserved 1048576K
}
Event: 0.730 GC heap after
{Heap after GC invocations=2 (full 0):
 garbage-first heap   total 63488K, used 3914K [0x00000000c4200000, 0x0000000100000000)
  region size 1024K, 3 young (3072K), 3 survivors (3072K)
 Metaspace       used 8117K, committed 8384K, reserved 1114112K
  class space    used 1005K, committed 1152K, reserved 1048576K
}
Event: 0.904 GC heap before
{Heap before GC invocations=2 (full 0):
 garbage-first heap   total 63488K, used 37706K [0x00000000c4200000, 0x0000000100000000)
  region size 1024K, 36 young (36864K), 3 survivors (3072K)
 Metaspace       used 12334K, committed 12608K, reserved 1114112K
  class space    used 1490K, committed 1664K, reserved 1048576K
}
Event: 0.909 GC heap after
{Heap after GC invocations=3 (full 0):
 garbage-first heap   total 63488K, used 5327K [0x00000000c4200000, 0x0000000100000000)
  region size 1024K, 3 young (3072K), 3 survivors (3072K)
 Metaspace       used 12334K, committed 12608K, reserved 1114112K
  class space    used 1490K, committed 1664K, reserved 1048576K
}
Event: 1.110 GC heap before
{Heap before GC invocations=3 (full 0):
 garbage-first heap   total 63488K, used 39119K [0x00000000c4200000, 0x0000000100000000)
  region size 1024K, 36 young (36864K), 3 survivors (3072K)
 Metaspace       used 15859K, committed 16128K, reserved 1114112K
  class space    used 1969K, committed 2112K, reserved 1048576K
}
Event: 1.114 GC heap after
{Heap after GC invocations=4 (full 0):
 garbage-first heap   total 63488K, used 6382K [0x00000000c4200000, 0x0000000100000000)
  region size 1024K, 3 young (3072K), 3 survivors (3072K)
 Metaspace       used 15859K, committed 16128K, reserved 1114112K
  class space    used 1969K, committed 2112K, reserved 1048576K
}
Event: 1.416 GC heap before
{Heap before GC invocations=4 (full 0):
 garbage-first heap   total 63488K, used 40174K [0x00000000c4200000, 0x0000000100000000)
  region size 1024K, 36 young (36864K), 3 survivors (3072K)
 Metaspace       used 17785K, committed 18112K, reserved 1114112K
  class space    used 2197K, committed 2368K, reserved 1048576K
}
Event: 1.420 GC heap after
{Heap after GC invocations=5 (full 0):
 garbage-first heap   total 76800K, used 7249K [0x00000000c4200000, 0x0000000100000000)
  region size 1024K, 4 young (4096K), 4 survivors (4096K)
 Metaspace       used 17785K, committed 18112K, reserved 1114112K
  class space    used 2197K, committed 2368K, reserved 1048576K
}
Event: 1.813 GC heap before
{Heap before GC invocations=5 (full 0):
 garbage-first heap   total 76800K, used 37969K [0x00000000c4200000, 0x0000000100000000)
  region size 1024K, 35 young (35840K), 4 survivors (4096K)
 Metaspace       used 21161K, committed 21504K, reserved 1114112K
  class space    used 2704K, committed 2880K, reserved 1048576K
}
Event: 1.820 GC heap after
{Heap after GC invocations=6 (full 0):
 garbage-first heap   total 76800K, used 8955K [0x00000000c4200000, 0x0000000100000000)
  region size 1024K, 4 young (4096K), 4 survivors (4096K)
 Metaspace       used 21161K, committed 21504K, reserved 1114112K
  class space    used 2704K, committed 2880K, reserved 1048576K
}
Event: 2.051 GC heap before
{Heap before GC invocations=7 (full 0):
 garbage-first heap   total 37888K, used 29435K [0x00000000c4200000, 0x0000000100000000)
  region size 1024K, 25 young (25600K), 4 survivors (4096K)
 Metaspace       used 24438K, committed 24832K, reserved 1114112K
  class space    used 3079K, committed 3264K, reserved 1048576K
}
Event: 2.059 GC heap after
{Heap after GC invocations=8 (full 0):
 garbage-first heap   total 37888K, used 11054K [0x00000000c4200000, 0x0000000100000000)
  region size 1024K, 5 young (5120K), 5 survivors (5120K)
 Metaspace       used 24438K, committed 24832K, reserved 1114112K
  class space    used 3079K, committed 3264K, reserved 1048576K
}
Event: 2.240 GC heap before
{Heap before GC invocations=8 (full 0):
 garbage-first heap   total 37888K, used 27438K [0x00000000c4200000, 0x0000000100000000)
  region size 1024K, 21 young (21504K), 5 survivors (5120K)
 Metaspace       used 25834K, committed 26240K, reserved 1114112K
  class space    used 3262K, committed 3456K, reserved 1048576K
}
Event: 2.245 GC heap after
{Heap after GC invocations=9 (full 0):
 garbage-first heap   total 37888K, used 11995K [0x00000000c4200000, 0x0000000100000000)
  region size 1024K, 2 young (2048K), 2 survivors (2048K)
 Metaspace       used 25834K, committed 26240K, reserved 1114112K
  class space    used 3262K, committed 3456K, reserved 1048576K
}
Event: 2.456 GC heap before
{Heap before GC invocations=9 (full 0):
 garbage-first heap   total 37888K, used 27355K [0x00000000c4200000, 0x0000000100000000)
  region size 1024K, 17 young (17408K), 2 survivors (2048K)
 Metaspace       used 27260K, committed 27712K, reserved 1114112K
  class space    used 3443K, committed 3712K, reserved 1048576K
}
Event: 2.459 GC heap after
{Heap after GC invocations=10 (full 0):
 garbage-first heap   total 37888K, used 12387K [0x00000000c4200000, 0x0000000100000000)
  region size 1024K, 2 young (2048K), 2 survivors (2048K)
 Metaspace       used 27260K, committed 27712K, reserved 1114112K
  class space    used 3443K, committed 3712K, reserved 1048576K
}
Event: 5.189 GC heap before
{Heap before GC invocations=10 (full 0):
 garbage-first heap   total 37888K, used 26723K [0x00000000c4200000, 0x0000000100000000)
  region size 1024K, 17 young (17408K), 2 survivors (2048K)
 Metaspace       used 29333K, committed 29824K, reserved 1114112K
  class space    used 3709K, committed 3968K, reserved 1048576K
}
Event: 5.192 GC heap after
{Heap after GC invocations=11 (full 0):
 garbage-first heap   total 46080K, used 12929K [0x00000000c4200000, 0x0000000100000000)
  region size 1024K, 2 young (2048K), 2 survivors (2048K)
 Metaspace       used 29333K, committed 29824K, reserved 1114112K
  class space    used 3709K, committed 3968K, reserved 1048576K
}

Dll operation events (12 events):
Event: 0.001 Loaded shared library /usr/lib/jvm/java-17-openjdk-amd64/lib/libjava.so
Event: 0.017 Loaded shared library /usr/lib/jvm/java-17-openjdk-amd64/lib/libjsvml.so
Event: 0.027 Loaded shared library /usr/lib/jvm/java-17-openjdk-amd64/lib/libnio.so
Event: 0.029 Loaded shared library /usr/lib/jvm/java-17-openjdk-amd64/lib/libzip.so
Event: 0.071 Loaded shared library /usr/lib/jvm/java-17-openjdk-amd64/lib/libjimage.so
Event: 0.239 Loaded shared library /usr/lib/jvm/java-17-openjdk-amd64/lib/libnet.so
Event: 2.448 Loaded shared library /usr/lib/jvm/java-17-openjdk-amd64/lib/libextnet.so
Event: 2.475 Loaded shared library /usr/lib/jvm/java-17-openjdk-amd64/lib/libmanagement.so
Event: 2.476 Loaded shared library /usr/lib/jvm/java-17-openjdk-amd64/lib/libmanagement_ext.so
Event: 5.223 Loaded shared library /usr/lib/jvm/java-17-openjdk-amd64/lib/libawt.so
Event: 5.224 Loaded shared library /usr/lib/jvm/java-17-openjdk-amd64/lib/libawt_headless.so
Event: 5.297 Loaded shared library /tmp/temp-FlipLib3756491657492605071

Deoptimization events (20 events):
Event: 5.159 Thread 0x00007ff728b3d080 Uncommon trap: trap_request=0xffffffc6 fr.pc=0x00007ff71916414c relative=0x000000000000044c
Event: 5.159 Thread 0x00007ff728b3d080 Uncommon trap: reason=bimorphic_or_optimized_type_check action=maybe_recompile pc=0x00007ff71916414c method=java.lang.ThreadLocal.set(Ljava/lang/Object;)V @ 6 c2
Event: 5.159 Thread 0x00007ff728b3d080 DEOPT PACKING pc=0x00007ff71916414c sp=0x00007ff6b1cf3bb0
Event: 5.159 Thread 0x00007ff728b3d080 DEOPT UNPACKING pc=0x00007ff718b25699 sp=0x00007ff6b1cf3b88 mode 2
Event: 5.201 Thread 0x00007ff728b3d080 Uncommon trap: trap_request=0xffffff45 fr.pc=0x00007ff7191afc80 relative=0x0000000000000060
Event: 5.201 Thread 0x00007ff728b3d080 Uncommon trap: reason=unstable_if action=reinterpret pc=0x00007ff7191afc80 method=java.lang.Class.getComponentType()Ljava/lang/Class; @ 4 c2
Event: 5.201 Thread 0x00007ff728b3d080 DEOPT PACKING pc=0x00007ff7191afc80 sp=0x00007ff6b1cf4090
Event: 5.201 Thread 0x00007ff728b3d080 DEOPT UNPACKING pc=0x00007ff718b25699 sp=0x00007ff6b1cf4040 mode 2
Event: 5.207 Thread 0x00007ff728b3d080 Uncommon trap: trap_request=0xffffff45 fr.pc=0x00007ff719075768 relative=0x00000000000001c8
Event: 5.207 Thread 0x00007ff728b3d080 Uncommon trap: reason=unstable_if action=reinterpret pc=0x00007ff719075768 method=java.lang.String.isLatin1()Z @ 10 c2
Event: 5.207 Thread 0x00007ff728b3d080 DEOPT PACKING pc=0x00007ff719075768 sp=0x00007ff6b1cf34c0
Event: 5.207 Thread 0x00007ff728b3d080 DEOPT UNPACKING pc=0x00007ff718b25699 sp=0x00007ff6b1cf3418 mode 2
Event: 5.227 Thread 0x00007ff728b3d080 Uncommon trap: trap_request=0xffffffde fr.pc=0x00007ff7192365bc relative=0x000000000000189c
Event: 5.227 Thread 0x00007ff728b3d080 Uncommon trap: reason=class_check action=maybe_recompile pc=0x00007ff7192365bc method=java.util.Collections$SynchronizedMap.put(Ljava/lang/Object;Ljava/lang/Object;)Ljava/lang/Object; @ 13 c2
Event: 5.227 Thread 0x00007ff728b3d080 DEOPT PACKING pc=0x00007ff7192365bc sp=0x00007ff6b1cf2be0
Event: 5.227 Thread 0x00007ff728b3d080 DEOPT UNPACKING pc=0x00007ff718b25699 sp=0x00007ff6b1cf2bd0 mode 2
Event: 5.229 Thread 0x00007ff728b3d080 Uncommon trap: trap_request=0xffffffde fr.pc=0x00007ff7192365bc relative=0x000000000000189c
Event: 5.229 Thread 0x00007ff728b3d080 Uncommon trap: reason=class_check action=maybe_recompile pc=0x00007ff7192365bc method=java.util.Collections$SynchronizedMap.put(Ljava/lang/Object;Ljava/lang/Object;)Ljava/lang/Object; @ 13 c2
Event: 5.229 Thread 0x00007ff728b3d080 DEOPT PACKING pc=0x00007ff7192365bc sp=0x00007ff6b1cf29a0
Event: 5.229 Thread 0x00007ff728b3d080 DEOPT UNPACKING pc=0x00007ff718b25699 sp=0x00007ff6b1cf2990 mode 2

Classes unloaded (0 events):
No events

Classes redefined (0 events):
No events

Internal exceptions (20 events):
Event: 1.758 Thread 0x00007ff728013b90 Exception <a 'java/lang/NoSuchMethodError'{0x00000000c7062830}: 'void java.lang.invoke.DirectMethodHandle$Holder.invokeStatic(java.lang.Object, java.lang.Object, java.lang.Object, int, java.lang.Object)'> (0x00000000c7062830) 
thrown [./src/hotspot/share/interpreter/linkResolver.cpp, line 758]
Event: 1.758 Thread 0x00007ff728013b90 Exception <a 'java/lang/NoSuchMethodError'{0x00000000c7069cb0}: 'java.lang.Object java.lang.invoke.DirectMethodHandle$Holder.newInvokeSpecial(java.lang.Object, java.lang.Object, java.lang.Object, int)'> (0x00000000c7069cb0) 
thrown [./src/hotspot/share/interpreter/linkResolver.cpp, line 758]
Event: 1.758 Thread 0x00007ff728013b90 Exception <a 'java/lang/NoSuchMethodError'{0x00000000c706df98}: 'java.lang.Object java.lang.invoke.DirectMethodHandle$Holder.invokeSpecial(java.lang.Object, java.lang.Object, java.lang.Object, java.lang.Object, int)'> (0x00000000c706df98) 
thrown [./src/hotspot/share/interpreter/linkResolver.cpp, line 758]
Event: 1.759 Thread 0x00007ff728013b90 Exception <a 'java/lang/NoSuchMethodError'{0x00000000c7071b60}: 'java.lang.Object java.lang.invoke.Invokers$Holder.linkToTargetMethod(java.lang.Object, java.lang.Object, int, java.lang.Object)'> (0x00000000c7071b60) 
thrown [./src/hotspot/share/interpreter/linkResolver.cpp, line 758]
Event: 1.951 Thread 0x00007ff728013b90 Exception <a 'java/lang/NoSuchMethodError'{0x00000000c5487580}: 'java.lang.Object java.lang.invoke.DirectMethodHandle$Holder.invokeSpecial(java.lang.Object, java.lang.Object, long, java.lang.Object, java.lang.Object, java.lang.Object, java.lang.Object, java.lang.Object, java.lang.Object)'> (0x00000000c5487580) 
thrown [./src/hotspot/share/interpreter/linkResolver.cpp, line 758]
Event: 1.951 Thread 0x00007ff728013b90 Exception <a 'java/lang/NoSuchMethodError'{0x00000000c548c0a8}: 'java.lang.Object java.lang.invoke.DelegatingMethodHandle$Holder.reinvoke_L(java.lang.Object, long, java.lang.Object, java.lang.Object, java.lang.Object, java.lang.Object, java.lang.Object, java.lang.Object)'> (0x00000000c548c0a8) 
thrown [./src/hotspot/share/interpreter/linkResolver.cpp, line 758]
Event: 2.022 Thread 0x00007ff728013b90 Exception <a 'java/lang/NoSuchMethodError'{0x00000000c4eab5b0}: 'int java.lang.invoke.DirectMethodHandle$Holder.invokeInterface(java.lang.Object, java.lang.Object, java.lang.Object, java.lang.Object)'> (0x00000000c4eab5b0) 
thrown [./src/hotspot/share/interpreter/linkResolver.cpp, line 758]
Event: 2.067 Thread 0x00007ff728013b90 Exception <a 'java/lang/NoSuchMethodError'{0x00000000c8ae1de8}: 'long java.lang.invoke.DirectMethodHandle$Holder.invokeVirtual(java.lang.Object, java.lang.Object)'> (0x00000000c8ae1de8) 
thrown [./src/hotspot/share/interpreter/linkResolver.cpp, line 758]
Event: 2.227 Thread 0x00007ff728013b90 Exception <a 'java/lang/IncompatibleClassChangeError'{0x00000000c5671020}: Found class java.lang.Object, but interface was expected> (0x00000000c5671020) 
thrown [./src/hotspot/share/interpreter/linkResolver.cpp, line 826]
Event: 2.371 Thread 0x00007ff728013b90 Exception <a 'java/lang/ClassNotFoundException'{0x00000000c5b8f370}: org/springframework/boot/loader/jar/Handler> (0x00000000c5b8f370) 
thrown [./src/hotspot/share/classfile/systemDictionary.cpp, line 256]
Event: 2.441 Thread 0x00007ff728013b90 Exception <a 'java/lang/NoSuchMethodError'{0x00000000c579ee98}: 'java.lang.Object java.lang.invoke.DirectMethodHandle$Holder.newInvokeSpecial(java.lang.Object, java.lang.Object, int, java.lang.Object, java.lang.Object)'> (0x00000000c579ee98) 
thrown [./src/hotspot/share/interpreter/linkResolver.cpp, line 758]
Event: 2.442 Thread 0x00007ff728013b90 Exception <a 'java/lang/NoSuchMethodError'{0x00000000c57aa510}: 'java.lang.Object java.lang.invoke.DirectMethodHandle$Holder.invokeSpecial(java.lang.Object, java.lang.Object, int, java.lang.Object, int, java.lang.Object)'> (0x00000000c57aa510) 
thrown [./src/hotspot/share/interpreter/linkResolver.cpp, line 758]
Event: 2.443 Thread 0x00007ff728013b90 Exception <a 'java/lang/NoSuchMethodError'{0x00000000c57b25c0}: 'java.lang.Object java.lang.invoke.DirectMethodHandle$Holder.newInvokeSpecial(java.lang.Object, java.lang.Object, int, java.lang.Object, int)'> (0x00000000c57b25c0) 
thrown [./src/hotspot/share/interpreter/linkResolver.cpp, line 758]
Event: 2.443 Thread 0x00007ff728013b90 Exception <a 'java/lang/NoSuchMethodError'{0x00000000c57b66c0}: 'java.lang.Object java.lang.invoke.DirectMethodHandle$Holder.invokeSpecial(java.lang.Object, java.lang.Object, java.lang.Object, int, java.lang.Object, int)'> (0x00000000c57b66c0) 
thrown [./src/hotspot/share/interpreter/linkResolver.cpp, line 758]
Event: 2.444 Thread 0x00007ff728013b90 Exception <a 'java/lang/NoSuchMethodError'{0x00000000c57ca720}: 'void java.lang.invoke.DirectMethodHandle$Holder.invokeVirtual(java.lang.Object, java.lang.Object)'> (0x00000000c57ca720) 
thrown [./src/hotspot/share/interpreter/linkResolver.cpp, line 758]
Event: 5.077 Thread 0x00007ff728b3d080 Exception <a 'java/lang/NoSuchMethodError'{0x00000000c5f5b260}: 'java.lang.Object java.lang.invoke.DirectMethodHandle$Holder.invokeSpecial(java.lang.Object, java.lang.Object, java.lang.Object, java.lang.Object, java.lang.Object, long)'> (0x00000000c5f5b260) 
thrown [./src/hotspot/share/interpreter/linkResolver.cpp, line 758]
Event: 5.077 Thread 0x00007ff728b3d080 Exception <a 'java/lang/NoSuchMethodError'{0x00000000c5f5eee8}: 'java.lang.Object java.lang.invoke.Invokers$Holder.linkToTargetMethod(java.lang.Object, java.lang.Object, java.lang.Object, long, java.lang.Object)'> (0x00000000c5f5eee8) 
thrown [./src/hotspot/share/interpreter/linkResolver.cpp, line 758]
Event: 5.201 Thread 0x00007ff728b3d080 Implicit null exception at 0x00007ff7191afc50 to 0x00007ff7191afc73
Event: 5.219 Thread 0x00007ff728b3d080 Exception <a 'java/lang/ClassNotFoundException'{0x00000000c6bcf480}: sun/awt/resources/spi/awtProvider> (0x00000000c6bcf480) 
thrown [./src/hotspot/share/classfile/systemDictionary.cpp, line 256]
Event: 5.225 Thread 0x00007ff728b3d080 Exception <a 'java/io/FileNotFoundException'{0x00000000c6bdf2f0}> (0x00000000c6bdf2f0) 
thrown [./src/hotspot/share/prims/jni.cpp, line 516]

VM Operations (20 events):
Event: 2.228 Executing VM operation: HandshakeAllThreads
Event: 2.228 Executing VM operation: HandshakeAllThreads done
Event: 2.240 Executing VM operation: G1CollectForAllocation
Event: 2.245 Executing VM operation: G1CollectForAllocation done
Event: 2.260 Executing VM operation: HandshakeAllThreads
Event: 2.261 Executing VM operation: HandshakeAllThreads done
Event: 2.456 Executing VM operation: G1CollectForAllocation
Event: 2.459 Executing VM operation: G1CollectForAllocation done
Event: 3.459 Executing VM operation: Cleanup
Event: 3.459 Executing VM operation: Cleanup done
Event: 5.087 Executing VM operation: HandshakeAllThreads
Event: 5.087 Executing VM operation: HandshakeAllThreads done
Event: 5.092 Executing VM operation: HandshakeAllThreads
Event: 5.092 Executing VM operation: HandshakeAllThreads done
Event: 5.189 Executing VM operation: G1CollectForAllocation
Event: 5.192 Executing VM operation: G1CollectForAllocation done
Event: 5.195 Executing VM operation: HandshakeAllThreads
Event: 5.195 Executing VM operation: HandshakeAllThreads done
Event: 5.213 Executing VM operation: HandshakeAllThreads
Event: 5.213 Executing VM operation: HandshakeAllThreads done

Events (20 events):
Event: 5.251 loading class java/awt/Image$1
Event: 5.252 loading class sun/awt/image/SurfaceManager$ImageAccessor
Event: 5.252 loading class sun/awt/image/SurfaceManager$ImageAccessor done
Event: 5.252 loading class java/awt/Image$1 done
Event: 5.252 loading class sun/awt/image/SurfaceManager
Event: 5.252 loading class sun/awt/image/SurfaceManager done
Event: 5.252 loading class java/awt/image/BufferedImage$1
Event: 5.252 loading class java/awt/image/BufferedImage$1 done
Event: 5.252 loading class sun/awt/image/IntegerComponentRaster
Event: 5.253 loading class sun/awt/image/IntegerComponentRaster done
Event: 5.253 loading class java/awt/image/IndexColorModel
Event: 5.254 loading class java/awt/image/IndexColorModel done
Event: 5.254 loading class sun/awt/image/ShortComponentRaster
Event: 5.254 loading class sun/awt/image/ShortComponentRaster done
Event: 5.254 loading class com/sun/imageio/plugins/common/ReaderUtil
Event: 5.254 loading class com/sun/imageio/plugins/common/ReaderUtil done
Event: 5.296 loading class java/io/File$TempDirectory
Event: 5.296 loading class java/io/File$TempDirectory done
Event: 5.297 loading class jdk/internal/loader/NativeLibraries$Unloader
Event: 5.298 loading class jdk/internal/loader/NativeLibraries$Unloader done


Dynamic libraries:
c4200000-c6c00000 rw-p 00000000 00:00 0 
c6c00000-c8a00000 ---p 00000000 00:00 0 
c8a00000-c8b00000 rw-p 00000000 00:00 0 
c8b00000-ffe00000 ---p 00000000 00:00 0 
ffe00000-ffe75000 rw-p 00c75000 08:20 22704                              /usr/lib/jvm/java-17-openjdk-amd64/lib/server/classes.jsa
ffe75000-fff00000 rw-p 00000000 00:00 0 
fff00000-fff77000 rw-p 00bfe000 08:20 22704                              /usr/lib/jvm/java-17-openjdk-amd64/lib/server/classes.jsa
fff77000-100000000 rw-p 00000000 00:00 0 
5608c06cd000-5608c06ce000 r--p 00000000 08:20 12719                      /usr/lib/jvm/java-17-openjdk-amd64/bin/java
5608c06ce000-5608c06cf000 r-xp 00001000 08:20 12719                      /usr/lib/jvm/java-17-openjdk-amd64/bin/java
5608c06cf000-5608c06d0000 r--p 00002000 08:20 12719                      /usr/lib/jvm/java-17-openjdk-amd64/bin/java
5608c06d0000-5608c06d1000 r--p 00002000 08:20 12719                      /usr/lib/jvm/java-17-openjdk-amd64/bin/java
5608c06d1000-5608c06d2000 rw-p 00003000 08:20 12719                      /usr/lib/jvm/java-17-openjdk-amd64/bin/java
5608c124a000-5608c1291000 rw-p 00000000 00:00 0                          [heap]
7ff614000000-7ff614021000 rw-p 00000000 00:00 0 
7ff614021000-7ff618000000 ---p 00000000 00:00 0 
7ff61c000000-7ff61c021000 rw-p 00000000 00:00 0 
7ff61c021000-7ff620000000 ---p 00000000 00:00 0 
7ff620000000-7ff62002b000 rw-p 00000000 00:00 0 
7ff62002b000-7ff624000000 ---p 00000000 00:00 0 
7ff624000000-7ff624021000 rw-p 00000000 00:00 0 
7ff624021000-7ff628000000 ---p 00000000 00:00 0 
7ff628000000-7ff628021000 rw-p 00000000 00:00 0 
7ff628021000-7ff62c000000 ---p 00000000 00:00 0 
7ff62c000000-7ff62c021000 rw-p 00000000 00:00 0 
7ff62c021000-7ff630000000 ---p 00000000 00:00 0 
7ff630000000-7ff630021000 rw-p 00000000 00:00 0 
7ff630021000-7ff634000000 ---p 00000000 00:00 0 
7ff634000000-7ff634021000 rw-p 00000000 00:00 0 
7ff634021000-7ff638000000 ---p 00000000 00:00 0 
7ff638000000-7ff638021000 rw-p 00000000 00:00 0 
7ff638021000-7ff63c000000 ---p 00000000 00:00 0 
7ff63c000000-7ff63c021000 rw-p 00000000 00:00 0 
7ff63c021000-7ff640000000 ---p 00000000 00:00 0 
7ff640000000-7ff640021000 rw-p 00000000 00:00 0 
7ff640021000-7ff644000000 ---p 00000000 00:00 0 
7ff644000000-7ff6445a0000 rw-p 00000000 00:00 0 
7ff6445a0000-7ff648000000 ---p 00000000 00:00 0 
7ff648000000-7ff648021000 rw-p 00000000 00:00 0 
7ff648021000-7ff64c000000 ---p 00000000 00:00 0 
7ff64c000000-7ff64c021000 rw-p 00000000 00:00 0 
7ff64c021000-7ff650000000 ---p 00000000 00:00 0 
7ff650000000-7ff650021000 rw-p 00000000 00:00 0 
7ff650021000-7ff654000000 ---p 00000000 00:00 0 
7ff654000000-7ff654021000 rw-p 00000000 00:00 0 
7ff654021000-7ff658000000 ---p 00000000 00:00 0 
7ff658000000-7ff658021000 rw-p 00000000 00:00 0 
7ff658021000-7ff65c000000 ---p 00000000 00:00 0 
7ff65c000000-7ff65c021000 rw-p 00000000 00:00 0 
7ff65c021000-7ff660000000 ---p 00000000 00:00 0 
7ff660000000-7ff660021000 rw-p 00000000 00:00 0 
7ff660021000-7ff664000000 ---p 00000000 00:00 0 
7ff664000000-7ff66441a000 rw-p 00000000 00:00 0 
7ff66441a000-7ff668000000 ---p 00000000 00:00 0 
7ff668000000-7ff668021000 rw-p 00000000 00:00 0 
7ff668021000-7ff66c000000 ---p 00000000 00:00 0 
7ff66c000000-7ff66c021000 rw-p 00000000 00:00 0 
7ff66c021000-7ff670000000 ---p 00000000 00:00 0 
7ff670000000-7ff670021000 rw-p 00000000 00:00 0 
7ff670021000-7ff674000000 ---p 00000000 00:00 0 
7ff674000000-7ff674f10000 rw-p 00000000 00:00 0 
7ff674f10000-7ff678000000 ---p 00000000 00:00 0 
7ff678000000-7ff678021000 rw-p 00000000 00:00 0 
7ff678021000-7ff67c000000 ---p 00000000 00:00 0 
7ff67c000000-7ff67c021000 rw-p 00000000 00:00 0 
7ff67c021000-7ff680000000 ---p 00000000 00:00 0 
7ff680000000-7ff680929000 rw-p 00000000 00:00 0 
7ff680929000-7ff684000000 ---p 00000000 00:00 0 
7ff684000000-7ff684021000 rw-p 00000000 00:00 0 
7ff684021000-7ff688000000 ---p 00000000 00:00 0 
7ff688000000-7ff688021000 rw-p 00000000 00:00 0 
7ff688021000-7ff68c000000 ---p 00000000 00:00 0 
7ff68c000000-7ff68c589000 rw-p 00000000 00:00 0 
7ff68c589000-7ff690000000 ---p 00000000 00:00 0 
7ff690000000-7ff690021000 rw-p 00000000 00:00 0 
7ff690021000-7ff694000000 ---p 00000000 00:00 0 
7ff694000000-7ff694021000 rw-p 00000000 00:00 0 
7ff694021000-7ff698000000 ---p 00000000 00:00 0 
7ff698000000-7ff698b8d000 rw-p 00000000 00:00 0 
7ff698b8d000-7ff69c000000 ---p 00000000 00:00 0 
7ff69c000000-7ff69c021000 rw-p 00000000 00:00 0 
7ff69c021000-7ff6a0000000 ---p 00000000 00:00 0 
7ff6a0000000-7ff6a0021000 rw-p 00000000 00:00 0 
7ff6a0021000-7ff6a4000000 ---p 00000000 00:00 0 
7ff6a4000000-7ff6a4021000 rw-p 00000000 00:00 0 
7ff6a4021000-7ff6a8000000 ---p 00000000 00:00 0 
7ff6a8000000-7ff6a8021000 rw-p 00000000 00:00 0 
7ff6a8021000-7ff6ac000000 ---p 00000000 00:00 0 
7ff6ac000000-7ff6ac021000 rw-p 00000000 00:00 0 
7ff6ac021000-7ff6b0000000 ---p 00000000 00:00 0 
7ff6b0c7f000-7ff6b0f0c000 rw-p 00000000 00:00 0 
7ff6b0f0c000-7ff6b0f10000 ---p 00000000 00:00 0 
7ff6b0f10000-7ff6b100c000 rw-p 00000000 00:00 0 
7ff6b100c000-7ff6b1036000 r--p 00000000 08:20 18307                      /usr/lib/jvm/java-17-openjdk-amd64/lib/libawt.so
7ff6b1036000-7ff6b10b9000 r-xp 0002a000 08:20 18307                      /usr/lib/jvm/java-17-openjdk-amd64/lib/libawt.so
7ff6b10b9000-7ff6b10c6000 r--p 000ad000 08:20 18307                      /usr/lib/jvm/java-17-openjdk-amd64/lib/libawt.so
7ff6b10c6000-7ff6b10c7000 r--p 000b9000 08:20 18307                      /usr/lib/jvm/java-17-openjdk-amd64/lib/libawt.so
7ff6b10c7000-7ff6b10d2000 rw-p 000ba000 08:20 18307                      /usr/lib/jvm/java-17-openjdk-amd64/lib/libawt.so
7ff6b10d2000-7ff6b10f7000 rw-p 00000000 00:00 0 
7ff6b10f7000-7ff6b10fb000 ---p 00000000 00:00 0 
7ff6b10fb000-7ff6b11f7000 rw-p 00000000 00:00 0 
7ff6b11f7000-7ff6b11fb000 ---p 00000000 00:00 0 
7ff6b11fb000-7ff6b12f7000 rw-p 00000000 00:00 0 
7ff6b12f7000-7ff6b12fb000 ---p 00000000 00:00 0 
7ff6b12fb000-7ff6b13f7000 rw-p 00000000 00:00 0 
7ff6b13f7000-7ff6b13fb000 ---p 00000000 00:00 0 
7ff6b13fb000-7ff6b14f7000 rw-p 00000000 00:00 0 
7ff6b14f7000-7ff6b14fb000 ---p 00000000 00:00 0 
7ff6b14fb000-7ff6b15f7000 rw-p 00000000 00:00 0 
7ff6b15f7000-7ff6b15fb000 ---p 00000000 00:00 0 
7ff6b15fb000-7ff6b16f7000 rw-p 00000000 00:00 0 
7ff6b16f7000-7ff6b16fb000 ---p 00000000 00:00 0 
7ff6b16fb000-7ff6b17f7000 rw-p 00000000 00:00 0 
7ff6b17f7000-7ff6b17fb000 ---p 00000000 00:00 0 
7ff6b17fb000-7ff6b18f7000 rw-p 00000000 00:00 0 
7ff6b18f7000-7ff6b18fb000 ---p 00000000 00:00 0 
7ff6b18fb000-7ff6b19f7000 rw-p 00000000 00:00 0 
7ff6b19f7000-7ff6b19fb000 ---p 00000000 00:00 0 
7ff6b19fb000-7ff6b1af7000 rw-p 00000000 00:00 0 
7ff6b1af7000-7ff6b1afb000 ---p 00000000 00:00 0 
7ff6b1afb000-7ff6b1bf7000 rw-p 00000000 00:00 0 
7ff6b1bf7000-7ff6b1bfb000 ---p 00000000 00:00 0 
7ff6b1bfb000-7ff6b1cf7000 rw-p 00000000 00:00 0 
7ff6b1cf7000-7ff6b1cfb000 ---p 00000000 00:00 0 
7ff6b1cfb000-7ff6b1df7000 rw-p 00000000 00:00 0 
7ff6b1df7000-7ff6b1dfb000 ---p 00000000 00:00 0 
7ff6b1dfb000-7ff6b1ef7000 rw-p 00000000 00:00 0 
7ff6b1ef7000-7ff6b1ef8000 ---p 00000000 00:00 0 
7ff6b1ef8000-7ff6b1ff8000 rw-p 00000000 00:00 0 
7ff6b1ff8000-7ff6b1ff9000 ---p 00000000 00:00 0 
7ff6b1ff9000-7ff6b20f9000 rw-p 00000000 00:00 0 
7ff6b20f9000-7ff6b20fa000 ---p 00000000 00:00 0 
7ff6b20fa000-7ff6b21fa000 rw-p 00000000 00:00 0 
7ff6b21fa000-7ff6b21fb000 ---p 00000000 00:00 0 
7ff6b21fb000-7ff6b22fb000 rw-p 00000000 00:00 0 
7ff6b22fb000-7ff6b22fc000 ---p 00000000 00:00 0 
7ff6b22fc000-7ff6b23fc000 rw-p 00000000 00:00 0 
7ff6b23fc000-7ff6b2400000 ---p 00000000 00:00 0 
7ff6b2400000-7ff6b24fc000 rw-p 00000000 00:00 0 
7ff6b24fc000-7ff6b24fd000 ---p 00000000 00:00 0 
7ff6b24fd000-7ff6b25fd000 rw-p 00000000 00:00 0 
7ff6b25fd000-7ff6b25fe000 ---p 00000000 00:00 0 
7ff6b25fe000-7ff6b26fe000 rw-p 00000000 00:00 0 
7ff6b26fe000-7ff6b26ff000 ---p 00000000 00:00 0 
7ff6b26ff000-7ff6b27ff000 rw-p 00000000 00:00 0 
7ff6b27ff000-7ff6b2803000 ---p 00000000 00:00 0 
7ff6b2803000-7ff6b28ff000 rw-p 00000000 00:00 0 
7ff6b28ff000-7ff6b2903000 ---p 00000000 00:00 0 
7ff6b2903000-7ff6b29ff000 rw-p 00000000 00:00 0 
7ff6b29ff000-7ff6b2a03000 ---p 00000000 00:00 0 
7ff6b2a03000-7ff6b2aff000 rw-p 00000000 00:00 0 
7ff6b2aff000-7ff6b2b00000 ---p 00000000 00:00 0 
7ff6b2b00000-7ff6b2c00000 rw-p 00000000 00:00 0 
7ff6b2c00000-7ff6b2c04000 ---p 00000000 00:00 0 
7ff6b2c04000-7ff6b2d00000 rw-p 00000000 00:00 0 
7ff6b2d00000-7ff6b2d04000 ---p 00000000 00:00 0 
7ff6b2d04000-7ff6b2e00000 rw-p 00000000 00:00 0 
7ff6b2e00000-7ff6b2e04000 ---p 00000000 00:00 0 
7ff6b2e04000-7ff6b2f00000 rw-p 00000000 00:00 0 
7ff6b2f00000-7ff6b2f04000 ---p 00000000 00:00 0 
7ff6b2f04000-7ff6b3400000 rw-p 00000000 00:00 0 
7ff6b3400000-7ff6b41c0000 rw-p 00000000 00:00 0 
7ff6b41c0000-7ff6b4200000 rw-p 00000000 00:00 0 
7ff6b4200000-7ff6b4300000 rw-p 00000000 00:00 0 
7ff6b4300000-7ff6b4400000 rw-p 00000000 00:00 0 
7ff6b4400000-7ff6b4580000 rw-p 00000000 00:00 0 
7ff6b4580000-7ff6b4600000 rw-p 00000000 00:00 0 
7ff6b4600000-7ff6b47c0000 rw-p 00000000 00:00 0 
7ff6b47c0000-7ff6b4900000 rw-p 00000000 00:00 0 
7ff6b4900000-7ff6b4a00000 rw-p 00000000 00:00 0 
7ff6b4a00000-7ff6b4a50000 rw-p 00000000 00:00 0 
7ff6b4a50000-7ff6b4b00000 ---p 00000000 00:00 0 
7ff6b4b00000-7ff6b4b20000 rw-p 00000000 00:00 0 
7ff6b4b20000-7ff6b7000000 ---p 00000000 00:00 0 
7ff6b7000000-7ff6b7bc6000 rw-p 00001000 08:20 22704                      /usr/lib/jvm/java-17-openjdk-amd64/lib/server/classes.jsa
7ff6b7bc6000-7ff6b8000000 ---p 00000000 00:00 0 
7ff6b8000000-7ff6b8040000 rw-p 00000000 00:00 0 
7ff6b8040000-7ff6b8080000 rw-p 00000000 00:00 0 
7ff6b8080000-7ff6b8100000 rw-p 00000000 00:00 0 
7ff6b8100000-7ff6b82c0000 rw-p 00000000 00:00 0 
7ff6b82c0000-7ff6b8300000 rw-p 00000000 00:00 0 
7ff6b8300000-7ff6b83c0000 rw-p 00000000 00:00 0 
7ff6b83c0000-7ff6b83e0000 rw-p 00000000 00:00 0 
7ff6b83e0000-7ff6b8400000 ---p 00000000 00:00 0 
7ff6b8400000-7ff6b8410000 rw-p 00000000 00:00 0 
7ff6b8410000-7ff6f8000000 ---p 00000000 00:00 0 
7ff6f8000000-7ff6f8021000 rw-p 00000000 00:00 0 
7ff6f8021000-7ff6fc000000 ---p 00000000 00:00 0 
7ff6fc000000-7ff6fc021000 rw-p 00000000 00:00 0 
7ff6fc021000-7ff700000000 ---p 00000000 00:00 0 
7ff700000000-7ff700021000 rw-p 00000000 00:00 0 
7ff700021000-7ff704000000 ---p 00000000 00:00 0 
7ff704000000-7ff704021000 rw-p 00000000 00:00 0 
7ff704021000-7ff708000000 ---p 00000000 00:00 0 
7ff708000000-7ff708021000 rw-p 00000000 00:00 0 
7ff708021000-7ff70c000000 ---p 00000000 00:00 0 
7ff70c0a8000-7ff70c0ae000 r--p 00000000 08:20 304982                     /tmp/temp-FlipLib3756491657492605071
7ff70c0ae000-7ff70c0b3000 r-xp 00006000 08:20 304982                     /tmp/temp-FlipLib3756491657492605071
7ff70c0b3000-7ff70c0b5000 r--p 0000b000 08:20 304982                     /tmp/temp-FlipLib3756491657492605071
7ff70c0b5000-7ff70c0b6000 r--p 0000c000 08:20 304982                     /tmp/temp-FlipLib3756491657492605071
7ff70c0b6000-7ff70c0b7000 rw-p 0000d000 08:20 304982                     /tmp/temp-FlipLib3756491657492605071
7ff70c0b7000-7ff70c0bb000 ---p 00000000 00:00 0 
7ff70c0bb000-7ff70c1b7000 rw-p 00000000 00:00 0 
7ff70c1b7000-7ff70c1bb000 ---p 00000000 00:00 0 
7ff70c1bb000-7ff70c2b7000 rw-p 00000000 00:00 0 
7ff70c2b7000-7ff70c2bb000 ---p 00000000 00:00 0 
7ff70c2bb000-7ff70c3b7000 rw-p 00000000 00:00 0 
7ff70c3b7000-7ff70c40e000 r--p 00000000 08:20 21361                      /usr/lib/locale/C.utf8/LC_CTYPE
7ff70c40e000-7ff70c412000 ---p 00000000 00:00 0 
7ff70c412000-7ff70c50e000 rw-p 00000000 00:00 0 
7ff70c50e000-7ff70c512000 ---p 00000000 00:00 0 
7ff70c512000-7ff70c60e000 rw-p 00000000 00:00 0 
7ff70c60e000-7ff70c60f000 ---p 00000000 00:00 0 
7ff70c60f000-7ff70c70f000 rw-p 00000000 00:00 0 
7ff70c70f000-7ff70c714000 r--p 00000000 08:20 18440                      /usr/lib/jvm/java-17-openjdk-amd64/lib/libjsvml.so
7ff70c714000-7ff70c755000 r-xp 00005000 08:20 18440                      /usr/lib/jvm/java-17-openjdk-amd64/lib/libjsvml.so
7ff70c755000-7ff70c7de000 r--p 00046000 08:20 18440                      /usr/lib/jvm/java-17-openjdk-amd64/lib/libjsvml.so
7ff70c7de000-7ff70c7df000 r--p 000ce000 08:20 18440                      /usr/lib/jvm/java-17-openjdk-amd64/lib/libjsvml.so
7ff70c7df000-7ff70c7e0000 rw-p 000cf000 08:20 18440                      /usr/lib/jvm/java-17-openjdk-amd64/lib/libjsvml.so
7ff70c7e0000-7ff70c8bc000 rw-p 00000000 00:00 0 
7ff70c8bc000-7ff70c8bd000 ---p 00000000 00:00 0 
7ff70c8bd000-7ff70c9bd000 rw-p 00000000 00:00 0 
7ff70c9bd000-7ff70c9be000 ---p 00000000 00:00 0 
7ff70c9be000-7ff70f2c6000 rw-p 00000000 00:00 0 
7ff70f2c6000-7ff70f2c7000 ---p 00000000 00:00 0 
7ff70f2c7000-7ff70f3c7000 rw-p 00000000 00:00 0 
7ff70f3c7000-7ff70f3c8000 ---p 00000000 00:00 0 
7ff70f3c8000-7ff70f4c8000 rw-p 00000000 00:00 0 
7ff70f4c8000-7ff70f4c9000 ---p 00000000 00:00 0 
7ff70f4c9000-7ff70f671000 rw-p 00000000 00:00 0 
7ff70f671000-7ff70f6e9000 ---p 00000000 00:00 0 
7ff70f6e9000-7ff70f6ed000 rw-p 00000000 00:00 0 
7ff70f6ed000-7ff7104b9000 ---p 00000000 00:00 0 
7ff7104b9000-7ff710569000 rw-p 00000000 00:00 0 
7ff710569000-7ff7105e1000 ---p 00000000 00:00 0 
7ff7105e1000-7ff7105e5000 rw-p 00000000 00:00 0 
7ff7105e5000-7ff7113b1000 ---p 00000000 00:00 0 
7ff7113b1000-7ff7113ce000 rw-p 00000000 00:00 0 
7ff7113ce000-7ff7113dd000 ---p 00000000 00:00 0 
7ff7113dd000-7ff7113de000 rw-p 00000000 00:00 0 
7ff7113de000-7ff711597000 ---p 00000000 00:00 0 
7ff711597000-7ff711598000 rw-p 00000000 00:00 0 
7ff711598000-7ff711cd8000 rwxp 00000000 00:00 0 
7ff711cd8000-7ff718acf000 ---p 00000000 00:00 0 
7ff718acf000-7ff718d3f000 rwxp 00000000 00:00 0 
7ff718d3f000-7ff719061000 ---p 00000000 00:00 0 
7ff719061000-7ff7192d1000 rwxp 00000000 00:00 0 
7ff7192d1000-7ff720598000 ---p 00000000 00:00 0 
7ff720598000-7ff728000000 r--s 00000000 08:20 19578                      /usr/lib/jvm/java-17-openjdk-amd64/lib/modules
7ff728000000-7ff728b48000 rw-p 00000000 00:00 0 
7ff728b48000-7ff72c000000 ---p 00000000 00:00 0 
7ff72c00e000-7ff72c011000 r--p 00000000 08:20 18314                      /usr/lib/jvm/java-17-openjdk-amd64/lib/libawt_headless.so
7ff72c011000-7ff72c015000 r-xp 00003000 08:20 18314                      /usr/lib/jvm/java-17-openjdk-amd64/lib/libawt_headless.so
7ff72c015000-7ff72c017000 r--p 00007000 08:20 18314                      /usr/lib/jvm/java-17-openjdk-amd64/lib/libawt_headless.so
7ff72c017000-7ff72c018000 r--p 00008000 08:20 18314                      /usr/lib/jvm/java-17-openjdk-amd64/lib/libawt_headless.so
7ff72c018000-7ff72c019000 rw-p 00009000 08:20 18314                      /usr/lib/jvm/java-17-openjdk-amd64/lib/libawt_headless.so
7ff72c019000-7ff72c01b000 r--p 00000000 08:20 18444                      /usr/lib/jvm/java-17-openjdk-amd64/lib/libmanagement_ext.so
7ff72c01b000-7ff72c01e000 r-xp 00002000 08:20 18444                      /usr/lib/jvm/java-17-openjdk-amd64/lib/libmanagement_ext.so
7ff72c01e000-7ff72c020000 r--p 00005000 08:20 18444                      /usr/lib/jvm/java-17-openjdk-amd64/lib/libmanagement_ext.so
7ff72c020000-7ff72c021000 r--p 00006000 08:20 18444                      /usr/lib/jvm/java-17-openjdk-amd64/lib/libmanagement_ext.so
7ff72c021000-7ff72c022000 rw-p 00007000 08:20 18444                      /usr/lib/jvm/java-17-openjdk-amd64/lib/libmanagement_ext.so
7ff72c022000-7ff72c024000 r--p 00000000 08:20 18442                      /usr/lib/jvm/java-17-openjdk-amd64/lib/libmanagement.so
7ff72c024000-7ff72c025000 r-xp 00002000 08:20 18442                      /usr/lib/jvm/java-17-openjdk-amd64/lib/libmanagement.so
7ff72c025000-7ff72c026000 r--p 00003000 08:20 18442                      /usr/lib/jvm/java-17-openjdk-amd64/lib/libmanagement.so
7ff72c026000-7ff72c027000 r--p 00003000 08:20 18442                      /usr/lib/jvm/java-17-openjdk-amd64/lib/libmanagement.so
7ff72c027000-7ff72c028000 rw-p 00004000 08:20 18442                      /usr/lib/jvm/java-17-openjdk-amd64/lib/libmanagement.so
7ff72c028000-7ff72c02c000 r--p 00000000 08:20 18446                      /usr/lib/jvm/java-17-openjdk-amd64/lib/libnet.so
7ff72c02c000-7ff72c03a000 r-xp 00004000 08:20 18446                      /usr/lib/jvm/java-17-openjdk-amd64/lib/libnet.so
7ff72c03a000-7ff72c03e000 r--p 00012000 08:20 18446                      /usr/lib/jvm/java-17-openjdk-amd64/lib/libnet.so
7ff72c03e000-7ff72c03f000 r--p 00015000 08:20 18446                      /usr/lib/jvm/java-17-openjdk-amd64/lib/libnet.so
7ff72c03f000-7ff72c040000 rw-p 00016000 08:20 18446                      /usr/lib/jvm/java-17-openjdk-amd64/lib/libnet.so
7ff72c040000-7ff72c081000 rw-p 00000000 00:00 0 
7ff72c083000-7ff72c084000 r--p 00000000 08:20 18376                      /usr/lib/jvm/java-17-openjdk-amd64/lib/libextnet.so
7ff72c084000-7ff72c085000 r-xp 00001000 08:20 18376                      /usr/lib/jvm/java-17-openjdk-amd64/lib/libextnet.so
7ff72c085000-7ff72c086000 r--p 00002000 08:20 18376                      /usr/lib/jvm/java-17-openjdk-amd64/lib/libextnet.so
7ff72c086000-7ff72c087000 r--p 00002000 08:20 18376                      /usr/lib/jvm/java-17-openjdk-amd64/lib/libextnet.so
7ff72c087000-7ff72c088000 rw-p 00003000 08:20 18376                      /usr/lib/jvm/java-17-openjdk-amd64/lib/libextnet.so
7ff72c088000-7ff72c08a000 r--p 00000000 08:20 19577                      /usr/lib/jvm/java-17-openjdk-amd64/lib/libzip.so
7ff72c08a000-7ff72c08f000 r-xp 00002000 08:20 19577                      /usr/lib/jvm/java-17-openjdk-amd64/lib/libzip.so
7ff72c08f000-7ff72c091000 r--p 00007000 08:20 19577                      /usr/lib/jvm/java-17-openjdk-amd64/lib/libzip.so
7ff72c091000-7ff72c092000 r--p 00008000 08:20 19577                      /usr/lib/jvm/java-17-openjdk-amd64/lib/libzip.so
7ff72c092000-7ff72c093000 rw-p 00009000 08:20 19577                      /usr/lib/jvm/java-17-openjdk-amd64/lib/libzip.so
7ff72c093000-7ff72c09a000 r--p 00000000 08:20 18604                      /usr/lib/jvm/java-17-openjdk-amd64/lib/libnio.so
7ff72c09a000-7ff72c0a3000 r-xp 00007000 08:20 18604                      /usr/lib/jvm/java-17-openjdk-amd64/lib/libnio.so
7ff72c0a3000-7ff72c0a7000 r--p 00010000 08:20 18604                      /usr/lib/jvm/java-17-openjdk-amd64/lib/libnio.so
7ff72c0a7000-7ff72c0a8000 ---p 00014000 08:20 18604                      /usr/lib/jvm/java-17-openjdk-amd64/lib/libnio.so
7ff72c0a8000-7ff72c0a9000 r--p 00014000 08:20 18604                      /usr/lib/jvm/java-17-openjdk-amd64/lib/libnio.so
7ff72c0a9000-7ff72c0aa000 rw-p 00015000 08:20 18604                      /usr/lib/jvm/java-17-openjdk-amd64/lib/libnio.so
7ff72c0aa000-7ff72c0ab000 r--p 00000000 08:20 21368                      /usr/lib/locale/C.utf8/LC_NUMERIC
7ff72c0ab000-7ff72c0ac000 r--p 00000000 08:20 21372                      /usr/lib/locale/C.utf8/LC_TIME
7ff72c0ac000-7ff72c0ad000 r--p 00000000 08:20 21360                      /usr/lib/locale/C.utf8/LC_COLLATE
7ff72c0ad000-7ff72c0ae000 r--p 00000000 08:20 21366                      /usr/lib/locale/C.utf8/LC_MONETARY
7ff72c0ae000-7ff72c0af000 r--p 00000000 08:20 21365                      /usr/lib/locale/C.utf8/LC_MESSAGES/SYS_LC_MESSAGES
7ff72c0af000-7ff72c0b0000 r--p 00000000 08:20 21370                      /usr/lib/locale/C.utf8/LC_PAPER
7ff72c0b0000-7ff72c0b1000 r--p 00000000 08:20 21367                      /usr/lib/locale/C.utf8/LC_NAME
7ff72c0b1000-7ff72c0b8000 r--s 00000000 08:20 32899                      /usr/lib/x86_64-linux-gnu/gconv/gconv-modules.cache
7ff72c0b8000-7ff72c10b000 rw-p 00000000 00:00 0 
7ff72c10b000-7ff72c11a000 ---p 00000000 00:00 0 
7ff72c11a000-7ff72c11b000 rw-p 00000000 00:00 0 
7ff72c11b000-7ff72c2d4000 ---p 00000000 00:00 0 
7ff72c2d4000-7ff72c2ea000 rw-p 00000000 00:00 0 
7ff72c2ea000-7ff72c2f9000 ---p 00000000 00:00 0 
7ff72c2f9000-7ff72c2fa000 rw-p 00000000 00:00 0 
7ff72c2fa000-7ff72c4b3000 ---p 00000000 00:00 0 
7ff72c4b3000-7ff72ccc1000 rw-p 00000000 00:00 0 
7ff72ccc1000-7ff72cda7000 ---p 00000000 00:00 0 
7ff72cda7000-7ff72cdb6000 rw-p 00000000 00:00 0 
7ff72cdb6000-7ff72ce92000 ---p 00000000 00:00 0 
7ff72ce92000-7ff72ce97000 rw-p 00000000 00:00 0 
7ff72ce97000-7ff72ce9e000 ---p 00000000 00:00 0 
7ff72ce9e000-7ff72ceaa000 r--p 00000000 08:20 18433                      /usr/lib/jvm/java-17-openjdk-amd64/lib/libjava.so
7ff72ceaa000-7ff72cebd000 r-xp 0000c000 08:20 18433                      /usr/lib/jvm/java-17-openjdk-amd64/lib/libjava.so
7ff72cebd000-7ff72cec3000 r--p 0001f000 08:20 18433                      /usr/lib/jvm/java-17-openjdk-amd64/lib/libjava.so
7ff72cec3000-7ff72cec4000 r--p 00024000 08:20 18433                      /usr/lib/jvm/java-17-openjdk-amd64/lib/libjava.so
7ff72cec4000-7ff72cec5000 rw-p 00025000 08:20 18433                      /usr/lib/jvm/java-17-openjdk-amd64/lib/libjava.so
7ff72cec5000-7ff72cec6000 rw-p 00000000 00:00 0 
7ff72cec6000-7ff72cece000 rw-s 00000000 08:20 1201                       /tmp/hsperfdata_lokesh/7088
7ff72cece000-7ff72ced0000 r--p 00000000 08:20 18436                      /usr/lib/jvm/java-17-openjdk-amd64/lib/libjimage.so
7ff72ced0000-7ff72ced3000 r-xp 00002000 08:20 18436                      /usr/lib/jvm/java-17-openjdk-amd64/lib/libjimage.so
7ff72ced3000-7ff72ced4000 r--p 00005000 08:20 18436                      /usr/lib/jvm/java-17-openjdk-amd64/lib/libjimage.so
7ff72ced4000-7ff72ced5000 ---p 00006000 08:20 18436                      /usr/lib/jvm/java-17-openjdk-amd64/lib/libjimage.so
7ff72ced5000-7ff72ced6000 r--p 00006000 08:20 18436                      /usr/lib/jvm/java-17-openjdk-amd64/lib/libjimage.so
7ff72ced6000-7ff72ced7000 rw-p 00007000 08:20 18436                      /usr/lib/jvm/java-17-openjdk-amd64/lib/libjimage.so
7ff72ced7000-7ff72cedb000 ---p 00000000 00:00 0 
7ff72cedb000-7ff72cfd7000 rw-p 00000000 00:00 0 
7ff72cfd7000-7ff72cfda000 r--p 00000000 08:20 28279                      /usr/lib/x86_64-linux-gnu/libgcc_s.so.1
7ff72cfda000-7ff72cff1000 r-xp 00003000 08:20 28279                      /usr/lib/x86_64-linux-gnu/libgcc_s.so.1
7ff72cff1000-7ff72cff5000 r--p 0001a000 08:20 28279                      /usr/lib/x86_64-linux-gnu/libgcc_s.so.1
7ff72cff5000-7ff72cff6000 r--p 0001d000 08:20 28279                      /usr/lib/x86_64-linux-gnu/libgcc_s.so.1
7ff72cff6000-7ff72cff7000 rw-p 0001e000 08:20 28279                      /usr/lib/x86_64-linux-gnu/libgcc_s.so.1
7ff72cff7000-7ff72d005000 r--p 00000000 08:20 32620                      /usr/lib/x86_64-linux-gnu/libm.so.6
7ff72d005000-7ff72d081000 r-xp 0000e000 08:20 32620                      /usr/lib/x86_64-linux-gnu/libm.so.6
7ff72d081000-7ff72d0dc000 r--p 0008a000 08:20 32620                      /usr/lib/x86_64-linux-gnu/libm.so.6
7ff72d0dc000-7ff72d0dd000 r--p 000e4000 08:20 32620                      /usr/lib/x86_64-linux-gnu/libm.so.6
7ff72d0dd000-7ff72d0de000 rw-p 000e5000 08:20 32620                      /usr/lib/x86_64-linux-gnu/libm.so.6
7ff72d0de000-7ff72d178000 r--p 00000000 08:20 32117                      /usr/lib/x86_64-linux-gnu/libstdc++.so.6.0.30
7ff72d178000-7ff72d289000 r-xp 0009a000 08:20 32117                      /usr/lib/x86_64-linux-gnu/libstdc++.so.6.0.30
7ff72d289000-7ff72d2f8000 r--p 001ab000 08:20 32117                      /usr/lib/x86_64-linux-gnu/libstdc++.so.6.0.30
7ff72d2f8000-7ff72d2f9000 ---p 0021a000 08:20 32117                      /usr/lib/x86_64-linux-gnu/libstdc++.so.6.0.30
7ff72d2f9000-7ff72d304000 r--p 0021a000 08:20 32117                      /usr/lib/x86_64-linux-gnu/libstdc++.so.6.0.30
7ff72d304000-7ff72d307000 rw-p 00225000 08:20 32117                      /usr/lib/x86_64-linux-gnu/libstdc++.so.6.0.30
7ff72d307000-7ff72d30a000 rw-p 00000000 00:00 0 
7ff72d30a000-7ff72d55b000 r--p 00000000 08:20 22852                      /usr/lib/jvm/java-17-openjdk-amd64/lib/server/libjvm.so
7ff72d55b000-7ff72e2bd000 r-xp 00251000 08:20 22852                      /usr/lib/jvm/java-17-openjdk-amd64/lib/server/libjvm.so
7ff72e2bd000-7ff72e53f000 r--p 00fb3000 08:20 22852                      /usr/lib/jvm/java-17-openjdk-amd64/lib/server/libjvm.so
7ff72e53f000-7ff72e5f7000 r--p 01234000 08:20 22852                      /usr/lib/jvm/java-17-openjdk-amd64/lib/server/libjvm.so
7ff72e5f7000-7ff72e62c000 rw-p 012ec000 08:20 22852                      /usr/lib/jvm/java-17-openjdk-amd64/lib/server/libjvm.so
7ff72e62c000-7ff72e689000 rw-p 00000000 00:00 0 
7ff72e689000-7ff72e6b1000 r--p 00000000 08:20 32617                      /usr/lib/x86_64-linux-gnu/libc.so.6
7ff72e6b1000-7ff72e846000 r-xp 00028000 08:20 32617                      /usr/lib/x86_64-linux-gnu/libc.so.6
7ff72e846000-7ff72e89e000 r--p 001bd000 08:20 32617                      /usr/lib/x86_64-linux-gnu/libc.so.6
7ff72e89e000-7ff72e8a2000 r--p 00214000 08:20 32617                      /usr/lib/x86_64-linux-gnu/libc.so.6
7ff72e8a2000-7ff72e8a4000 rw-p 00218000 08:20 32617                      /usr/lib/x86_64-linux-gnu/libc.so.6
7ff72e8a4000-7ff72e8b1000 rw-p 00000000 00:00 0 
7ff72e8b1000-7ff72e8b3000 r--p 00000000 08:20 18437                      /usr/lib/jvm/java-17-openjdk-amd64/lib/libjli.so
7ff72e8b3000-7ff72e8bd000 r-xp 00002000 08:20 18437                      /usr/lib/jvm/java-17-openjdk-amd64/lib/libjli.so
7ff72e8bd000-7ff72e8c0000 r--p 0000c000 08:20 18437                      /usr/lib/jvm/java-17-openjdk-amd64/lib/libjli.so
7ff72e8c0000-7ff72e8c1000 r--p 0000e000 08:20 18437                      /usr/lib/jvm/java-17-openjdk-amd64/lib/libjli.so
7ff72e8c1000-7ff72e8c2000 rw-p 0000f000 08:20 18437                      /usr/lib/jvm/java-17-openjdk-amd64/lib/libjli.so
7ff72e8c2000-7ff72e8c4000 r--p 00000000 08:20 6877                       /usr/lib/x86_64-linux-gnu/libz.so.1.2.11
7ff72e8c4000-7ff72e8d5000 r-xp 00002000 08:20 6877                       /usr/lib/x86_64-linux-gnu/libz.so.1.2.11
7ff72e8d5000-7ff72e8db000 r--p 00013000 08:20 6877                       /usr/lib/x86_64-linux-gnu/libz.so.1.2.11
7ff72e8db000-7ff72e8dc000 ---p 00019000 08:20 6877                       /usr/lib/x86_64-linux-gnu/libz.so.1.2.11
7ff72e8dc000-7ff72e8dd000 r--p 00019000 08:20 6877                       /usr/lib/x86_64-linux-gnu/libz.so.1.2.11
7ff72e8dd000-7ff72e8de000 rw-p 0001a000 08:20 6877                       /usr/lib/x86_64-linux-gnu/libz.so.1.2.11
7ff72e8de000-7ff72e8df000 r--p 00000000 08:20 21359                      /usr/lib/locale/C.utf8/LC_ADDRESS
7ff72e8df000-7ff72e8e0000 r--p 00000000 08:20 21371                      /usr/lib/locale/C.utf8/LC_TELEPHONE
7ff72e8e0000-7ff72e8e1000 r--p 00000000 08:20 21363                      /usr/lib/locale/C.utf8/LC_MEASUREMENT
7ff72e8e1000-7ff72e8e2000 r--p 00000000 08:20 21362                      /usr/lib/locale/C.utf8/LC_IDENTIFICATION
7ff72e8e2000-7ff72e8e3000 ---p 00000000 00:00 0 
7ff72e8e3000-7ff72e8e4000 r--p 00000000 00:00 0 
7ff72e8e4000-7ff72e8e6000 rw-p 00000000 00:00 0 
7ff72e8e6000-7ff72e8e8000 r--p 00000000 08:20 32614                      /usr/lib/x86_64-linux-gnu/ld-linux-x86-64.so.2
7ff72e8e8000-7ff72e912000 r-xp 00002000 08:20 32614                      /usr/lib/x86_64-linux-gnu/ld-linux-x86-64.so.2
7ff72e912000-7ff72e91d000 r--p 0002c000 08:20 32614                      /usr/lib/x86_64-linux-gnu/ld-linux-x86-64.so.2
7ff72e91d000-7ff72e91e000 ---p 00000000 00:00 0 
7ff72e91e000-7ff72e920000 r--p 00037000 08:20 32614                      /usr/lib/x86_64-linux-gnu/ld-linux-x86-64.so.2
7ff72e920000-7ff72e922000 rw-p 00039000 08:20 32614                      /usr/lib/x86_64-linux-gnu/ld-linux-x86-64.so.2
7ffdac1f9000-7ffdac21a000 rw-p 00000000 00:00 0                          [stack]
7ffdac32e000-7ffdac332000 r--p 00000000 00:00 0                          [vvar]
7ffdac332000-7ffdac334000 r-xp 00000000 00:00 0                          [vdso]


VM Arguments:
java_command: target/imageEffectApplication-0.0.1-SNAPSHOT.jar
java_class_path (initial): target/imageEffectApplication-0.0.1-SNAPSHOT.jar
Launcher Type: SUN_STANDARD

[Global flags]
     intx CICompilerCount                          = 4                                         {product} {ergonomic}
     uint ConcGCThreads                            = 2                                         {product} {ergonomic}
     uint G1ConcRefinementThreads                  = 8                                         {product} {ergonomic}
   size_t G1HeapRegionSize                         = 1048576                                   {product} {ergonomic}
    uintx GCDrainStackTargetSize                   = 64                                        {product} {ergonomic}
   size_t InitialHeapSize                          = 62914560                                  {product} {ergonomic}
   size_t MarkStackSize                            = 4194304                                   {product} {ergonomic}
   size_t MaxHeapSize                              = 1004535808                                {product} {ergonomic}
   size_t MaxNewSize                               = 601882624                                 {product} {ergonomic}
   size_t MinHeapDeltaBytes                        = 1048576                                   {product} {ergonomic}
   size_t MinHeapSize                              = 8388608                                   {product} {ergonomic}
    uintx NonNMethodCodeHeapSize                   = 5839372                                {pd product} {ergonomic}
    uintx NonProfiledCodeHeapSize                  = 122909434                              {pd product} {ergonomic}
    uintx ProfiledCodeHeapSize                     = 122909434                              {pd product} {ergonomic}
    uintx ReservedCodeCacheSize                    = 251658240                              {pd product} {ergonomic}
     bool SegmentedCodeCache                       = true                                      {product} {ergonomic}
   size_t SoftMaxHeapSize                          = 1004535808                             {manageable} {ergonomic}
     bool UseCompressedClassPointers               = true                           {product lp64_product} {ergonomic}
     bool UseCompressedOops                        = true                           {product lp64_product} {ergonomic}
     bool UseG1GC                                  = true                                      {product} {ergonomic}

Logging:
Log output configuration:
 #0: stdout all=warning uptime,level,tags
 #1: stderr all=off uptime,level,tags

Environment Variables:
PATH=/home/lokesh/.nvm/versions/node/v20.10.0/bin:/usr/local/sbin:/usr/local/bin:/usr/sbin:/usr/bin:/sbin:/bin:/usr/games:/usr/local/games:/usr/lib/wsl/lib:/mnt/c/WINDOWS/system32:/mnt/c/WINDOWS:/mnt/c/WINDOWS/System32/Wbem:/mnt/c/WINDOWS/System32/WindowsPowerShell/v1.0/:/mnt/c/WINDOWS/System32/OpenSSH/:/mnt/c/Program Files/MATLAB/R2023a/bin:/mnt/c/Program Files/Git/cmd:/mnt/c/Program Files/Cloudflare/Cloudflare WARP/:/mnt/c/Users/lokes/AppData/Local/Microsoft/WindowsApps:/mnt/c/Users/lokes/AppData/Local/Programs/Microsoft VS Code/bin:/mnt/c/Users/lokes/AppData/Local/GitHubDesktop/bin:/mnt/c/Users/lokes/AppData/Local/JetBrains/Toolbox/scripts:/snap/bin
SHELL=/bin/bash
DISPLAY=:0
HOSTTYPE=x86_64
LANG=C.UTF-8
TERM=xterm-256color

Active Locale:
LC_ALL=C.UTF-8
LC_COLLATE=C.UTF-8
LC_CTYPE=C.UTF-8
LC_MESSAGES=C.UTF-8
LC_MONETARY=C.UTF-8
LC_NUMERIC=C.UTF-8
LC_TIME=C.UTF-8

Signal Handlers:
   SIGSEGV: crash_handler in libjvm.so, mask=11100100010111111101111111111110, flags=SA_RESTART|SA_SIGINFO, unblocked
    SIGBUS: crash_handler in libjvm.so, mask=11100100010111111101111111111110, flags=SA_RESTART|SA_SIGINFO, unblocked
    SIGFPE: crash_handler in libjvm.so, mask=11100100010111111101111111111110, flags=SA_RESTART|SA_SIGINFO, unblocked
   SIGPIPE: javaSignalHandler in libjvm.so, mask=11100100010111111101111111111110, flags=SA_RESTART|SA_SIGINFO, blocked
   SIGXFSZ: javaSignalHandler in libjvm.so, mask=11100100010111111101111111111110, flags=SA_RESTART|SA_SIGINFO, blocked
    SIGILL: crash_handler in libjvm.so, mask=11100100010111111101111111111110, flags=SA_RESTART|SA_SIGINFO, unblocked
   SIGUSR2: SR_handler in libjvm.so, mask=00000000000000000000000000000000, flags=SA_RESTART|SA_SIGINFO, blocked
    SIGHUP: UserHandler in libjvm.so, mask=11100100010111111101111111111110, flags=SA_RESTART|SA_SIGINFO, blocked
    SIGINT: UserHandler in libjvm.so, mask=11100100010111111101111111111110, flags=SA_RESTART|SA_SIGINFO, blocked
   SIGTERM: UserHandler in libjvm.so, mask=11100100010111111101111111111110, flags=SA_RESTART|SA_SIGINFO, blocked
   SIGQUIT: UserHandler in libjvm.so, mask=11100100010111111101111111111110, flags=SA_RESTART|SA_SIGINFO, blocked
   SIGTRAP: crash_handler in libjvm.so, mask=11100100010111111101111111111110, flags=SA_RESTART|SA_SIGINFO, unblocked


Periodic native trim disabled


---------------  S Y S T E M  ---------------

OS:
DISTRIB_ID=Ubuntu
DISTRIB_RELEASE=22.04
DISTRIB_CODENAME=jammy
DISTRIB_DESCRIPTION="Ubuntu 22.04.3 LTS"
uname: Linux 5.15.133.1-microsoft-standard-WSL2 #1 SMP Thu Oct 5 21:02:42 UTC 2023 x86_64
OS uptime: 0 days 5:59 hours
libc: glibc 2.35 NPTL 2.35 
rlimit (soft/hard): STACK 8192k/infinity , CORE 0k/infinity , NPROC 15278/15278 , NOFILE 1048576/1048576 , AS infinity/infinity , CPU infinity/infinity , DATA infinity/infinity , FSIZE infinity/infinity , MEMLOCK 65536k/65536k
load average: 0.05 0.11 0.14

/proc/meminfo:
MemTotal:        3917804 kB
MemFree:         1644088 kB
MemAvailable:    2439736 kB
Buffers:           65872 kB
Cached:           901064 kB
SwapCached:            0 kB
Active:           581488 kB
Inactive:        1332888 kB
Active(anon):       2956 kB
Inactive(anon):   948312 kB
Active(file):     578532 kB
Inactive(file):   384576 kB
Unevictable:           0 kB
Mlocked:               0 kB
SwapTotal:       1048576 kB
SwapFree:        1048576 kB
Dirty:               492 kB
Writeback:             4 kB
AnonPages:        940448 kB
Mapped:           200920 kB
Shmem:              3632 kB
KReclaimable:      64876 kB
Slab:             116372 kB
SReclaimable:      64876 kB
SUnreclaim:        51496 kB
KernelStack:        4752 kB
PageTables:        15372 kB
NFS_Unstable:          0 kB
Bounce:                0 kB
WritebackTmp:          0 kB
CommitLimit:     3007476 kB
Committed_AS:    1212428 kB
VmallocTotal:   34359738367 kB
VmallocUsed:       25532 kB
VmallocChunk:          0 kB
Percpu:             3520 kB
AnonHugePages:    366592 kB
ShmemHugePages:        0 kB
ShmemPmdMapped:        0 kB
FileHugePages:         0 kB
FilePmdMapped:         0 kB
HugePages_Total:       0
HugePages_Free:        0
HugePages_Rsvd:        0
HugePages_Surp:        0
Hugepagesize:       2048 kB
Hugetlb:               0 kB
DirectMap4k:      142336 kB
DirectMap2M:     3954688 kB
DirectMap1G:     8388608 kB

/sys/kernel/mm/transparent_hugepage/enabled: [always] madvise never
/sys/kernel/mm/transparent_hugepage/defrag (defrag/compaction efforts parameter): always defer defer+madvise [madvise] never

Process Memory:
Virtual Size: 5532024K (peak: 5594888K)
Resident Set Size: 177728K (peak: 177728K) (anon: 153884K, file: 23844K, shmem: 0K)
Swapped out: 0K
C-Heap outstanding allocations: 43034K, retained: 37881K
glibc malloc tunables: (default)

/proc/sys/kernel/threads-max (system-wide limit on the number of threads): 30556
/proc/sys/vm/max_map_count (maximum number of memory map areas a process may have): 65530
/proc/sys/kernel/pid_max (system-wide limit on number of process identifiers): 4194304

container (cgroup) information:
container_type: cgroupv1
cpu_cpuset_cpus: 0-7
cpu_memory_nodes: 0
active_processor_count: 8
cpu_quota: no quota
cpu_period: 100000
cpu_shares: no shares
memory_limit_in_bytes: unlimited
memory_and_swap_limit_in_bytes: unlimited
memory_soft_limit_in_bytes: unlimited
memory_usage_in_bytes: 1907796 k
memory_max_usage_in_bytes: 657960 k
kernel_memory_usage_in_bytes: 20116 k
kernel_memory_max_usage_in_bytes: unlimited
kernel_memory_limit_in_bytes: 23876 k
maximum number of tasks: not supported
current number of tasks: not supported

Hyper-V virtualization detected
Steal ticks since vm start: 0
Steal ticks percentage since vm start:  0.000

CPU: total 8 (initial active 8) (4 cores per cpu, 2 threads per core) family 6 model 142 stepping 12 microcode 0xffffffff, cx8, cmov, fxsr, ht, mmx, 3dnowpref, sse, sse2, sse3, ssse3, sse4.1, sse4.2, popcnt, lzcnt, tsc, avx, avx2, aes, erms, clmul, bmi1, bmi2, adx, fma, vzeroupper, clflush, clflushopt, hv
CPU Model and flags from /proc/cpuinfo:
model name	: Intel(R) Core(TM) i5-8265U CPU @ 1.60GHz
flags		: fpu vme de pse tsc msr pae mce cx8 apic sep mtrr pge mca cmov pat pse36 clflush mmx fxsr sse sse2 ss ht syscall nx pdpe1gb rdtscp lm constant_tsc arch_perfmon rep_good nopl xtopology cpuid pni pclmulqdq vmx ssse3 fma cx16 pdcm pcid sse4_1 sse4_2 movbe popcnt aes xsave avx f16c rdrand hypervisor lahf_lm abm 3dnowprefetch invpcid_single ssbd ibrs ibpb stibp ibrs_enhanced tpr_shadow vnmi ept vpid ept_ad fsgsbase bmi1 avx2 smep bmi2 erms invpcid rdseed adx smap clflushopt xsaveopt xsavec xgetbv1 xsaves flush_l1d arch_capabilities

Online cpus: 0-7
Offline cpus: 
BIOS frequency limitation: <Not Available>
Frequency switch latency (ns): <Not Available>
Available cpu frequencies: <Not Available>
Current governor: <Not Available>
Core performance/turbo boost: <Not Available>

Memory: 4k page, physical 3917804k(1644088k free), swap 1048576k(1048576k free)
Page Sizes: 4k

vm_info: OpenJDK 64-Bit Server VM (17.0.9+9-Ubuntu-122.04) for linux-amd64 JRE (17.0.9+9-Ubuntu-122.04), built on Oct 19 2023 08:37:02 by "buildd" with gcc 11.4.0

END.
